#
# A fatal error has been detected by the Java Runtime Environment:
#
#  EXCEPTION_ACCESS_VIOLATION (0xc0000005) at pc=0x00007ffc66616252, pid=85508, tid=89588
#
# JRE version: OpenJDK Runtime Environment (23.0.2+7) (build 23.0.2+7-58)
# Java VM: OpenJDK 64-Bit Server VM (23.0.2+7-58, mixed mode, sharing, tiered, compressed oops, compressed class ptrs, g1 gc, windows-amd64)
# Problematic frame:
# C  [igxelpicd64.dll+0x286252]
#
# No core dump will be written. Minidumps are not enabled by default on client versions of Windows
#
# If you would like to submit a bug report, please visit:
#   https://bugreport.java.com/bugreport/crash.jsp
#

---------------  S U M M A R Y ------------

Command Line: -javaagent:C:\Program Files\JetBrains\IntelliJ IDEA 2024.3.2\lib\idea_rt.jar=59146:C:\Program Files\JetBrains\IntelliJ IDEA 2024.3.2\bin -Dfile.encoding=UTF-8 -Dsun.stdout.encoding=UTF-8 -Dsun.stderr.encoding=UTF-8 ECSStarter

Host: 13th Gen Intel(R) Core(TM) i9-13900HX, 32 cores, 31G,  Windows 11 , 64 bit Build 26100 (10.0.26100.3323)
Time: Wed Apr  9 22:03:24 2025 Mountain Daylight Time elapsed time: 20.931340 seconds (0d 0h 0m 20s)

---------------  T H R E A D  ---------------

Current thread (0x000001ba472f0ae0):  VMThread "VM Thread"          [id=89588, stack(0x000000a18c100000,0x000000a18c200000) (1024K)]

Stack: [0x000000a18c100000,0x000000a18c200000],  sp=0x000000a18c1fdf00,  free space=1015k
Native frames: (J=compiled Java code, j=interpreted, Vv=VM code, C=native code)
C  [igxelpicd64.dll+0x286252]  (no source info available)
C  [igxelpicd64.dll+0x6e31f]  (no source info available)
C  [igxelpicd64.dll+0x2b49ff]  (no source info available)
C  [igxelpicd64.dll+0x17e088]  (no source info available)
C  [igxelpicd64.dll+0x2b8a60]  (no source info available)
C  [igxelpicd64.dll+0x2b8c63]  (no source info available)
C  [igxelpicd64.dll+0x2bd36f]  (no source info available)
C  [igxelpicd64.dll+0x2bd19d]  (no source info available)
C  [igxelpicd64.dll+0x8190eb]  (no source info available)
C  [ntdll.dll+0x12080]  (no source info available)
C  [ntdll.dll+0xbcf60]  (no source info available)
C  [ntdll.dll+0xbc124]  (no source info available)
C  [KERNEL32.DLL+0x418ab]  (no source info available)
C  [ucrtbase.dll+0xa0143]  (no source info available)
V  [jvm.dll+0x6d9b3c]  (no source info available)
V  [jvm.dll+0x6d9670]  (no source info available)
V  [jvm.dll+0x3da724]  (no source info available)
V  [jvm.dll+0x886d50]  (no source info available)
V  [jvm.dll+0x888077]  (no source info available)
V  [jvm.dll+0x8885a8]  (no source info available)
V  [jvm.dll+0x888843]  (no source info available)
V  [jvm.dll+0x8254cb]  (no source info available)
V  [jvm.dll+0x6df345]  (no source info available)
C  [ucrtbase.dll+0x37b0]  (no source info available)
C  [KERNEL32.DLL+0x2e8d7]  (no source info available)
C  [ntdll.dll+0xbbf6c]  (no source info available)


siginfo: EXCEPTION_ACCESS_VIOLATION (0xc0000005), reading address 0x0000000000035bb8


Registers:
RAX=0x000001ba91fb17f8, RBX=0x000001ba91fb16a0, RCX=0x0000000000000000, RDX=0x00000000fffffff1
RSP=0x000000a18c1fdf00, RBP=0x0000000000000000, RSI=0x000001ba91fb1c80, RDI=0x000001ba91ede4a0
R8 =0x0000000000000014, R9 =0x0000000000000001, R10=0x0000000000000000, R11=0x0000000000000246
R12=0x000001ba92707d00, R13=0x000001ba925e6f10, R14=0x0000000000024700, R15=0x0000000000000016
RIP=0x00007ffc66616252, EFLAGS=0x0000000000010202


Register to memory mapping:

RAX=0x000001ba91fb17f8 points into unknown readable memory: 0x00000000000246dc | dc 46 02 00 00 00 00 00
RBX=0x000001ba91fb16a0 points into unknown readable memory: 0x000001ba90170cb0 | b0 0c 17 90 ba 01 00 00
RCX=0x0 is null
RDX=0x00000000fffffff1 is an unknown value
RSP=0x000000a18c1fdf00 points into unknown readable memory: 0x000001ba90506c70 | 70 6c 50 90 ba 01 00 00
RBP=0x0 is null
RSI=0x000001ba91fb1c80 points into unknown readable memory: 0x000001ba925e6f10 | 10 6f 5e 92 ba 01 00 00
RDI=0x000001ba91ede4a0 points into unknown readable memory: 0x000001ba92395000 | 00 50 39 92 ba 01 00 00
R8 =0x0000000000000014 is an unknown value
R9 =0x0000000000000001 is an unknown value
R10=0x0 is null
R11=0x0000000000000246 is an unknown value
R12=0x000001ba92707d00 points into unknown readable memory: 0x0000020000000000 | 00 00 00 00 00 02 00 00
R13=0x000001ba925e6f10 points into unknown readable memory: 0x000001ba90170cb0 | b0 0c 17 90 ba 01 00 00
R14=0x0000000000024700 is an unknown value
R15=0x0000000000000016 is an unknown value

Top of Stack: (sp=0x000000a18c1fdf00)
0x000000a18c1fdf00:   000001ba90506c70 0000000000000000
0x000000a18c1fdf10:   02b113f203397df0 00007ffd25b83814
0x000000a18c1fdf20:   01400004034565ff 114b02f4a9310000
0x000000a18c1fdf30:   ada5028f356300b4 00000141000700cf
0x000000a18c1fdf40:   0000000000000011 000000000002470f
0x000000a18c1fdf50:   0000b8021a800000 000001ba92707d38
0x000000a18c1fdf60:   0000000000000000 0000000000000000
0x000000a18c1fdf70:   000000a18c1fe080 00007ffc663fe31f
0x000000a18c1fdf80:   000001ba90506c70 000001ba91ede4a0
0x000000a18c1fdf90:   0000000200000000 0000000100000000
0x000000a18c1fdfa0:   000000a100000ce0 0000000000000000
0x000000a18c1fdfb0:   0000000000000000 0000002700000000
0x000000a18c1fdfc0:   000000a18c1fe250 0000000000000000
0x000000a18c1fdfd0:   0000000000000000 0000000000000000
0x000000a18c1fdfe0:   0000000000000000 0000000000000000
0x000000a18c1fdff0:   0000000000000000 0000000000000000
0x000000a18c1fe000:   0000000000000000 0000000000000000
0x000000a18c1fe010:   0000000000000001 0000000000000000
0x000000a18c1fe020:   0000000000000000 000001ba95160000
0x000000a18c1fe030:   0000b8021a800000 0000000000000ce0
0x000000a18c1fe040:   0000000000000000 4000254000000001
0x000000a18c1fe050:   0000000000000000 0000000000000000
0x000000a18c1fe060:   0000000000000000 0000000000000000
0x000000a18c1fe070:   0000000000000000 0000000000000000
0x000000a18c1fe080:   0000000000000000 0000000000000000
0x000000a18c1fe090:   0000000000000000 0000000000000000
0x000000a18c1fe0a0:   0000000000000000 0000000000000000
0x000000a18c1fe0b0:   0000000000000000 0000000000000000
0x000000a18c1fe0c0:   0000000000000000 0000000000000000
0x000000a18c1fe0d0:   0000000000000000 0000000000000000
0x000000a18c1fe0e0:   0000000000000000 0000000000000000
0x000000a18c1fe0f0:   0000000000000000 0000000000000000 

Instructions: (pc=0x00007ffc66616252)
0x00007ffc66616152:   8b fa 48 8b e9 48 8b 1d 7a 61 d6 00 48 89 58 08
0x00007ffc66616162:   48 8b cb ff 15 bd b0 8d 00 90 4c 8b af e0 02 00
0x00007ffc66616172:   00 48 8b 05 66 02 c6 00 44 8b b8 d0 0b 00 00 45
0x00007ffc66616182:   33 d2 45 8a f2 4c 89 97 e0 02 00 00 44 89 97 e8
0x00007ffc66616192:   02 00 00 4c 89 97 08 03 00 00 4c 89 97 f0 02 00
0x00007ffc666161a2:   00 48 85 ed 75 38 8b 35 b2 3a d6 00 65 48 8b 04
0x00007ffc666161b2:   25 58 00 00 00 b9 14 00 00 00 48 8b 04 f0 44 38
0x00007ffc666161c2:   14 01 0f 84 e0 09 78 00 65 48 8b 04 25 58 00 00
0x00007ffc666161d2:   00 bd 20 00 00 00 48 8b 04 f0 48 8b 2c 28 48 3b
0x00007ffc666161e2:   2d 91 60 d6 00 45 0f 44 fa 4d 85 ed 0f 84 72 01
0x00007ffc666161f2:   00 00 44 8a a4 24 90 00 00 00 49 8b dd 49 8d b5
0x00007ffc66616202:   e0 05 00 00 4c 8b 2e 45 84 e4 0f 85 37 03 00 00
0x00007ffc66616212:   44 8b 8f 30 02 00 00 48 8b 05 c0 01 c6 00 83 b8
0x00007ffc66616222:   80 03 00 00 02 75 36 41 8d 51 f0 41 83 f9 10 0f
0x00007ffc66616232:   83 62 01 00 00 4a 8d 04 cd 22 00 00 00 49 03 c1
0x00007ffc66616242:   48 8d 04 c3 48 85 c0 0f 85 77 01 00 00 49 8b ca
0x00007ffc66616252:   48 3b 8d b8 5b 03 00 0f 87 58 09 78 00 48 8d 93
0x00007ffc66616262:   10 01 00 00 4c 39 93 60 06 00 00 0f 85 c3 0a 78
0x00007ffc66616272:   00 44 8b 9f 30 02 00 00 48 8b 87 48 02 00 00 4c
0x00007ffc66616282:   8b 10 44 8b 87 30 02 00 00 41 83 f8 10 0f 83 3a
0x00007ffc66616292:   01 00 00 4b 8d 0c c0 48 8d 04 ca 48 85 c0 0f 85
0x00007ffc666162a2:   5a 01 00 00 33 c9 49 3b ca 0f 86 58 01 00 00 45
0x00007ffc666162b2:   33 d2 48 8b 87 e0 02 00 00 48 89 06 48 89 9f e0
0x00007ffc666162c2:   02 00 00 ff 87 e8 02 00 00 48 8b 43 08 48 8b 88
0x00007ffc666162d2:   18 01 00 00 48 01 8f 08 03 00 00 48 8b 43 08 48
0x00007ffc666162e2:   8b 88 18 01 00 00 48 81 e1 00 00 ff ff 48 81 c1
0x00007ffc666162f2:   00 00 01 00 48 01 8f f0 02 00 00 eb 45 48 8b d3
0x00007ffc66616302:   41 8b cb e8 96 8f de ff 45 33 d2 84 c0 75 a3 44
0x00007ffc66616312:   38 53 1c 0f 84 2e 02 00 00 48 8b 87 70 03 00 00
0x00007ffc66616322:   48 03 87 08 03 00 00 48 3b 87 10 03 00 00 0f 83
0x00007ffc66616332:   2c 0a 78 00 48 8b d3 48 8b cf e8 af f0 ff ff 45
0x00007ffc66616342:   33 d2 4d 85 ed 0f 85 af fe ff ff 45 84 f6 44 8a 


Stack slot to memory mapping:

stack at sp + 0 slots: 0x000001ba90506c70 points into unknown readable memory: 0xffffffffffffffff | ff ff ff ff ff ff ff ff
stack at sp + 1 slots: 0x0 is null
stack at sp + 2 slots: 0x02b113f203397df0 is an unknown value
stack at sp + 3 slots: 0x00007ffd25b83814 ntdll.dll
stack at sp + 4 slots: 0x01400004034565ff is an unknown value
stack at sp + 5 slots: 0x114b02f4a9310000 is an unknown value
stack at sp + 6 slots: 0xada5028f356300b4 is an unknown value
stack at sp + 7 slots: 0x00000141000700cf is an unknown value

VM_Operation (0x000000a18cdff3d0): Exit, mode: safepoint, requested by thread 0x000001ba9ceee580


---------------  P R O C E S S  ---------------

Threads class SMR info:
_java_thread_list=0x000001ba904062c0, length=19, elements={
0x000001ba2458fbd0, 0x000001ba47308410, 0x000001ba4730b480, 0x000001ba4ac320e0,
0x000001ba4ac34e40, 0x000001ba4ac5dfb0, 0x000001ba4ac5f2a0, 0x000001ba4ac5fe80,
0x000001ba4adc9350, 0x000001ba9011a000, 0x000001ba9011a670, 0x000001ba91fb4b20,
0x000001ba91fb30e0, 0x000001ba922175d0, 0x000001ba922147e0, 0x000001ba921bf230,
0x000001ba921bf8c0, 0x000001ba921bff50, 0x000001ba9ceee580
}

Java Threads: ( => current thread )
  0x000001ba2458fbd0 JavaThread "main"                              [_thread_blocked, id=97808, stack(0x000000a18ba00000,0x000000a18bb00000) (1024K)]
  0x000001ba47308410 JavaThread "Reference Handler"          daemon [_thread_blocked, id=106188, stack(0x000000a18c200000,0x000000a18c300000) (1024K)]
  0x000001ba4730b480 JavaThread "Finalizer"                  daemon [_thread_blocked, id=113416, stack(0x000000a18c300000,0x000000a18c400000) (1024K)]
  0x000001ba4ac320e0 JavaThread "Attach Listener"            daemon [_thread_blocked, id=97120, stack(0x000000a18c500000,0x000000a18c600000) (1024K)]
  0x000001ba4ac34e40 JavaThread "Service Thread"             daemon [_thread_blocked, id=85140, stack(0x000000a18c600000,0x000000a18c700000) (1024K)]
  0x000001ba4ac5dfb0 JavaThread "Monitor Deflation Thread"   daemon [_thread_blocked, id=101284, stack(0x000000a18c700000,0x000000a18c800000) (1024K)]
  0x000001ba4ac5f2a0 JavaThread "C2 CompilerThread0"         daemon [_thread_blocked, id=69568, stack(0x000000a18c800000,0x000000a18c900000) (1024K)]
  0x000001ba4ac5fe80 JavaThread "C1 CompilerThread0"         daemon [_thread_blocked, id=105416, stack(0x000000a18c900000,0x000000a18ca00000) (1024K)]
  0x000001ba4adc9350 JavaThread "Common-Cleaner"             daemon [_thread_blocked, id=86232, stack(0x000000a18cb00000,0x000000a18cc00000) (1024K)]
  0x000001ba9011a000 JavaThread "Monitor Ctrl-Break"         daemon [_thread_in_native, id=100644, stack(0x000000a18d100000,0x000000a18d200000) (1024K)]
  0x000001ba9011a670 JavaThread "Notification Thread"        daemon [_thread_blocked, id=102312, stack(0x000000a18d200000,0x000000a18d300000) (1024K)]
  0x000001ba91fb4b20 JavaThread "RMI TCP Accept-0"           daemon [_thread_in_native, id=102440, stack(0x000000a18dd00000,0x000000a18de00000) (1024K)]
  0x000001ba91fb30e0 JavaThread "RMI TCP Connection(1)-26.95.160.147" daemon [_thread_in_native, id=114548, stack(0x000000a18de00000,0x000000a18df00000) (1024K)]
  0x000001ba922175d0 JavaThread "RMI Scheduler(0)"           daemon [_thread_blocked, id=114424, stack(0x000000a18df00000,0x000000a18e000000) (1024K)]
  0x000001ba922147e0 JavaThread "JMX server connection timeout 37" daemon [_thread_blocked, id=92544, stack(0x000000a18e000000,0x000000a18e100000) (1024K)]
  0x000001ba921bf230 JavaThread "Thread-0"                          [_thread_blocked, id=114620, stack(0x000000a18e100000,0x000000a18e200000) (1024K)]
  0x000001ba921bf8c0 JavaThread "Thread-1"                          [_thread_blocked, id=96788, stack(0x000000a18ed00000,0x000000a18ee00000) (1024K)]
  0x000001ba921bff50 JavaThread "Java2D Disposer"            daemon [_thread_blocked, id=112268, stack(0x000000a18ee00000,0x000000a18ef00000) (1024K)]
  0x000001ba9ceee580 JavaThread "SIGINT handler"             daemon [_thread_blocked, id=113304, stack(0x000000a18cd00000,0x000000a18ce00000) (1024K)]
Total: 19

Other Threads:
=>0x000001ba472f0ae0 VMThread "VM Thread"                           [id=89588, stack(0x000000a18c100000,0x000000a18c200000) (1024K)]
  0x000001ba4714f950 WorkerThread "GC Thread#0"                     [id=113620, stack(0x000000a18bb00000,0x000000a18bc00000) (1024K)]
  0x000001ba92b77840 WorkerThread "GC Thread#1"                     [id=88960, stack(0x000000a18e200000,0x000000a18e300000) (1024K)]
  0x000001ba92b770e0 WorkerThread "GC Thread#2"                     [id=106884, stack(0x000000a18e300000,0x000000a18e400000) (1024K)]
  0x000001ba92b77bf0 WorkerThread "GC Thread#3"                     [id=101060, stack(0x000000a18e400000,0x000000a18e500000) (1024K)]
  0x000001ba92b76d30 WorkerThread "GC Thread#4"                     [id=101508, stack(0x000000a18e500000,0x000000a18e600000) (1024K)]
  0x000001ba92b76220 WorkerThread "GC Thread#5"                     [id=113144, stack(0x000000a18e600000,0x000000a18e700000) (1024K)]
  0x000001ba92b77490 WorkerThread "GC Thread#6"                     [id=108500, stack(0x000000a18e700000,0x000000a18e800000) (1024K)]
  0x000001ba92b765d0 WorkerThread "GC Thread#7"                     [id=99416, stack(0x000000a18e800000,0x000000a18e900000) (1024K)]
  0x000001ba92b76980 WorkerThread "GC Thread#8"                     [id=104268, stack(0x000000a18e900000,0x000000a18ea00000) (1024K)]
  0x000001ba92a27210 WorkerThread "GC Thread#9"                     [id=114384, stack(0x000000a18ea00000,0x000000a18eb00000) (1024K)]
  0x000001ba92a27970 WorkerThread "GC Thread#10"                    [id=114616, stack(0x000000a18eb00000,0x000000a18ec00000) (1024K)]
  0x000001ba92a275c0 WorkerThread "GC Thread#11"                    [id=113340, stack(0x000000a18ec00000,0x000000a18ed00000) (1024K)]
  0x000001ba92a24d30 WorkerThread "GC Thread#12"                    [id=79972, stack(0x000000a18ef00000,0x000000a18f000000) (1024K)]
  0x000001ba9cc92ce0 WorkerThread "GC Thread#13"                    [id=65580, stack(0x000000a18ca00000,0x000000a18cb00000) (1024K)]
  0x000001ba9cc93440 WorkerThread "GC Thread#14"                    [id=104960, stack(0x000000a18cc00000,0x000000a18cd00000) (1024K)]
  0x000001ba24610e10 ConcurrentGCThread "G1 Main Marker"            terminated
  0x000001ba24611730 WorkerThread "G1 Conc#0"                       [id=107792, stack(0x000000a18bd00000,0x000000a18be00000) (1024K)]
  0x000001ba47217480 ConcurrentGCThread "G1 Refine#0"               terminated
  0x000001ba47217ea0 ConcurrentGCThread "G1 Service"                terminated
Total: 20

Threads with active compile tasks:
Total: 0

VM state: at safepoint (shutting down)

VM Mutex/Monitor currently owned by a thread:  ([mutex/lock_event])
[0x00007ffcba1f4888] Threads_lock - owner thread: 0x000001ba472f0ae0
[0x00007ffcba1f4988] Heap_lock - owner thread: 0x000001ba9ceee580

Heap address: 0x0000000604000000, size: 8128 MB, Compressed Oops mode: Zero based, Oop shift amount: 3

CDS archive(s) mapped at: [0x000001ba4b000000-0x000001ba4bd70000-0x000001ba4bd70000), size 14090240, SharedBaseAddress: 0x000001ba4b000000, ArchiveRelocationMode: 1.
Compressed class space mapped at: 0x000001ba4c000000-0x000001ba8c000000, reserved size: 1073741824
Narrow klass base: 0x000001ba4b000000, Narrow klass shift: 0, Narrow klass range: 0x41000000

GC Precious Log:
 CardTable entry size: 512
 Card Set container configuration: InlinePtr #cards 4 size 8 Array Of Cards #cards 32 size 80 Howl #buckets 8 coarsen threshold 7372 Howl Bitmap #cards 1024 size 144 coarsen threshold 921 Card regions per heap region 1 cards per card region 8192
 CPUs: 32 total, 32 available
 Memory: 32503M
 Large Page Support: Disabled
 NUMA Support: Disabled
 Compressed Oops: Enabled (Zero based)
 Heap Region Size: 4M
 Heap Min Capacity: 8M
 Heap Initial Capacity: 508M
 Heap Max Capacity: 8128M
 Pre-touch: Disabled
 Parallel Workers: 23
 Concurrent Workers: 6
 Concurrent Refinement Workers: 23
 Periodic GC: Disabled

Heap:
 garbage-first heap   total reserved 8323072K, committed 520192K, used 62764K [0x0000000604000000, 0x0000000800000000)
  region size 4096K, 9 young (36864K), 1 survivors (4096K)
 Metaspace       used 16293K, committed 16640K, reserved 1114112K
  class space    used 1415K, committed 1600K, reserved 1048576K

Heap Regions: E=young(eden), S=young(survivor), O=old, HS=humongous(starts), HC=humongous(continues), CS=collection set, F=free, TAMS=top-at-mark-start, PB=parsable bottom
|   0|0x0000000604000000, 0x00000006043c31c0, 0x0000000604400000| 94%| O|  |TAMS 0x0000000604000000| PB 0x0000000604000000| Untracked |  0
|   1|0x0000000604400000, 0x0000000604400000, 0x0000000604800000|  0%| F|  |TAMS 0x0000000604400000| PB 0x0000000604400000| Untracked |  0
|   2|0x0000000604800000, 0x0000000604c00000, 0x0000000604c00000|100%|HS|  |TAMS 0x0000000604800000| PB 0x0000000604800000| Complete |  0
|   3|0x0000000604c00000, 0x0000000605000000, 0x0000000605000000|100%|HS|  |TAMS 0x0000000604c00000| PB 0x0000000604c00000| Complete |  0
|   4|0x0000000605000000, 0x0000000605400000, 0x0000000605400000|100%|HS|  |TAMS 0x0000000605000000| PB 0x0000000605000000| Complete |  0
|   5|0x0000000605400000, 0x0000000605800000, 0x0000000605800000|100%|HS|  |TAMS 0x0000000605400000| PB 0x0000000605400000| Complete |  0
|   6|0x0000000605800000, 0x0000000605c00000, 0x0000000605c00000|100%|HS|  |TAMS 0x0000000605800000| PB 0x0000000605800000| Complete |  0
|   7|0x0000000605c00000, 0x0000000606000000, 0x0000000606000000|100%|HS|  |TAMS 0x0000000605c00000| PB 0x0000000605c00000| Complete |  0
|   8|0x0000000606000000, 0x0000000606400000, 0x0000000606400000|100%|HS|  |TAMS 0x0000000606000000| PB 0x0000000606000000| Complete |  0
|   9|0x0000000606400000, 0x0000000606400000, 0x0000000606800000|  0%| F|  |TAMS 0x0000000606400000| PB 0x0000000606400000| Untracked |  0
|  10|0x0000000606800000, 0x0000000606800000, 0x0000000606c00000|  0%| F|  |TAMS 0x0000000606800000| PB 0x0000000606800000| Untracked |  0
|  11|0x0000000606c00000, 0x0000000606c00000, 0x0000000607000000|  0%| F|  |TAMS 0x0000000606c00000| PB 0x0000000606c00000| Untracked |  0
|  12|0x0000000607000000, 0x0000000607000000, 0x0000000607400000|  0%| F|  |TAMS 0x0000000607000000| PB 0x0000000607000000| Untracked |  0
|  13|0x0000000607400000, 0x0000000607400000, 0x0000000607800000|  0%| F|  |TAMS 0x0000000607400000| PB 0x0000000607400000| Untracked |  0
|  14|0x0000000607800000, 0x0000000607800000, 0x0000000607c00000|  0%| F|  |TAMS 0x0000000607800000| PB 0x0000000607800000| Untracked |  0
|  15|0x0000000607c00000, 0x0000000607c00000, 0x0000000608000000|  0%| F|  |TAMS 0x0000000607c00000| PB 0x0000000607c00000| Untracked |  0
|  16|0x0000000608000000, 0x0000000608000000, 0x0000000608400000|  0%| F|  |TAMS 0x0000000608000000| PB 0x0000000608000000| Untracked |  0
|  17|0x0000000608400000, 0x0000000608400000, 0x0000000608800000|  0%| F|  |TAMS 0x0000000608400000| PB 0x0000000608400000| Untracked |  0
|  18|0x0000000608800000, 0x0000000608800000, 0x0000000608c00000|  0%| F|  |TAMS 0x0000000608800000| PB 0x0000000608800000| Untracked |  0
|  19|0x0000000608c00000, 0x0000000608c00000, 0x0000000609000000|  0%| F|  |TAMS 0x0000000608c00000| PB 0x0000000608c00000| Untracked |  0
|  20|0x0000000609000000, 0x0000000609000000, 0x0000000609400000|  0%| F|  |TAMS 0x0000000609000000| PB 0x0000000609000000| Untracked |  0
|  21|0x0000000609400000, 0x0000000609400000, 0x0000000609800000|  0%| F|  |TAMS 0x0000000609400000| PB 0x0000000609400000| Untracked |  0
|  22|0x0000000609800000, 0x0000000609800000, 0x0000000609c00000|  0%| F|  |TAMS 0x0000000609800000| PB 0x0000000609800000| Untracked |  0
|  23|0x0000000609c00000, 0x0000000609c00000, 0x000000060a000000|  0%| F|  |TAMS 0x0000000609c00000| PB 0x0000000609c00000| Untracked |  0
|  24|0x000000060a000000, 0x000000060a000000, 0x000000060a400000|  0%| F|  |TAMS 0x000000060a000000| PB 0x000000060a000000| Untracked |  0
|  25|0x000000060a400000, 0x000000060a400000, 0x000000060a800000|  0%| F|  |TAMS 0x000000060a400000| PB 0x000000060a400000| Untracked |  0
|  26|0x000000060a800000, 0x000000060a800000, 0x000000060ac00000|  0%| F|  |TAMS 0x000000060a800000| PB 0x000000060a800000| Untracked |  0
|  27|0x000000060ac00000, 0x000000060ac00000, 0x000000060b000000|  0%| F|  |TAMS 0x000000060ac00000| PB 0x000000060ac00000| Untracked |  0
|  28|0x000000060b000000, 0x000000060b000000, 0x000000060b400000|  0%| F|  |TAMS 0x000000060b000000| PB 0x000000060b000000| Untracked |  0
|  29|0x000000060b400000, 0x000000060b400000, 0x000000060b800000|  0%| F|  |TAMS 0x000000060b400000| PB 0x000000060b400000| Untracked |  0
|  30|0x000000060b800000, 0x000000060b800000, 0x000000060bc00000|  0%| F|  |TAMS 0x000000060b800000| PB 0x000000060b800000| Untracked |  0
|  31|0x000000060bc00000, 0x000000060bc00000, 0x000000060c000000|  0%| F|  |TAMS 0x000000060bc00000| PB 0x000000060bc00000| Untracked |  0
|  32|0x000000060c000000, 0x000000060c000000, 0x000000060c400000|  0%| F|  |TAMS 0x000000060c000000| PB 0x000000060c000000| Untracked |  0
|  33|0x000000060c400000, 0x000000060c400000, 0x000000060c800000|  0%| F|  |TAMS 0x000000060c400000| PB 0x000000060c400000| Untracked |  0
|  34|0x000000060c800000, 0x000000060c800000, 0x000000060cc00000|  0%| F|  |TAMS 0x000000060c800000| PB 0x000000060c800000| Untracked |  0
|  35|0x000000060cc00000, 0x000000060cc00000, 0x000000060d000000|  0%| F|  |TAMS 0x000000060cc00000| PB 0x000000060cc00000| Untracked |  0
|  36|0x000000060d000000, 0x000000060d000000, 0x000000060d400000|  0%| F|  |TAMS 0x000000060d000000| PB 0x000000060d000000| Untracked |  0
|  37|0x000000060d400000, 0x000000060d400000, 0x000000060d800000|  0%| F|  |TAMS 0x000000060d400000| PB 0x000000060d400000| Untracked |  0
|  38|0x000000060d800000, 0x000000060d800000, 0x000000060dc00000|  0%| F|  |TAMS 0x000000060d800000| PB 0x000000060d800000| Untracked |  0
|  39|0x000000060dc00000, 0x000000060dc00000, 0x000000060e000000|  0%| F|  |TAMS 0x000000060dc00000| PB 0x000000060dc00000| Untracked |  0
|  40|0x000000060e000000, 0x000000060e000000, 0x000000060e400000|  0%| F|  |TAMS 0x000000060e000000| PB 0x000000060e000000| Untracked |  0
|  41|0x000000060e400000, 0x000000060e400000, 0x000000060e800000|  0%| F|  |TAMS 0x000000060e400000| PB 0x000000060e400000| Untracked |  0
|  42|0x000000060e800000, 0x000000060e800000, 0x000000060ec00000|  0%| F|  |TAMS 0x000000060e800000| PB 0x000000060e800000| Untracked |  0
|  43|0x000000060ec00000, 0x000000060ec00000, 0x000000060f000000|  0%| F|  |TAMS 0x000000060ec00000| PB 0x000000060ec00000| Untracked |  0
|  44|0x000000060f000000, 0x000000060f000000, 0x000000060f400000|  0%| F|  |TAMS 0x000000060f000000| PB 0x000000060f000000| Untracked |  0
|  45|0x000000060f400000, 0x000000060f400000, 0x000000060f800000|  0%| F|  |TAMS 0x000000060f400000| PB 0x000000060f400000| Untracked |  0
|  46|0x000000060f800000, 0x000000060f800000, 0x000000060fc00000|  0%| F|  |TAMS 0x000000060f800000| PB 0x000000060f800000| Untracked |  0
|  47|0x000000060fc00000, 0x000000060fc00000, 0x0000000610000000|  0%| F|  |TAMS 0x000000060fc00000| PB 0x000000060fc00000| Untracked |  0
|  48|0x0000000610000000, 0x0000000610000000, 0x0000000610400000|  0%| F|  |TAMS 0x0000000610000000| PB 0x0000000610000000| Untracked |  0
|  49|0x0000000610400000, 0x0000000610400000, 0x0000000610800000|  0%| F|  |TAMS 0x0000000610400000| PB 0x0000000610400000| Untracked |  0
|  50|0x0000000610800000, 0x0000000610800000, 0x0000000610c00000|  0%| F|  |TAMS 0x0000000610800000| PB 0x0000000610800000| Untracked |  0
|  51|0x0000000610c00000, 0x0000000610c00000, 0x0000000611000000|  0%| F|  |TAMS 0x0000000610c00000| PB 0x0000000610c00000| Untracked |  0
|  52|0x0000000611000000, 0x0000000611000000, 0x0000000611400000|  0%| F|  |TAMS 0x0000000611000000| PB 0x0000000611000000| Untracked |  0
|  53|0x0000000611400000, 0x0000000611400000, 0x0000000611800000|  0%| F|  |TAMS 0x0000000611400000| PB 0x0000000611400000| Untracked |  0
|  54|0x0000000611800000, 0x0000000611800000, 0x0000000611c00000|  0%| F|  |TAMS 0x0000000611800000| PB 0x0000000611800000| Untracked |  0
|  55|0x0000000611c00000, 0x0000000611c00000, 0x0000000612000000|  0%| F|  |TAMS 0x0000000611c00000| PB 0x0000000611c00000| Untracked |  0
|  56|0x0000000612000000, 0x0000000612000000, 0x0000000612400000|  0%| F|  |TAMS 0x0000000612000000| PB 0x0000000612000000| Untracked |  0
|  57|0x0000000612400000, 0x0000000612400000, 0x0000000612800000|  0%| F|  |TAMS 0x0000000612400000| PB 0x0000000612400000| Untracked |  0
|  58|0x0000000612800000, 0x0000000612800000, 0x0000000612c00000|  0%| F|  |TAMS 0x0000000612800000| PB 0x0000000612800000| Untracked |  0
|  59|0x0000000612c00000, 0x0000000612c00000, 0x0000000613000000|  0%| F|  |TAMS 0x0000000612c00000| PB 0x0000000612c00000| Untracked |  0
|  60|0x0000000613000000, 0x0000000613000000, 0x0000000613400000|  0%| F|  |TAMS 0x0000000613000000| PB 0x0000000613000000| Untracked |  0
|  61|0x0000000613400000, 0x0000000613400000, 0x0000000613800000|  0%| F|  |TAMS 0x0000000613400000| PB 0x0000000613400000| Untracked |  0
|  62|0x0000000613800000, 0x0000000613800000, 0x0000000613c00000|  0%| F|  |TAMS 0x0000000613800000| PB 0x0000000613800000| Untracked |  0
|  63|0x0000000613c00000, 0x0000000613c00000, 0x0000000614000000|  0%| F|  |TAMS 0x0000000613c00000| PB 0x0000000613c00000| Untracked |  0
|  64|0x0000000614000000, 0x0000000614000000, 0x0000000614400000|  0%| F|  |TAMS 0x0000000614000000| PB 0x0000000614000000| Untracked |  0
|  65|0x0000000614400000, 0x0000000614400000, 0x0000000614800000|  0%| F|  |TAMS 0x0000000614400000| PB 0x0000000614400000| Untracked |  0
|  66|0x0000000614800000, 0x0000000614800000, 0x0000000614c00000|  0%| F|  |TAMS 0x0000000614800000| PB 0x0000000614800000| Untracked |  0
|  67|0x0000000614c00000, 0x0000000614c00000, 0x0000000615000000|  0%| F|  |TAMS 0x0000000614c00000| PB 0x0000000614c00000| Untracked |  0
|  68|0x0000000615000000, 0x0000000615000000, 0x0000000615400000|  0%| F|  |TAMS 0x0000000615000000| PB 0x0000000615000000| Untracked |  0
|  69|0x0000000615400000, 0x0000000615400000, 0x0000000615800000|  0%| F|  |TAMS 0x0000000615400000| PB 0x0000000615400000| Untracked |  0
|  70|0x0000000615800000, 0x0000000615800000, 0x0000000615c00000|  0%| F|  |TAMS 0x0000000615800000| PB 0x0000000615800000| Untracked |  0
|  71|0x0000000615c00000, 0x0000000615c00000, 0x0000000616000000|  0%| F|  |TAMS 0x0000000615c00000| PB 0x0000000615c00000| Untracked |  0
|  72|0x0000000616000000, 0x0000000616000000, 0x0000000616400000|  0%| F|  |TAMS 0x0000000616000000| PB 0x0000000616000000| Untracked |  0
|  73|0x0000000616400000, 0x0000000616400000, 0x0000000616800000|  0%| F|  |TAMS 0x0000000616400000| PB 0x0000000616400000| Untracked |  0
|  74|0x0000000616800000, 0x0000000616800000, 0x0000000616c00000|  0%| F|  |TAMS 0x0000000616800000| PB 0x0000000616800000| Untracked |  0
|  75|0x0000000616c00000, 0x0000000616c00000, 0x0000000617000000|  0%| F|  |TAMS 0x0000000616c00000| PB 0x0000000616c00000| Untracked |  0
|  76|0x0000000617000000, 0x0000000617000000, 0x0000000617400000|  0%| F|  |TAMS 0x0000000617000000| PB 0x0000000617000000| Untracked |  0
|  77|0x0000000617400000, 0x0000000617400000, 0x0000000617800000|  0%| F|  |TAMS 0x0000000617400000| PB 0x0000000617400000| Untracked |  0
|  78|0x0000000617800000, 0x0000000617800000, 0x0000000617c00000|  0%| F|  |TAMS 0x0000000617800000| PB 0x0000000617800000| Untracked |  0
|  79|0x0000000617c00000, 0x0000000617c00000, 0x0000000618000000|  0%| F|  |TAMS 0x0000000617c00000| PB 0x0000000617c00000| Untracked |  0
|  80|0x0000000618000000, 0x0000000618000000, 0x0000000618400000|  0%| F|  |TAMS 0x0000000618000000| PB 0x0000000618000000| Untracked |  0
|  81|0x0000000618400000, 0x0000000618400000, 0x0000000618800000|  0%| F|  |TAMS 0x0000000618400000| PB 0x0000000618400000| Untracked |  0
|  82|0x0000000618800000, 0x0000000618800000, 0x0000000618c00000|  0%| F|  |TAMS 0x0000000618800000| PB 0x0000000618800000| Untracked |  0
|  83|0x0000000618c00000, 0x0000000618c00000, 0x0000000619000000|  0%| F|  |TAMS 0x0000000618c00000| PB 0x0000000618c00000| Untracked |  0
|  84|0x0000000619000000, 0x0000000619000000, 0x0000000619400000|  0%| F|  |TAMS 0x0000000619000000| PB 0x0000000619000000| Untracked |  0
|  85|0x0000000619400000, 0x0000000619400000, 0x0000000619800000|  0%| F|  |TAMS 0x0000000619400000| PB 0x0000000619400000| Untracked |  0
|  86|0x0000000619800000, 0x0000000619800000, 0x0000000619c00000|  0%| F|  |TAMS 0x0000000619800000| PB 0x0000000619800000| Untracked |  0
|  87|0x0000000619c00000, 0x0000000619c00000, 0x000000061a000000|  0%| F|  |TAMS 0x0000000619c00000| PB 0x0000000619c00000| Untracked |  0
|  88|0x000000061a000000, 0x000000061a000000, 0x000000061a400000|  0%| F|  |TAMS 0x000000061a000000| PB 0x000000061a000000| Untracked |  0
|  89|0x000000061a400000, 0x000000061a400000, 0x000000061a800000|  0%| F|  |TAMS 0x000000061a400000| PB 0x000000061a400000| Untracked |  0
|  90|0x000000061a800000, 0x000000061a800000, 0x000000061ac00000|  0%| F|  |TAMS 0x000000061a800000| PB 0x000000061a800000| Untracked |  0
|  91|0x000000061ac00000, 0x000000061ac00000, 0x000000061b000000|  0%| F|  |TAMS 0x000000061ac00000| PB 0x000000061ac00000| Untracked |  0
|  92|0x000000061b000000, 0x000000061b000000, 0x000000061b400000|  0%| F|  |TAMS 0x000000061b000000| PB 0x000000061b000000| Untracked |  0
|  93|0x000000061b400000, 0x000000061b400000, 0x000000061b800000|  0%| F|  |TAMS 0x000000061b400000| PB 0x000000061b400000| Untracked |  0
|  94|0x000000061b800000, 0x000000061b800000, 0x000000061bc00000|  0%| F|  |TAMS 0x000000061b800000| PB 0x000000061b800000| Untracked |  0
|  95|0x000000061bc00000, 0x000000061bc00000, 0x000000061c000000|  0%| F|  |TAMS 0x000000061bc00000| PB 0x000000061bc00000| Untracked |  0
|  96|0x000000061c000000, 0x000000061c000000, 0x000000061c400000|  0%| F|  |TAMS 0x000000061c000000| PB 0x000000061c000000| Untracked |  0
|  97|0x000000061c400000, 0x000000061c400000, 0x000000061c800000|  0%| F|  |TAMS 0x000000061c400000| PB 0x000000061c400000| Untracked |  0
|  98|0x000000061c800000, 0x000000061c800000, 0x000000061cc00000|  0%| F|  |TAMS 0x000000061c800000| PB 0x000000061c800000| Untracked |  0
|  99|0x000000061cc00000, 0x000000061cc00000, 0x000000061d000000|  0%| F|  |TAMS 0x000000061cc00000| PB 0x000000061cc00000| Untracked |  0
| 100|0x000000061d000000, 0x000000061d000000, 0x000000061d400000|  0%| F|  |TAMS 0x000000061d000000| PB 0x000000061d000000| Untracked |  0
| 101|0x000000061d400000, 0x000000061d400000, 0x000000061d800000|  0%| F|  |TAMS 0x000000061d400000| PB 0x000000061d400000| Untracked |  0
| 102|0x000000061d800000, 0x000000061d800000, 0x000000061dc00000|  0%| F|  |TAMS 0x000000061d800000| PB 0x000000061d800000| Untracked |  0
| 103|0x000000061dc00000, 0x000000061dc00000, 0x000000061e000000|  0%| F|  |TAMS 0x000000061dc00000| PB 0x000000061dc00000| Untracked |  0
| 104|0x000000061e000000, 0x000000061e000000, 0x000000061e400000|  0%| F|  |TAMS 0x000000061e000000| PB 0x000000061e000000| Untracked |  0
| 105|0x000000061e400000, 0x000000061e400000, 0x000000061e800000|  0%| F|  |TAMS 0x000000061e400000| PB 0x000000061e400000| Untracked |  0
| 106|0x000000061e800000, 0x000000061e800000, 0x000000061ec00000|  0%| F|  |TAMS 0x000000061e800000| PB 0x000000061e800000| Untracked |  0
| 107|0x000000061ec00000, 0x000000061ec00000, 0x000000061f000000|  0%| F|  |TAMS 0x000000061ec00000| PB 0x000000061ec00000| Untracked |  0
| 108|0x000000061f000000, 0x000000061f188120, 0x000000061f400000| 38%| S|CS|TAMS 0x000000061f000000| PB 0x000000061f000000| Complete |  0
| 109|0x000000061f400000, 0x000000061f400000, 0x000000061f800000|  0%| F|  |TAMS 0x000000061f400000| PB 0x000000061f400000| Untracked |  0
| 110|0x000000061f800000, 0x000000061f800000, 0x000000061fc00000|  0%| F|  |TAMS 0x000000061f800000| PB 0x000000061f800000| Untracked |  0
| 111|0x000000061fc00000, 0x000000061fc00000, 0x0000000620000000|  0%| F|  |TAMS 0x000000061fc00000| PB 0x000000061fc00000| Untracked |  0
| 112|0x0000000620000000, 0x0000000620000000, 0x0000000620400000|  0%| F|  |TAMS 0x0000000620000000| PB 0x0000000620000000| Untracked |  0
| 113|0x0000000620400000, 0x0000000620400000, 0x0000000620800000|  0%| F|  |TAMS 0x0000000620400000| PB 0x0000000620400000| Untracked |  0
| 114|0x0000000620800000, 0x0000000620800000, 0x0000000620c00000|  0%| F|  |TAMS 0x0000000620800000| PB 0x0000000620800000| Untracked |  0
| 115|0x0000000620c00000, 0x0000000620c00000, 0x0000000621000000|  0%| F|  |TAMS 0x0000000620c00000| PB 0x0000000620c00000| Untracked |  0
| 116|0x0000000621000000, 0x0000000621000000, 0x0000000621400000|  0%| F|  |TAMS 0x0000000621000000| PB 0x0000000621000000| Untracked |  0
| 117|0x0000000621400000, 0x0000000621400000, 0x0000000621800000|  0%| F|  |TAMS 0x0000000621400000| PB 0x0000000621400000| Untracked |  0
| 118|0x0000000621800000, 0x0000000621800000, 0x0000000621c00000|  0%| F|  |TAMS 0x0000000621800000| PB 0x0000000621800000| Untracked |  0
| 119|0x0000000621c00000, 0x0000000621e1eca0, 0x0000000622000000| 53%| E|  |TAMS 0x0000000621c00000| PB 0x0000000621c00000| Complete |  0
| 120|0x0000000622000000, 0x0000000622400000, 0x0000000622400000|100%| E|CS|TAMS 0x0000000622000000| PB 0x0000000622000000| Complete |  0
| 121|0x0000000622400000, 0x0000000622800000, 0x0000000622800000|100%| E|CS|TAMS 0x0000000622400000| PB 0x0000000622400000| Complete |  0
| 122|0x0000000622800000, 0x0000000622c00000, 0x0000000622c00000|100%| E|CS|TAMS 0x0000000622800000| PB 0x0000000622800000| Complete |  0
| 123|0x0000000622c00000, 0x0000000623000000, 0x0000000623000000|100%| E|CS|TAMS 0x0000000622c00000| PB 0x0000000622c00000| Complete |  0
| 124|0x0000000623000000, 0x0000000623400000, 0x0000000623400000|100%| E|CS|TAMS 0x0000000623000000| PB 0x0000000623000000| Complete |  0
| 125|0x0000000623400000, 0x0000000623800000, 0x0000000623800000|100%| E|CS|TAMS 0x0000000623400000| PB 0x0000000623400000| Complete |  0
| 126|0x0000000623800000, 0x0000000623c00000, 0x0000000623c00000|100%| E|CS|TAMS 0x0000000623800000| PB 0x0000000623800000| Complete |  0

Card table byte_map: [0x000001ba3e0e0000,0x000001ba3f0c0000] _byte_map_base: 0x000001ba3b0c0000

Marking Bits: (CMBitMap*) 0x000001ba47150060
 Bits: [0x000001ba3f0c0000, 0x000001ba46fc0000)

Polling page: 0x000001ba23c10000

Metaspace:

Usage:
  Non-class:     14.53 MB used.
      Class:      1.38 MB used.
       Both:     15.91 MB used.

Virtual space:
  Non-class space:       64.00 MB reserved,      14.69 MB ( 23%) committed,  1 nodes.
      Class space:        1.00 GB reserved,       1.56 MB ( <1%) committed,  1 nodes.
             Both:        1.06 GB reserved,      16.25 MB (  1%) committed. 

Chunk freelists:
   Non-Class:  1.07 MB
       Class:  14.40 MB
        Both:  15.47 MB

MaxMetaspaceSize: unlimited
CompressedClassSpaceSize: 1.00 GB
Initial GC threshold: 21.00 MB
Current GC threshold: 21.00 MB
CDS: on
 - commit_granule_bytes: 65536.
 - commit_granule_words: 8192.
 - virtual_space_node_default_size: 8388608.
 - enlarge_chunks_in_place: 1.
 - use_allocation_guard: 0.


Internal statistics:

num_allocs_failed_limit: 0.
num_arena_births: 374.
num_arena_deaths: 0.
num_vsnodes_births: 2.
num_vsnodes_deaths: 0.
num_space_committed: 259.
num_space_uncommitted: 0.
num_chunks_returned_to_freelist: 0.
num_chunks_taken_from_freelist: 676.
num_chunk_merges: 0.
num_chunk_splits: 435.
num_chunks_enlarged: 270.
num_inconsistent_stats: 0.

CodeHeap 'non-profiled nmethods': size=118912Kb used=932Kb max_used=932Kb free=117979Kb
 bounds [0x000001ba348a0000, 0x000001ba34b10000, 0x000001ba3bcc0000]
CodeHeap 'profiled nmethods': size=118848Kb used=3905Kb max_used=3905Kb free=114942Kb
 bounds [0x000001ba2ccc0000, 0x000001ba2d0a0000, 0x000001ba340d0000]
CodeHeap 'non-nmethods': size=8000Kb used=2391Kb max_used=4670Kb free=5608Kb
 bounds [0x000001ba340d0000, 0x000001ba34570000, 0x000001ba348a0000]
CodeCache: size=245760Kb, used=7228Kb, max_used=9507Kb, free=238529Kb
 total_blobs=4224, nmethods=2873, adapters=1256, full_count=0
Compilation: enabled, stopped_count=0, restarted_count=0

Compilation events (20 events):
Event: 19.341 Thread 0x000001ba4ac5f2a0 2864       4       java.io.BufferedInputStream::getBufIfOpen (6 bytes)
Event: 19.342 Thread 0x000001ba4ac5f2a0 nmethod 2864 0x000001ba34988788 code [0x000001ba349888a0, 0x000001ba34988b78]
Event: 20.347 Thread 0x000001ba4ac5fe80 2865       3       java.lang.ThreadLocal::set (18 bytes)
Event: 20.347 Thread 0x000001ba4ac5fe80 nmethod 2865 0x000001ba2d08e588 code [0x000001ba2d08e6e0, 0x000001ba2d08eab8]
Event: 20.376 Thread 0x000001ba4ac5fe80 2866       3       java.util.concurrent.TimeUnit::toNanos (45 bytes)
Event: 20.376 Thread 0x000001ba4ac5fe80 nmethod 2866 0x000001ba2d08eb08 code [0x000001ba2d08ec40, 0x000001ba2d08ee88]
Event: 20.376 Thread 0x000001ba4ac5fe80 2867       3       java.io.FilterOutputStream::<init> (21 bytes)
Event: 20.377 Thread 0x000001ba4ac5fe80 nmethod 2867 0x000001ba2d08ef08 code [0x000001ba2d08f040, 0x000001ba2d08f388]
Event: 20.377 Thread 0x000001ba4ac5fe80 2868       1       jdk.internal.event.SocketReadEvent::enabled (2 bytes)
Event: 20.377 Thread 0x000001ba4ac5fe80 nmethod 2868 0x000001ba34988c08 code [0x000001ba34988d20, 0x000001ba34988dc8]
Event: 20.377 Thread 0x000001ba4ac5fe80 2869       3       jdk.internal.logger.AbstractLoggerWrapper::isLoggable (11 bytes)
Event: 20.377 Thread 0x000001ba4ac5fe80 nmethod 2869 0x000001ba2d08f408 code [0x000001ba2d08f540, 0x000001ba2d08f7e0]
Event: 20.377 Thread 0x000001ba4ac5fe80 2870       3       jdk.internal.logger.LazyLoggers$LazyLoggerWrapper::wrapped (10 bytes)
Event: 20.377 Thread 0x000001ba4ac5fe80 nmethod 2870 0x000001ba2d08f808 code [0x000001ba2d08f940, 0x000001ba2d08fad8]
Event: 20.377 Thread 0x000001ba4ac5fe80 2871   !   3       jdk.internal.logger.LazyLoggers$LazyLoggerAccessor::wrapped (41 bytes)
Event: 20.377 Thread 0x000001ba4ac5fe80 nmethod 2871 0x000001ba2d08fb08 code [0x000001ba2d08fc40, 0x000001ba2d090078]
Event: 20.377 Thread 0x000001ba4ac5fe80 2873       3       sun.nio.ch.NioSocketImpl::configureNonBlockingIfNeeded (65 bytes)
Event: 20.377 Thread 0x000001ba4ac5fe80 nmethod 2873 0x000001ba2d090108 code [0x000001ba2d090240, 0x000001ba2d090580]
Event: 20.377 Thread 0x000001ba4ac5fe80 2872       1       java.util.concurrent.locks.ReentrantReadWriteLock::readLock (5 bytes)
Event: 20.377 Thread 0x000001ba4ac5fe80 nmethod 2872 0x000001ba34988f08 code [0x000001ba34989020, 0x000001ba349890f0]

GC Heap History (6 events):
Event: 0.417 GC heap before
{Heap before GC invocations=0 (full 0):
 garbage-first heap   total reserved 8323072K, committed 520192K, used 24576K [0x0000000604000000, 0x0000000800000000)
  region size 4096K, 6 young (24576K), 0 survivors (0K)
 Metaspace       used 9936K, committed 10240K, reserved 1114112K
  class space    used 907K, committed 1024K, reserved 1048576K
}
Event: 0.421 GC heap after
{Heap after GC invocations=1 (full 0):
 garbage-first heap   total reserved 8323072K, committed 520192K, used 4126K [0x0000000604000000, 0x0000000800000000)
  region size 4096K, 1 young (4096K), 1 survivors (4096K)
 Metaspace       used 9936K, committed 10240K, reserved 1114112K
  class space    used 907K, committed 1024K, reserved 1048576K
}
Event: 0.619 GC heap before
{Heap before GC invocations=1 (full 0):
 garbage-first heap   total reserved 8323072K, committed 520192K, used 28702K [0x0000000604000000, 0x0000000800000000)
  region size 4096K, 6 young (24576K), 1 survivors (4096K)
 Metaspace       used 13964K, committed 14272K, reserved 1114112K
  class space    used 1307K, committed 1472K, reserved 1048576K
}
Event: 0.623 GC heap after
{Heap after GC invocations=2 (full 0):
 garbage-first heap   total reserved 8323072K, committed 520192K, used 13259K [0x0000000604000000, 0x0000000800000000)
  region size 4096K, 1 young (4096K), 1 survivors (4096K)
 Metaspace       used 13964K, committed 14272K, reserved 1114112K
  class space    used 1307K, committed 1472K, reserved 1048576K
}
Event: 10.037 GC heap before
{Heap before GC invocations=2 (full 0):
 garbage-first heap   total reserved 8323072K, committed 520192K, used 103371K [0x0000000604000000, 0x0000000800000000)
  region size 4096K, 18 young (73728K), 1 survivors (4096K)
 Metaspace       used 16213K, committed 16576K, reserved 1114112K
  class space    used 1410K, committed 1600K, reserved 1048576K
}
Event: 10.039 GC heap after
{Heap after GC invocations=3 (full 0):
 garbage-first heap   total reserved 8323072K, committed 520192K, used 34092K [0x0000000604000000, 0x0000000800000000)
  region size 4096K, 1 young (4096K), 1 survivors (4096K)
 Metaspace       used 16213K, committed 16576K, reserved 1114112K
  class space    used 1410K, committed 1600K, reserved 1048576K
}

Dll operation events (19 events):
Event: 0.005 Loaded shared library C:\Users\Ben Tomlinson\.jdks\openjdk-23.0.2\bin\java.dll
Event: 0.023 Loaded shared library C:\Users\Ben Tomlinson\.jdks\openjdk-23.0.2\bin\jsvml.dll
Event: 0.048 Loaded shared library C:\Users\Ben Tomlinson\.jdks\openjdk-23.0.2\bin\zip.dll
Event: 0.049 Loaded shared library C:\Users\Ben Tomlinson\.jdks\openjdk-23.0.2\bin\instrument.dll
Event: 0.051 Loaded shared library C:\Users\Ben Tomlinson\.jdks\openjdk-23.0.2\bin\net.dll
Event: 0.052 Loaded shared library C:\Users\Ben Tomlinson\.jdks\openjdk-23.0.2\bin\nio.dll
Event: 0.054 Loaded shared library C:\Users\Ben Tomlinson\.jdks\openjdk-23.0.2\bin\zip.dll
Event: 0.072 Loaded shared library C:\Program Files\JetBrains\IntelliJ IDEA 2024.3.2\bin\breakgen64.dll
Event: 0.078 Loaded shared library C:\Users\Ben Tomlinson\.jdks\openjdk-23.0.2\bin\extnet.dll
Event: 0.094 Loaded shared library C:\Users\Ben Tomlinson\.jdks\openjdk-23.0.2\bin\jimage.dll
Event: 0.110 Loaded shared library C:\Users\Ben Tomlinson\AppData\Local\Temp\lwjgl_Ben Tomlinson\3.3.6+1\x64\lwjgl.dll
Event: 0.110 Loaded shared library C:\Users\Ben Tomlinson\.jdks\openjdk-23.0.2\bin\management.dll
Event: 0.115 Loaded shared library C:\Users\Ben Tomlinson\.jdks\openjdk-23.0.2\bin\management_ext.dll
Event: 0.227 Loaded shared library C:\Users\Ben Tomlinson\AppData\Local\Temp\lwjgl_Ben Tomlinson\3.3.6+1\x64\lwjgl_opengl.dll
Event: 0.390 Loaded shared library C:\Users\Ben Tomlinson\.jdks\openjdk-23.0.2\bin\verify.dll
Event: 0.470 Loaded shared library C:\Users\Ben Tomlinson\.jdks\openjdk-23.0.2\bin\awt.dll
Event: 0.477 Loaded shared library C:\Users\Ben Tomlinson\.jdks\openjdk-23.0.2\bin\freetype.dll
Event: 0.478 Loaded shared library C:\Users\Ben Tomlinson\.jdks\openjdk-23.0.2\bin\fontmanager.dll
Event: 0.566 Loaded shared library C:\Users\Ben Tomlinson\AppData\Local\Temp\lwjgl_Ben Tomlinson\3.3.6+1\x64\lwjgl_stb.dll

Deoptimization events (20 events):
Event: 0.864 Thread 0x000001ba2458fbd0 DEOPT PACKING pc=0x000001ba3494a55c sp=0x000000a18baff090
Event: 0.864 Thread 0x000001ba2458fbd0 DEOPT UNPACKING pc=0x000001ba34124402 sp=0x000000a18baff018 mode 2
Event: 0.866 Thread 0x000001ba2458fbd0 Uncommon trap: trap_request=0xffffff54 fr.pc=0x000001ba3494b460 relative=0x0000000000000060
Event: 0.866 Thread 0x000001ba2458fbd0 Uncommon trap: reason=speculate_null_assert action=make_not_entrant pc=0x000001ba3494b460 method=sun.misc.Unsafe.putLong(Ljava/lang/Object;JJ)V @ 10 c2
Event: 0.866 Thread 0x000001ba2458fbd0 DEOPT PACKING pc=0x000001ba3494b460 sp=0x000000a18baff280
Event: 0.866 Thread 0x000001ba2458fbd0 DEOPT UNPACKING pc=0x000001ba34124402 sp=0x000000a18baff1f8 mode 2
Event: 8.537 Thread 0x000001ba2458fbd0 DEOPT PACKING pc=0x000001ba2d0085d7 sp=0x000000a18baff230
Event: 8.537 Thread 0x000001ba2458fbd0 DEOPT UNPACKING pc=0x000001ba34124b22 sp=0x000000a18bafe6d0 mode 0
Event: 10.219 Thread 0x000001ba2458fbd0 DEOPT PACKING pc=0x000001ba2d023693 sp=0x000000a18baff2f0
Event: 10.219 Thread 0x000001ba2458fbd0 DEOPT UNPACKING pc=0x000001ba34124b22 sp=0x000000a18bafe790 mode 0
Event: 10.219 Thread 0x000001ba2458fbd0 DEOPT PACKING pc=0x000001ba2d00c087 sp=0x000000a18baff390
Event: 10.219 Thread 0x000001ba2458fbd0 DEOPT UNPACKING pc=0x000001ba34124b22 sp=0x000000a18bafe878 mode 0
Event: 11.203 Thread 0x000001ba2458fbd0 DEOPT PACKING pc=0x000001ba2d020c8a sp=0x000000a18baff250
Event: 11.203 Thread 0x000001ba2458fbd0 DEOPT UNPACKING pc=0x000001ba34124b22 sp=0x000000a18bafe7b8 mode 0
Event: 11.203 Thread 0x000001ba2458fbd0 DEOPT PACKING pc=0x000001ba2d01c191 sp=0x000000a18baff280
Event: 11.203 Thread 0x000001ba2458fbd0 DEOPT UNPACKING pc=0x000001ba34124b22 sp=0x000000a18bafe788 mode 0
Event: 11.253 Thread 0x000001ba2458fbd0 DEOPT PACKING pc=0x000001ba2d021df0 sp=0x000000a18baff300
Event: 11.253 Thread 0x000001ba2458fbd0 DEOPT UNPACKING pc=0x000001ba34124b22 sp=0x000000a18bafe800 mode 0
Event: 12.322 Thread 0x000001ba2458fbd0 DEOPT PACKING pc=0x000001ba2d01d311 sp=0x000000a18baff1f0
Event: 12.322 Thread 0x000001ba2458fbd0 DEOPT UNPACKING pc=0x000001ba34124b22 sp=0x000000a18bafe6f8 mode 0

Classes loaded (20 events):
Event: 0.531 Loading class java/awt/image/ComponentSampleModel done
Event: 0.531 Loading class java/awt/image/PixelInterleavedSampleModel done
Event: 0.626 Loading class javax/management/openmbean/CompositeDataSupport
Event: 0.626 Loading class javax/management/openmbean/CompositeDataSupport done
Event: 0.626 Loading class javax/management/openmbean/OpenDataException
Event: 0.626 Loading class javax/management/openmbean/OpenDataException done
Event: 0.627 Loading class java/io/ObjectStreamException
Event: 0.627 Loading class java/io/ObjectStreamException done
Event: 0.829 Loading class sun/text/resources/cldr/FormatData_en
Event: 0.830 Loading class sun/text/resources/cldr/FormatData_en done
Event: 0.830 Loading class sun/text/resources/cldr/FormatData_en_US
Event: 0.830 Loading class sun/text/resources/cldr/FormatData_en_US done
Event: 20.434 Loading class jdk/internal/misc/Signal$1
Event: 20.434 Loading class jdk/internal/misc/Signal$1 done
Event: 20.435 Loading class sun/font/SunFontManager$7$1
Event: 20.435 Loading class sun/font/SunFontManager$7$1 done
Event: 20.435 Loading class java/util/WeakHashMap$KeyIterator
Event: 20.435 Loading class java/util/WeakHashMap$HashIterator
Event: 20.435 Loading class java/util/WeakHashMap$HashIterator done
Event: 20.435 Loading class java/util/WeakHashMap$KeyIterator done

Classes unloaded (0 events):
No events

Classes redefined (0 events):
No events

Internal exceptions (20 events):
Event: 0.344 Thread 0x000001ba91fb30e0 Exception <a 'java/lang/NoSuchMethodError'{0x0000000622470610}: 'java.lang.Object java.lang.invoke.DirectMethodHandle$Holder.invokeInterface(java.lang.Object, java.lang.Object, java.lang.Object, java.lang.Object, java.lang.Object)'> (0x0000000622470610) 
thrown [s\open\src\hotspot\share\interpreter\linkResolver.cpp, line 796]
Event: 0.348 Thread 0x000001ba91fb30e0 Exception <a 'java/lang/NoSuchMethodError'{0x000000062250ea48}: 'double java.lang.invoke.DirectMethodHandle$Holder.invokeInterface(java.lang.Object, java.lang.Object)'> (0x000000062250ea48) 
thrown [s\open\src\hotspot\share\interpreter\linkResolver.cpp, line 796]
Event: 0.348 Thread 0x000001ba91fb30e0 Exception <a 'java/lang/NoSuchMethodError'{0x0000000622516418}: 'double java.lang.invoke.DelegatingMethodHandle$Holder.reinvoke_L(java.lang.Object, java.lang.Object)'> (0x0000000622516418) 
thrown [s\open\src\hotspot\share\interpreter\linkResolver.cpp, line 796]
Event: 0.361 Thread 0x000001ba2458fbd0 Exception <a 'java/lang/NoSuchMethodError'{0x00000006228f9800}: 'void java.lang.invoke.DirectMethodHandle$Holder.invokeStatic(java.lang.Object, long, int, int)'> (0x00000006228f9800) 
thrown [s\open\src\hotspot\share\interpreter\linkResolver.cpp, line 796]
Event: 0.406 Thread 0x000001ba2458fbd0 Exception <a 'java/lang/NoSuchMethodError'{0x000000062271c4a8}: 'void java.lang.invoke.DirectMethodHandle$Holder.invokeStatic(java.lang.Object, int)'> (0x000000062271c4a8) 
thrown [s\open\src\hotspot\share\interpreter\linkResolver.cpp, line 796]
Event: 0.456 Thread 0x000001ba2458fbd0 Exception <a 'java/lang/NoSuchMethodError'{0x0000000623b81690}: 'void java.lang.invoke.DelegatingMethodHandle$Holder.reinvoke_L(java.lang.Object, java.lang.Object, int)'> (0x0000000623b81690) 
thrown [s\open\src\hotspot\share\interpreter\linkResolver.cpp, line 796]
Event: 0.457 Thread 0x000001ba2458fbd0 Exception <a 'java/lang/NoSuchMethodError'{0x0000000623b87f90}: 'int java.lang.invoke.Invokers$Holder.invokeExact_MT(java.lang.Object, java.lang.Object, java.lang.Object)'> (0x0000000623b87f90) 
thrown [s\open\src\hotspot\share\interpreter\linkResolver.cpp, line 796]
Event: 0.465 Thread 0x000001ba2458fbd0 Exception <a 'java/lang/NoSuchMethodError'{0x0000000623ba86a0}: 'void java.lang.invoke.DirectMethodHandle$Holder.invokeSpecial(java.lang.Object, java.lang.Object, double)'> (0x0000000623ba86a0) 
thrown [s\open\src\hotspot\share\interpreter\linkResolver.cpp, line 796]
Event: 0.468 Thread 0x000001ba2458fbd0 Exception <a 'java/lang/ClassNotFoundException'{0x0000000623bb7a38}: sun/awt/resources/spi/awtProvider> (0x0000000623bb7a38) 
thrown [s\open\src\hotspot\share\classfile\systemDictionary.cpp, line 313]
Event: 0.470 Thread 0x000001ba2458fbd0 Exception <a 'java/io/FileNotFoundException'{0x0000000623bc0f48}> (0x0000000623bc0f48) 
thrown [s\open\src\hotspot\share\prims\jni.cpp, line 520]
Event: 0.471 Thread 0x000001ba2458fbd0 Exception <a 'java/io/FileNotFoundException'{0x0000000623405570}> (0x0000000623405570) 
thrown [s\open\src\hotspot\share\prims\jni.cpp, line 520]
Event: 0.561 Thread 0x000001ba2458fbd0 Exception <a 'java/lang/NoSuchMethodError'{0x0000000622c59c08}: 'void java.lang.System.load(java.lang.String, java.lang.Class)'> (0x0000000622c59c08) 
thrown [s\open\src\hotspot\share\interpreter\linkResolver.cpp, line 796]
Event: 0.562 Thread 0x000001ba2458fbd0 Exception <a 'java/lang/NoSuchMethodError'{0x0000000622c5c698}: 'void java.lang.System.loadLibrary(java.lang.String, java.lang.Class)'> (0x0000000622c5c698) 
thrown [s\open\src\hotspot\share\interpreter\linkResolver.cpp, line 796]
Event: 0.565 Thread 0x000001ba2458fbd0 Exception <a 'sun/nio/fs/WindowsException'{0x0000000622c6b960}> (0x0000000622c6b960) 
thrown [s\open\src\hotspot\share\prims\jni.cpp, line 520]
Event: 0.565 Thread 0x000001ba2458fbd0 Exception <a 'sun/nio/fs/WindowsException'{0x0000000622c6bd20}> (0x0000000622c6bd20) 
thrown [s\open\src\hotspot\share\prims\jni.cpp, line 520]
Event: 0.625 Thread 0x000001ba91fb30e0 Exception <a 'java/lang/NoSuchMethodError'{0x00000006238412a8}: 'long java.lang.invoke.DirectMethodHandle$Holder.invokeVirtual(java.lang.Object, java.lang.Object)'> (0x00000006238412a8) 
thrown [s\open\src\hotspot\share\interpreter\linkResolver.cpp, line 796]
Event: 0.625 Thread 0x000001ba91fb30e0 Exception <a 'java/lang/NoSuchMethodError'{0x00000006238448a0}: 'long java.lang.invoke.DelegatingMethodHandle$Holder.reinvoke_L(java.lang.Object, java.lang.Object)'> (0x00000006238448a0) 
thrown [s\open\src\hotspot\share\interpreter\linkResolver.cpp, line 796]
Event: 0.825 Thread 0x000001ba2458fbd0 Exception <a 'java/lang/NoSuchMethodError'{0x00000006208577c8}: 'float java.lang.invoke.DirectMethodHandle$Holder.invokeVirtual(java.lang.Object, java.lang.Object)'> (0x00000006208577c8) 
thrown [s\open\src\hotspot\share\interpreter\linkResolver.cpp, line 796]
Event: 0.825 Thread 0x000001ba2458fbd0 Exception <a 'java/lang/NoSuchMethodError'{0x000000062085d8b0}: 'int java.lang.invoke.DirectMethodHandle$Holder.invokeStatic(java.lang.Object, java.lang.Object, java.lang.Object, java.lang.Object)'> (0x000000062085d8b0) 
thrown [s\open\src\hotspot\share\interpreter\linkResolver.cpp, line 796]
Event: 1.941 Thread 0x000001ba921bf230 Exception <a 'java/lang/NoSuchMethodError'{0x00000006204806a8}: 'void java.lang.invoke.Invokers$Holder.invokeExact_MT(java.lang.Object, java.lang.Object, int, java.lang.Object)'> (0x00000006204806a8) 
thrown [s\open\src\hotspot\share\interpreter\linkResolver.cpp, line 796]

VM Operations (20 events):
Event: 0.311 Executing VM operation: HandshakeAllThreads (Deoptimize) done
Event: 0.337 Executing VM operation: HandshakeAllThreads (Deoptimize)
Event: 0.337 Executing VM operation: HandshakeAllThreads (Deoptimize) done
Event: 0.417 Executing VM operation: G1CollectForAllocation (G1 Evacuation Pause)
Event: 0.421 Executing VM operation: G1CollectForAllocation (G1 Evacuation Pause) done
Event: 0.495 Executing VM operation: HandshakeAllThreads (Deoptimize)
Event: 0.495 Executing VM operation: HandshakeAllThreads (Deoptimize) done
Event: 0.509 Executing VM operation: HandshakeAllThreads (Deoptimize)
Event: 0.509 Executing VM operation: HandshakeAllThreads (Deoptimize) done
Event: 0.524 Executing VM operation: HandshakeAllThreads (Deoptimize)
Event: 0.524 Executing VM operation: HandshakeAllThreads (Deoptimize) done
Event: 0.619 Executing VM operation: G1CollectForAllocation (G1 Evacuation Pause)
Event: 0.623 Executing VM operation: G1CollectForAllocation (G1 Evacuation Pause) done
Event: 0.830 Executing VM operation: HandshakeAllThreads (Deoptimize)
Event: 0.831 Executing VM operation: HandshakeAllThreads (Deoptimize) done
Event: 1.971 Executing VM operation: HandshakeAllThreads (Deoptimize)
Event: 1.971 Executing VM operation: HandshakeAllThreads (Deoptimize) done
Event: 10.037 Executing VM operation: G1CollectForAllocation (G1 Evacuation Pause)
Event: 10.039 Executing VM operation: G1CollectForAllocation (G1 Evacuation Pause) done
Event: 20.437 Executing VM operation: Exit

Memory protections (0 events):
No events

Nmethod flushes (0 events):
No events

Events (20 events):
Event: 1.038 Thread 0x000001ba92009ef0 Thread exited: 0x000001ba92009ef0
Event: 1.056 Thread 0x000001ba4addf610 Thread exited: 0x000001ba4addf610
Event: 1.089 Thread 0x000001ba4addef50 Thread exited: 0x000001ba4addef50
Event: 2.004 Thread 0x000001ba4add94e0 Thread added: 0x000001ba9cdb9620
Event: 2.521 Thread 0x000001ba9cdb9620 Thread exited: 0x000001ba9cdb9620
Event: 2.874 Thread 0x000001ba4ac5f2a0 Thread added: 0x000001ba9cf04dd0
Event: 3.138 Thread 0x000001ba9cf04dd0 Thread exited: 0x000001ba9cf04dd0
Event: 3.588 Thread 0x000001ba4add94e0 Thread exited: 0x000001ba4add94e0
Event: 7.571 Thread 0x000001ba4add8e20 Thread exited: 0x000001ba4add8e20
Event: 8.537 Thread 0x000001ba4add7b30 Thread exited: 0x000001ba4add7b30
Event: 8.537 Thread 0x000001ba4ad1da60 Thread exited: 0x000001ba4ad1da60
Event: 20.434 Thread 0x000001ba4730c440 Thread added: 0x000001ba9ceee580
Event: 20.435 Thread 0x000001ba9ceee580 Thread added: 0x000001ba9ceef930
Event: 20.435 Thread 0x000001ba9ceee580 Thread added: 0x000001ba9cef1370
Event: 20.435 Thread 0x000001ba9ceee580 Thread added: 0x000001ba9cef1a00
Event: 20.435 Thread 0x000001ba9cef1370 Thread exited: 0x000001ba9cef1370
Event: 20.435 Thread 0x000001ba9cef1a00 Thread exited: 0x000001ba9cef1a00
Event: 20.437 Thread 0x000001ba9ceef930 Thread exited: 0x000001ba9ceef930
Event: 20.437 Thread 0x000001ba9ceee580 Before exit entered
Event: 20.437 Thread 0x000001ba4730c440 Thread exited: 0x000001ba4730c440


Dynamic libraries:
0x00007ff63bd90000 - 0x00007ff63bd9e000 	C:\Users\Ben Tomlinson\.jdks\openjdk-23.0.2\bin\java.exe
0x00007ffd25a20000 - 0x00007ffd25c83000 	C:\WINDOWS\SYSTEM32\ntdll.dll
0x00007ffd246a0000 - 0x00007ffd24767000 	C:\WINDOWS\System32\KERNEL32.DLL
0x00007ffd22cb0000 - 0x00007ffd23079000 	C:\WINDOWS\System32\KERNELBASE.dll
0x00007ffd236c0000 - 0x00007ffd2380c000 	C:\WINDOWS\System32\ucrtbase.dll
0x00007ffd1c430000 - 0x00007ffd1c447000 	C:\Users\Ben Tomlinson\.jdks\openjdk-23.0.2\bin\jli.dll
0x00007ffd1c350000 - 0x00007ffd1c36b000 	C:\Users\Ben Tomlinson\.jdks\openjdk-23.0.2\bin\VCRUNTIME140.dll
0x00007ffd24b30000 - 0x00007ffd24cfa000 	C:\WINDOWS\System32\USER32.dll
0x00007ffd05d60000 - 0x00007ffd05ff0000 	C:\WINDOWS\WinSxS\amd64_microsoft.windows.common-controls_6595b64144ccf1df_6.0.26100.3323_none_3e088096e3344490\COMCTL32.dll
0x00007ffd23810000 - 0x00007ffd23837000 	C:\WINDOWS\System32\win32u.dll
0x00007ffd24480000 - 0x00007ffd24529000 	C:\WINDOWS\System32\msvcrt.dll
0x00007ffd23840000 - 0x00007ffd2386a000 	C:\WINDOWS\System32\GDI32.dll
0x00007ffd23120000 - 0x00007ffd23251000 	C:\WINDOWS\System32\gdi32full.dll
0x00007ffd23610000 - 0x00007ffd236b3000 	C:\WINDOWS\System32\msvcp_win.dll
0x00007ffd24d00000 - 0x00007ffd24d2f000 	C:\WINDOWS\System32\IMM32.DLL
0x00007ffd1f4f0000 - 0x00007ffd1f4fc000 	C:\Users\Ben Tomlinson\.jdks\openjdk-23.0.2\bin\vcruntime140_1.dll
0x00007ffd19f80000 - 0x00007ffd1a00e000 	C:\Users\Ben Tomlinson\.jdks\openjdk-23.0.2\bin\msvcp140.dll
0x00007ffcb9580000 - 0x00007ffcba2d0000 	C:\Users\Ben Tomlinson\.jdks\openjdk-23.0.2\bin\server\jvm.dll
0x00007ffd24560000 - 0x00007ffd24612000 	C:\WINDOWS\System32\ADVAPI32.dll
0x00007ffd23870000 - 0x00007ffd23916000 	C:\WINDOWS\System32\sechost.dll
0x00007ffd24d40000 - 0x00007ffd24e56000 	C:\WINDOWS\System32\RPCRT4.dll
0x00007ffd24a50000 - 0x00007ffd24ac4000 	C:\WINDOWS\System32\WS2_32.dll
0x00007ffd21880000 - 0x00007ffd218ce000 	C:\WINDOWS\SYSTEM32\POWRPROF.dll
0x00007ffd0c2c0000 - 0x00007ffd0c2f6000 	C:\WINDOWS\SYSTEM32\WINMM.dll
0x00007ffd13330000 - 0x00007ffd1333b000 	C:\WINDOWS\SYSTEM32\VERSION.dll
0x00007ffd21860000 - 0x00007ffd21874000 	C:\WINDOWS\SYSTEM32\UMPDC.dll
0x00007ffd21b30000 - 0x00007ffd21b4a000 	C:\WINDOWS\SYSTEM32\kernel.appcore.dll
0x00007ffd1c340000 - 0x00007ffd1c34a000 	C:\Users\Ben Tomlinson\.jdks\openjdk-23.0.2\bin\jimage.dll
0x00007ffd1ff90000 - 0x00007ffd201d1000 	C:\WINDOWS\SYSTEM32\DBGHELP.DLL
0x00007ffd24f60000 - 0x00007ffd252e2000 	C:\WINDOWS\System32\combase.dll
0x00007ffd247d0000 - 0x00007ffd248a6000 	C:\WINDOWS\System32\OLEAUT32.dll
0x00007ffcdb300000 - 0x00007ffcdb339000 	C:\WINDOWS\SYSTEM32\dbgcore.DLL
0x00007ffd23080000 - 0x00007ffd23119000 	C:\WINDOWS\System32\bcryptPrimitives.dll
0x00007ffd1be80000 - 0x00007ffd1be8f000 	C:\Users\Ben Tomlinson\.jdks\openjdk-23.0.2\bin\instrument.dll
0x00007ffd1a8b0000 - 0x00007ffd1a8ce000 	C:\Users\Ben Tomlinson\.jdks\openjdk-23.0.2\bin\java.dll
0x00007ffd248b0000 - 0x00007ffd24a45000 	C:\WINDOWS\System32\ole32.dll
0x00007ffd239a0000 - 0x00007ffd240b5000 	C:\WINDOWS\System32\SHELL32.dll
0x00007ffd23320000 - 0x00007ffd23488000 	C:\WINDOWS\System32\wintypes.dll
0x00007ffd20900000 - 0x00007ffd21145000 	C:\WINDOWS\SYSTEM32\windows.storage.dll
0x00007ffd240f0000 - 0x00007ffd241db000 	C:\WINDOWS\System32\SHCORE.dll
0x00007ffd24770000 - 0x00007ffd247cd000 	C:\WINDOWS\System32\shlwapi.dll
0x00007ffd22b30000 - 0x00007ffd22b5f000 	C:\WINDOWS\SYSTEM32\profapi.dll
0x00007ffd17350000 - 0x00007ffd17427000 	C:\Users\Ben Tomlinson\.jdks\openjdk-23.0.2\bin\jsvml.dll
0x00007ffd19860000 - 0x00007ffd19877000 	C:\Users\Ben Tomlinson\.jdks\openjdk-23.0.2\bin\zip.dll
0x00007ffd1be70000 - 0x00007ffd1be80000 	C:\Users\Ben Tomlinson\.jdks\openjdk-23.0.2\bin\net.dll
0x00007ffd22070000 - 0x00007ffd220da000 	C:\WINDOWS\system32\mswsock.dll
0x00007ffd1a890000 - 0x00007ffd1a8a6000 	C:\Users\Ben Tomlinson\.jdks\openjdk-23.0.2\bin\nio.dll
0x00007ffd19840000 - 0x00007ffd1985a000 	C:\Program Files\JetBrains\IntelliJ IDEA 2024.3.2\bin\breakgen64.dll
0x00007ffd1acf0000 - 0x00007ffd1acf9000 	C:\Users\Ben Tomlinson\.jdks\openjdk-23.0.2\bin\extnet.dll
0x00007ffd215b0000 - 0x00007ffd216d5000 	C:\WINDOWS\SYSTEM32\DNSAPI.dll
0x00007ffd21560000 - 0x00007ffd21593000 	C:\WINDOWS\SYSTEM32\IPHLPAPI.DLL
0x00007ffd240e0000 - 0x00007ffd240ea000 	C:\WINDOWS\System32\NSI.dll
0x00007ffd1c2b0000 - 0x00007ffd1c2bb000 	C:\Windows\System32\rasadhlp.dll
0x00007ffd1adc0000 - 0x00007ffd1ae45000 	C:\WINDOWS\System32\fwpuclnt.dll
0x00007ffd14030000 - 0x00007ffd140ae000 	C:\Users\Ben Tomlinson\AppData\Local\Temp\lwjgl_Ben Tomlinson\3.3.6+1\x64\lwjgl.dll
0x00007ffd1a880000 - 0x00007ffd1a88a000 	C:\Users\Ben Tomlinson\.jdks\openjdk-23.0.2\bin\management.dll
0x00007ffd1a760000 - 0x00007ffd1a76b000 	C:\Users\Ben Tomlinson\.jdks\openjdk-23.0.2\bin\management_ext.dll
0x00007ffd24470000 - 0x00007ffd24478000 	C:\WINDOWS\System32\PSAPI.DLL
0x00007ffcdab00000 - 0x00007ffcdab89000 	C:\Users\BENTOM~1\AppData\Local\Temp\lwjgl_Ben Tomlinson\3.3.6+1\x64\glfw.dll
0x00007ffd14d50000 - 0x00007ffd14d9b000 	C:\WINDOWS\SYSTEM32\dinput8.dll
0x00007ffcf8cc0000 - 0x00007ffcf8cd2000 	C:\WINDOWS\SYSTEM32\xinput1_4.dll
0x00007ffd22880000 - 0x00007ffd228df000 	C:\WINDOWS\SYSTEM32\cfgmgr32.dll
0x00007ffd228f0000 - 0x00007ffd2291d000 	C:\WINDOWS\SYSTEM32\DEVOBJ.dll
0x00007ffd1fd70000 - 0x00007ffd1fda5000 	C:\WINDOWS\SYSTEM32\dwmapi.dll
0x00007ffd0e230000 - 0x00007ffd0e40f000 	C:\WINDOWS\SYSTEM32\inputhost.dll
0x00007ffd1dfa0000 - 0x00007ffd1e0c6000 	C:\WINDOWS\SYSTEM32\CoreMessaging.dll
0x00007ffd1f860000 - 0x00007ffd1f90e000 	C:\WINDOWS\system32\uxtheme.dll
0x00007ffd25380000 - 0x00007ffd254db000 	C:\WINDOWS\System32\MSCTF.dll
0x00007ffd22330000 - 0x00007ffd2233c000 	C:\WINDOWS\SYSTEM32\CRYPTBASE.DLL
0x00007ffcbe520000 - 0x00007ffcbe62c000 	C:\WINDOWS\SYSTEM32\opengl32.dll
0x00007ffd06e90000 - 0x00007ffd06ebd000 	C:\WINDOWS\SYSTEM32\GLU32.dll
0x00007ffd20250000 - 0x00007ffd20297000 	C:\WINDOWS\SYSTEM32\dxcore.dll
0x00007ffd1fb70000 - 0x00007ffd1fbcd000 	C:\WINDOWS\SYSTEM32\directxdatabasehelper.dll
0x00007ffd12b50000 - 0x00007ffd12b6a000 	C:\WINDOWS\SYSTEM32\windows.staterepositorycore.dll
0x00007ffc66390000 - 0x00007ffc67440000 	C:\WINDOWS\System32\DriverStore\FileRepository\iigd_dch.inf_amd64_fe36509fbdf2f68b\igxelpicd64.dll
0x00007ffd1fbd0000 - 0x00007ffd1fcfe000 	C:\WINDOWS\system32\dxgi.dll
0x00007ffcda9b0000 - 0x00007ffcdaafb000 	C:\WINDOWS\System32\DriverStore\FileRepository\iigd_dch.inf_amd64_fe36509fbdf2f68b\igdml64.dll
0x00007ffcf6210000 - 0x00007ffcf6622000 	C:\WINDOWS\System32\DriverStore\FileRepository\iigd_dch.inf_amd64_fe36509fbdf2f68b\igdgmm64.dll
0x00007ffd22c20000 - 0x00007ffd22c9f000 	C:\WINDOWS\System32\WINTRUST.dll
0x00007ffd23490000 - 0x00007ffd23607000 	C:\WINDOWS\System32\CRYPT32.dll
0x00007ffd22430000 - 0x00007ffd22443000 	C:\WINDOWS\SYSTEM32\MSASN1.dll
0x00007ffcf1c80000 - 0x00007ffcf60d0000 	C:\WINDOWS\System32\DriverStore\FileRepository\iigd_dch.inf_amd64_fe36509fbdf2f68b\igc64.dll
0x00007ffcdac30000 - 0x00007ffcdac8d000 	C:\Users\Ben Tomlinson\AppData\Local\Temp\lwjgl_Ben Tomlinson\3.3.6+1\x64\lwjgl_opengl.dll
0x00007ffd22310000 - 0x00007ffd2232c000 	C:\WINDOWS\SYSTEM32\CRYPTSP.dll
0x00007ffd21a90000 - 0x00007ffd21aca000 	C:\WINDOWS\system32\rsaenh.dll
0x00007ffd22110000 - 0x00007ffd2213b000 	C:\WINDOWS\SYSTEM32\USERENV.dll
0x00007ffd22550000 - 0x00007ffd22576000 	C:\WINDOWS\SYSTEM32\bcrypt.dll
0x00007ffcf6790000 - 0x00007ffcf67a8000 	C:\WINDOWS\system32\napinsp.dll
0x00007ffcf6770000 - 0x00007ffcf6782000 	C:\WINDOWS\System32\winrnr.dll
0x00007ffcf6740000 - 0x00007ffcf6762000 	C:\WINDOWS\system32\nlansp_c.dll
0x00007ffd1af50000 - 0x00007ffd1af66000 	C:\WINDOWS\system32\wshbth.dll
0x00007ffd058b0000 - 0x00007ffd058fe000 	C:\WINDOWS\SYSTEM32\pdh.dll
0x00007ffcf19b0000 - 0x00007ffcf1af6000 	C:\WINDOWS\SYSTEM32\textinputframework.dll
0x00007ffcfc0e0000 - 0x00007ffcfc3c3000 	C:\WINDOWS\SYSTEM32\CoreUIComponents.dll
0x00007ffd197b0000 - 0x00007ffd197c0000 	C:\Users\Ben Tomlinson\.jdks\openjdk-23.0.2\bin\verify.dll
0x00007ffc8f420000 - 0x00007ffc8f5ad000 	C:\Users\Ben Tomlinson\.jdks\openjdk-23.0.2\bin\awt.dll
0x00007ffd1e2e0000 - 0x00007ffd1e37c000 	C:\WINDOWS\SYSTEM32\apphelp.dll
0x00007ffd1f500000 - 0x00007ffd1f512000 	C:\WINDOWS\System32\perfproc.dll
0x00007ffc9b340000 - 0x00007ffc9b3c7000 	C:\Users\Ben Tomlinson\.jdks\openjdk-23.0.2\bin\freetype.dll
0x00007ffc97e70000 - 0x00007ffc97f47000 	C:\Users\Ben Tomlinson\.jdks\openjdk-23.0.2\bin\fontmanager.dll
0x00007ffc90570000 - 0x00007ffc90609000 	C:\Users\Ben Tomlinson\AppData\Local\Temp\lwjgl_Ben Tomlinson\3.3.6+1\x64\lwjgl_stb.dll
0x00007ffcfeb90000 - 0x00007ffcfeba1000 	C:\WINDOWS\System32\perfos.dll
0x00007ffd20230000 - 0x00007ffd20242000 	C:\WINDOWS\SYSTEM32\pfclient.dll

dbghelp: loaded successfully - version: 4.0.5 - missing functions: none
symbol engine: initialized successfully - sym options: 0x614 - pdb path: .;C:\Users\Ben Tomlinson\.jdks\openjdk-23.0.2\bin;C:\WINDOWS\SYSTEM32;C:\WINDOWS\WinSxS\amd64_microsoft.windows.common-controls_6595b64144ccf1df_6.0.26100.3323_none_3e088096e3344490;C:\Users\Ben Tomlinson\.jdks\openjdk-23.0.2\bin\server;C:\Program Files\JetBrains\IntelliJ IDEA 2024.3.2\bin;C:\Users\Ben Tomlinson\AppData\Local\Temp\lwjgl_Ben Tomlinson\3.3.6+1\x64;C:\Users\BENTOM~1\AppData\Local\Temp\lwjgl_Ben Tomlinson\3.3.6+1\x64;C:\WINDOWS\System32\DriverStore\FileRepository\iigd_dch.inf_amd64_fe36509fbdf2f68b

VM Arguments:
jvm_args: -javaagent:C:\Program Files\JetBrains\IntelliJ IDEA 2024.3.2\lib\idea_rt.jar=59146:C:\Program Files\JetBrains\IntelliJ IDEA 2024.3.2\bin -Dfile.encoding=UTF-8 -Dsun.stdout.encoding=UTF-8 -Dsun.stderr.encoding=UTF-8 
java_command: ECSStarter
java_class_path (initial): C:\Users\Ben Tomlinson\IdeaProjects\CS5410_BigBlueIsYou\out\production\ECSStarter;C:\Users\Ben Tomlinson\IdeaProjects\CS5410_BigBlueIsYou\lwjgl-lib\lwjgl.jar;C:\Users\Ben Tomlinson\IdeaProjects\CS5410_BigBlueIsYou\lwjgl-lib\lwjgl-stb.jar;C:\Users\Ben Tomlinson\IdeaProjects\CS5410_BigBlueIsYou\lwjgl-lib\lwjgl-glfw.jar;C:\Users\Ben Tomlinson\IdeaProjects\CS5410_BigBlueIsYou\lwjgl-lib\joml-1.10.7.jar;C:\Users\Ben Tomlinson\IdeaProjects\CS5410_BigBlueIsYou\lwjgl-lib\lwjgl-assimp.jar;C:\Users\Ben Tomlinson\IdeaProjects\CS5410_BigBlueIsYou\lwjgl-lib\lwjgl-openal.jar;C:\Users\Ben Tomlinson\IdeaProjects\CS5410_BigBlueIsYou\lwjgl-lib\lwjgl-opengl.jar;C:\Users\Ben Tomlinson\IdeaProjects\CS5410_BigBlueIsYou\lwjgl-lib\lwjgl-javadoc.jar;C:\Users\Ben Tomlinson\IdeaProjects\CS5410_BigBlueIsYou\lwjgl-lib\lwjgl-sources.jar;C:\Users\Ben Tomlinson\IdeaProjects\CS5410_BigBlueIsYou\lwjgl-lib\lwjgl-stb-javadoc.jar;C:\Users\Ben Tomlinson\IdeaProjects\CS5410_BigBlueIsYou\lwjgl-lib\lwjgl-stb-sources.jar;C:\Users\Ben Tomlinson\IdeaProjects\CS5410_BigBlueIsYou\lwjgl-lib\lwjgl-glfw-javadoc.jar;C:\Users\Ben Tomlinson\IdeaProjects\CS5410_BigBlueIsYou\lwjgl-lib\lwjgl-glfw-sources.jar;C:\Users\Ben Tomlinson\IdeaProjects\CS5410_BigBlueIsYou\lwjgl-lib\joml-1.10.7-javadoc.jar;C:\Users\Ben Tomlinson\IdeaProjects\CS5410_BigBlueIsYou\lwjgl-lib\joml-1.10.7-sources.jar;C:\Users\Ben Tomlinson\IdeaProjects\CS5410_BigBlueIsYou\lwjgl-lib\lwjgl-natives-linux.jar;C:\Users\Ben Tomlinson\IdeaProjects\CS5410_BigBlueIsYou\lwjgl-lib\lwjgl-natives-macos.jar;C:\Users\Ben Tomlinson\IdeaProjects\CS5410_BigBlueIsYou\lwjgl-lib\lwjgl-assimp-javadoc.jar;C:\Users\Ben Tomlinson\IdeaProjects\CS5410_BigBlueIsYou\lwjgl-lib\lwjgl-assimp-sources.jar;C:\Users\Ben Tomlinson\IdeaProjects\CS5410_BigBlueIsYou\lwjgl-lib\lwjgl-openal-javadoc.jar;C:\Users\Ben Tomlinson\IdeaProjects\CS5410_BigBlueIsYou\lwjgl-lib\lwjgl-openal-sources.jar;C:\Users\Ben Tomlinson\IdeaProjects\CS5410_BigBlueIsYou\lwjgl-lib\lwjgl-opengl-javadoc.jar;C:\Users\Ben Tomlinson\IdeaProjects\CS5410_BigBlueIsYou\lwjgl-lib\lwjgl-opengl-sources.jar;C:\Users\Ben Tomlinson\IdeaProjects\CS5410_BigBlueIsYou\lwjgl-lib\lwjgl-natives-windows.jar;C:\Users\Ben Tomlinson\IdeaProjects\CS5410_BigBlueIsYou\lwjgl-lib\joml-primitives-1.10.0.jar;C:\Users\Ben Tomlinson\IdeaProjects\CS5410_BigBlueIsYou\lwjgl-lib\lwjgl-stb-natives-linux.jar;C:\Users\Ben Tomlinson\IdeaProjects\CS5410_BigBlueIsYou\lwjgl-lib\lwjgl-stb-natives-macos.jar;C:\Users\Ben Tomlinson\IdeaProjects\CS5410_BigBlueIsYou\lwjgl-lib\lwjgl-glfw-natives-linux.jar;C:\Users\Ben Tomlinson\IdeaProjects\CS5410_BigBlueIsYou\lwjgl-lib\lwjgl-glfw-natives-macos.jar;C:\Users\Ben Tomlinson\IdeaProjects\CS5410_BigBlueIsYou\lwjgl-lib\lwjgl-natives-macos-arm64.jar;C:\Users\Ben Tomlinson\IdeaProjects\CS5410_BigBlueIsYou\lwjgl-lib\lwjgl-stb-natives-windows.jar;C:\Users\Ben Tomlinson\IdeaProjects\CS5410_BigBlueIsYou\lwjgl-lib\lwjgl-assimp-natives-linux.jar;C:\Users\Ben Tomlinson\IdeaProjects\CS5410_BigBlueIsYou\lwjgl-lib\lwjgl-assimp-natives-macos.jar;C:\Users\Ben Tomlinson\IdeaProjects\CS5410_BigBlueIsYou\lwjgl-lib\lwjgl-glfw-natives-windows.jar;C:\Users\Ben Tomlinson\IdeaProjects\CS5410_BigBlueIsYou\lwjgl-lib\lwjgl-openal-natives-linux.jar;C:\Users\Ben Tomlinson\IdeaProjects\CS5410_BigBlueIsYou\lwjgl-lib\lwjgl-openal-natives-macos.jar;C:\Users\Ben Tomlinson\IdeaProjects\CS5410_BigBlueIsYou\lwjgl-lib\lwjgl-opengl-natives-linux.jar;C:\Users\Ben Tomlinson\IdeaProjects\CS5410_BigBlueIsYou\lwjgl-lib\lwjgl-opengl-natives-macos.jar;C:\Users\Ben Tomlinson\IdeaProjects\CS5410_BigBlueIsYou\lwjgl-lib\lwjgl-assimp-natives-windows.jar;C:\Users\Ben Tomlinson\IdeaProjects\CS5410_BigBlueIsYou\lwjgl-lib\lwjgl-openal-natives-windows.jar;C:\Users\Ben Tomlinson\IdeaProjects\CS5410_BigBlueIsYou\lwjgl-lib\lwjgl-opengl-natives-windows.jar;C:\Users\Ben Tomlinson\IdeaProjects\CS5410_BigBlueIsYou\lwjgl-lib\lwjgl-stb-natives-macos-arm64.jar;C:\Users\Ben Tomlinson\IdeaProjects\CS5410_BigBlueIsYou\lwjgl-lib\joml-primitives-1.10.0-javadoc.jar;C:\Users\Ben Tomlinson\IdeaProjects\CS5410_BigBlueIsYou\lwjgl-lib\joml-primitives-1.10.0-sources.jar;C:\Users\Ben Tomlinson\IdeaProjects\CS5410_BigBlueIsYou\lwjgl-lib\lwjgl-glfw-natives-macos-arm64.jar;C:\Users\Ben Tomlinson\IdeaProjects\CS5410_BigBlueIsYou\lwjgl-lib\lwjgl-assimp-natives-macos-arm64.jar;C:\Users\Ben Tomlinson\IdeaProjects\CS5410_BigBlueIsYou\lwjgl-lib\lwjgl-openal-natives-macos-arm64.jar;C:\Users\Ben Tomlinson\IdeaProjects\CS5410_BigBlueIsYou\lwjgl-lib\lwjgl-opengl-natives-macos-arm64.jar;C:\Users\Ben Tomlinson\IdeaProjects\CS5410_BigBlueIsYou\google\gson-2.10.1.jar
Launcher Type: SUN_STANDARD

[Global flags]
     intx CICompilerCount                          = 15                                        {product} {ergonomic}
     uint ConcGCThreads                            = 6                                         {product} {ergonomic}
     uint G1ConcRefinementThreads                  = 23                                        {product} {ergonomic}
   size_t G1HeapRegionSize                         = 4194304                                   {product} {ergonomic}
   size_t InitialHeapSize                          = 532676608                                 {product} {ergonomic}
   size_t MarkStackSize                            = 4194304                                   {product} {ergonomic}
   size_t MarkStackSizeMax                         = 536870912                                 {product} {ergonomic}
   size_t MaxHeapSize                              = 8522825728                                {product} {ergonomic}
   size_t MaxNewSize                               = 5112856576                                {product} {ergonomic}
   size_t MinHeapDeltaBytes                        = 4194304                                   {product} {ergonomic}
   size_t MinHeapSize                              = 8388608                                   {product} {ergonomic}
    uintx NonNMethodCodeHeapSize                   = 8192000                                {pd product} {ergonomic}
    uintx NonProfiledCodeHeapSize                  = 121765888                              {pd product} {ergonomic}
    uintx ProfiledCodeHeapSize                     = 121700352                              {pd product} {ergonomic}
    uintx ReservedCodeCacheSize                    = 251658240                              {pd product} {ergonomic}
     bool SegmentedCodeCache                       = true                                      {product} {ergonomic}
   size_t SoftMaxHeapSize                          = 8522825728                             {manageable} {ergonomic}
     bool UseCompressedOops                        = true                           {product lp64_product} {ergonomic}
     bool UseG1GC                                  = true                                      {product} {ergonomic}
     bool UseLargePagesIndividualAllocation        = false                                  {pd product} {ergonomic}

Logging:
Log output configuration:
 #0: stdout all=off uptime,level,tags foldmultilines=false
 #1: stderr all=off uptime,level,tags foldmultilines=false

Environment Variables:
PATH=C:\Program Files\Oculus\Support\oculus-runtime;C:\Program Files\Common Files\Oracle\Java\javapath;C:\Windows\system32;C:\Windows;C:\Windows\System32\Wbem;C:\Windows\System32\WindowsPowerShell\v1.0\;C:\Windows\System32\OpenSSH\;C:\Program Files (x86)\NVIDIA Corporation\PhysX\Common;C:\Program Files\NVIDIA Corporation\NVIDIA NvDLISR;C:\WINDOWS\system32;C:\WINDOWS;C:\WINDOWS\System32\Wbem;C:\WINDOWS\System32\WindowsPowerShell\v1.0\;C:\WINDOWS\System32\OpenSSH\;C:\Program Files\Microsoft SQL Server\150\Tools\Binn\;C:\Program Files\Git\cmd;C:\Program Files (x86)\Windows Kits\10\Windows Performance Toolkit\;C:\Program Files\CMake\bin;C:\Program Files\LLVM\bin;C:\Program Files\nodejs\;C:\Gradle\gradle-8.12.1\bin;;%SystemRoot%\system32;%SystemRoot%;%SystemRoot%\System32\Wbem;%SYSTEMROOT%\System32\WindowsPowerShell\v1.0\;%SYSTEMROOT%\System32\OpenSSH\;C:\Users\Ben Tomlinson\AppData\Local\Programs\Python\Python311\Scripts\;C:\Users\Ben Tomlinson\AppData\Local\Programs\Python\Python311\;C:\Users\Ben Tomlinson\AppData\Local\Microsoft\WindowsApps;C:\Users\Ben Tomlinson\AppData\Local\GitHubDesktop\bin;C:\Users\Ben Tomlinson\AppData\Local\Programs\Microsoft VS Code\bin;C:\Users\Ben Tomlinson\AppData\Roaming\npm;C:\ghcup\bin;C:\Users\Ben Tomlinson\AppData\Local\Programs\cursor\resources\app\bin
USERNAME=Ben Tomlinson
OS=Windows_NT
PROCESSOR_IDENTIFIER=Intel64 Family 6 Model 183 Stepping 1, GenuineIntel
TMP=C:\Users\BENTOM~1\AppData\Local\Temp
TEMP=C:\Users\BENTOM~1\AppData\Local\Temp




Periodic native trim disabled

---------------  S Y S T E M  ---------------

OS:
 Windows 11 , 64 bit Build 26100 (10.0.26100.3323)
OS uptime: 21 days 14:28 hours
Hyper-V role detected

CPU: total 32 (initial active 32) (16 cores per cpu, 2 threads per core) family 6 model 183 stepping 1 microcode 0x11d, cx8, cmov, fxsr, ht, mmx, 3dnowpref, sse, sse2, sse3, ssse3, sse4.1, sse4.2, popcnt, lzcnt, tsc, tscinvbit, avx, avx2, aes, erms, clmul, bmi1, bmi2, adx, sha, fma, vzeroupper, clflush, clflushopt, clwb, hv, serialize, rdtscp, rdpid, fsrm, gfni, f16c, cet_ibt, cet_ss
Processor Information for the first 32 processors :
  Max Mhz: 2200, Current Mhz: 2200, Mhz Limit: 2200

Memory: 4k page, system-wide physical 32503M (16691M free)
TotalPageFile size 35063M (AvailPageFile size 14740M)
current process WorkingSet (physical memory assigned to process): 389M, peak: 423M
current process commit charge ("private bytes"): 815M, peak: 854M

vm_info: OpenJDK 64-Bit Server VM (23.0.2+7-58) for windows-amd64 JRE (23.0.2+7-58), built on 2024-11-29T09:34:55Z with MS VC++ 17.6 (VS2022)

END.
