#
# A fatal error has been detected by the Java Runtime Environment:
#
#  EXCEPTION_ACCESS_VIOLATION (0xc0000005) at pc=0x00007ffc8e226252, pid=68980, tid=65428
#
# JRE version: OpenJDK Runtime Environment (23.0.2+7) (build 23.0.2+7-58)
# Java VM: OpenJDK 64-Bit Server VM (23.0.2+7-58, mixed mode, sharing, tiered, compressed oops, compressed class ptrs, g1 gc, windows-amd64)
# Problematic frame:
# C  [igxelpicd64.dll+0x286252]
#
# No core dump will be written. Minidumps are not enabled by default on client versions of Windows
#
# If you would like to submit a bug report, please visit:
#   https://bugreport.java.com/bugreport/crash.jsp
#

---------------  S U M M A R Y ------------

Command Line: -javaagent:C:\Program Files\JetBrains\IntelliJ IDEA 2024.3.2\lib\idea_rt.jar=58753:C:\Program Files\JetBrains\IntelliJ IDEA 2024.3.2\bin -Dfile.encoding=UTF-8 -Dsun.stdout.encoding=UTF-8 -Dsun.stderr.encoding=UTF-8 ECSStarter

Host: 13th Gen Intel(R) Core(TM) i9-13900HX, 32 cores, 31G,  Windows 11 , 64 bit Build 26100 (10.0.26100.3323)
Time: Thu Apr  3 18:34:46 2025 Mountain Daylight Time elapsed time: 273.520865 seconds (0d 0h 4m 33s)

---------------  T H R E A D  ---------------

Current thread (0x000002304c4b7cf0):  VMThread "VM Thread"          [id=65428, stack(0x00000054a3700000,0x00000054a3800000) (1024K)]

Stack: [0x00000054a3700000,0x00000054a3800000],  sp=0x00000054a37fdfc0,  free space=1015k
Native frames: (J=compiled Java code, j=interpreted, Vv=VM code, C=native code)
C  [igxelpicd64.dll+0x286252]  (no source info available)
C  [igxelpicd64.dll+0x6e31f]  (no source info available)
C  [igxelpicd64.dll+0x2b49ff]  (no source info available)
C  [igxelpicd64.dll+0x17e088]  (no source info available)
C  [igxelpicd64.dll+0x2b8a60]  (no source info available)
C  [igxelpicd64.dll+0x2b8c63]  (no source info available)
C  [igxelpicd64.dll+0x2bd36f]  (no source info available)
C  [igxelpicd64.dll+0x2bd19d]  (no source info available)
C  [igxelpicd64.dll+0x8190eb]  (no source info available)
C  [ntdll.dll+0x12080]  (no source info available)
C  [ntdll.dll+0xbcf60]  (no source info available)
C  [ntdll.dll+0xbc124]  (no source info available)
C  [KERNEL32.DLL+0x418ab]  (no source info available)
C  [ucrtbase.dll+0xa0143]  (no source info available)
V  [jvm.dll+0x6d9b3c]  (no source info available)
V  [jvm.dll+0x6d9670]  (no source info available)
V  [jvm.dll+0x3da724]  (no source info available)
V  [jvm.dll+0x886d50]  (no source info available)
V  [jvm.dll+0x888077]  (no source info available)
V  [jvm.dll+0x8885a8]  (no source info available)
V  [jvm.dll+0x888843]  (no source info available)
V  [jvm.dll+0x8254cb]  (no source info available)
V  [jvm.dll+0x6df345]  (no source info available)
C  [ucrtbase.dll+0x37b0]  (no source info available)
C  [KERNEL32.DLL+0x2e8d7]  (no source info available)
C  [ntdll.dll+0xbbf6c]  (no source info available)


siginfo: EXCEPTION_ACCESS_VIOLATION (0xc0000005), reading address 0x0000000000035bb8


Registers:
RAX=0x000002309748e548, RBX=0x000002309748e3f0, RCX=0x0000000000000000, RDX=0x00000000fffffff1
RSP=0x00000054a37fdfc0, RBP=0x0000000000000000, RSI=0x000002309748e9d0, RDI=0x0000023097d50a80
R8 =0x0000000000000014, R9 =0x0000000000000001, R10=0x0000000000000000, R11=0x0000000000000246
R12=0x0000023097ce0e00, R13=0x00000230977b6fb0, R14=0x000000000031ce00, R15=0x0000000000000016
RIP=0x00007ffc8e226252, EFLAGS=0x0000000000010206


Register to memory mapping:

RAX=0x000002309748e548 points into unknown readable memory: 0x000000000031cdbc | bc cd 31 00 00 00 00 00
RBX=0x000002309748e3f0 points into unknown readable memory: 0x0000023091ae0500 | 00 05 ae 91 30 02 00 00
RCX=0x0 is null
RDX=0x00000000fffffff1 is an unknown value
RSP=0x00000054a37fdfc0 points into unknown readable memory: 0x0000023091b03d70 | 70 3d b0 91 30 02 00 00
RBP=0x0 is null
RSI=0x000002309748e9d0 points into unknown readable memory: 0x00000230977b6fb0 | b0 6f 7b 97 30 02 00 00
RDI=0x0000023097d50a80 points into unknown readable memory: 0x00000230976be000 | 00 e0 6b 97 30 02 00 00
R8 =0x0000000000000014 is an unknown value
R9 =0x0000000000000001 is an unknown value
R10=0x0 is null
R11=0x0000000000000246 is an unknown value
R12=0x0000023097ce0e00 points into unknown readable memory: 0x0000000000018000 | 00 80 01 00 00 00 00 00
R13=0x00000230977b6fb0 points into unknown readable memory: 0x0000023091ae0500 | 00 05 ae 91 30 02 00 00
R14=0x000000000031ce00 is an unknown value
R15=0x0000000000000016 is an unknown value

Top of Stack: (sp=0x00000054a37fdfc0)
0x00000054a37fdfc0:   0000023091b03d70 0000000000000000
0x00000054a37fdfd0:   0308d4a302c453a2 00007ffd25b83814
0x00000054a37fdfe0:   02dc0ea502f9cba4 02743ca5021632a5
0x00000054a37fdff0:   02a81ca6028d6ba5 0274f6a600a644a6
0x00000054a37fe000:   0000000000000011 000000000031ce3b
0x00000054a37fe010:   0000b8021a800000 0000023097ce0ef8
0x00000054a37fe020:   0000000000000000 0000000000000000
0x00000054a37fe030:   00000054a37fe140 00007ffc8e00e31f
0x00000054a37fe040:   0000023091b03d70 0000023097d50a80
0x00000054a37fe050:   02bd7baf02b37e00 02f761b103335200
0x00000054a37fe060:   0000005400001628 029fb3b100000000
0x00000054a37fe070:   0000000000000000 022073b3033afbb2
0x00000054a37fe080:   02a87fb3022d74b3 032941b5033c59b4
0x00000054a37fe090:   021707b602bfc7b5 02c40bb7023bf1b6
0x00000054a37fe0a0:   029bcab7024913b7 00f31ab9030e09b9
0x00000054a37fe0b0:   02dc74ba029d43ba 0332ecba02a3b4ba
0x00000054a37fe0c0:   02de8bbb02856abb 008b8ebb02168ebb
0x00000054a37fe0d0:   0211debb00000001 02eb05bc022bf4bb
0x00000054a37fe0e0:   00b46ebc02e535bc 000002309a3c0000
0x00000054a37fe0f0:   0000b8021a800000 0000000000001628
0x00000054a37fe100:   0000000000000000 4000254000000001
0x00000054a37fe110:   0000000000000000 0000000000000000
0x00000054a37fe120:   0000000000000000 0000000000000000
0x00000054a37fe130:   0000000000000000 0000000000000000
0x00000054a37fe140:   0000000000000000 0000000000000000
0x00000054a37fe150:   0000000000000000 0000000000000000
0x00000054a37fe160:   0000000000000000 0000000000000000
0x00000054a37fe170:   0000000000000000 0000000000000000
0x00000054a37fe180:   0000000000000000 0000000000000000
0x00000054a37fe190:   0000000000000000 0000000000000000
0x00000054a37fe1a0:   0000000000000000 0000000000000000
0x00000054a37fe1b0:   0000000000000000 0000000000000000 

Instructions: (pc=0x00007ffc8e226252)
0x00007ffc8e226152:   8b fa 48 8b e9 48 8b 1d 7a 61 d6 00 48 89 58 08
0x00007ffc8e226162:   48 8b cb ff 15 bd b0 8d 00 90 4c 8b af e0 02 00
0x00007ffc8e226172:   00 48 8b 05 66 02 c6 00 44 8b b8 d0 0b 00 00 45
0x00007ffc8e226182:   33 d2 45 8a f2 4c 89 97 e0 02 00 00 44 89 97 e8
0x00007ffc8e226192:   02 00 00 4c 89 97 08 03 00 00 4c 89 97 f0 02 00
0x00007ffc8e2261a2:   00 48 85 ed 75 38 8b 35 b2 3a d6 00 65 48 8b 04
0x00007ffc8e2261b2:   25 58 00 00 00 b9 14 00 00 00 48 8b 04 f0 44 38
0x00007ffc8e2261c2:   14 01 0f 84 e0 09 78 00 65 48 8b 04 25 58 00 00
0x00007ffc8e2261d2:   00 bd 20 00 00 00 48 8b 04 f0 48 8b 2c 28 48 3b
0x00007ffc8e2261e2:   2d 91 60 d6 00 45 0f 44 fa 4d 85 ed 0f 84 72 01
0x00007ffc8e2261f2:   00 00 44 8a a4 24 90 00 00 00 49 8b dd 49 8d b5
0x00007ffc8e226202:   e0 05 00 00 4c 8b 2e 45 84 e4 0f 85 37 03 00 00
0x00007ffc8e226212:   44 8b 8f 30 02 00 00 48 8b 05 c0 01 c6 00 83 b8
0x00007ffc8e226222:   80 03 00 00 02 75 36 41 8d 51 f0 41 83 f9 10 0f
0x00007ffc8e226232:   83 62 01 00 00 4a 8d 04 cd 22 00 00 00 49 03 c1
0x00007ffc8e226242:   48 8d 04 c3 48 85 c0 0f 85 77 01 00 00 49 8b ca
0x00007ffc8e226252:   48 3b 8d b8 5b 03 00 0f 87 58 09 78 00 48 8d 93
0x00007ffc8e226262:   10 01 00 00 4c 39 93 60 06 00 00 0f 85 c3 0a 78
0x00007ffc8e226272:   00 44 8b 9f 30 02 00 00 48 8b 87 48 02 00 00 4c
0x00007ffc8e226282:   8b 10 44 8b 87 30 02 00 00 41 83 f8 10 0f 83 3a
0x00007ffc8e226292:   01 00 00 4b 8d 0c c0 48 8d 04 ca 48 85 c0 0f 85
0x00007ffc8e2262a2:   5a 01 00 00 33 c9 49 3b ca 0f 86 58 01 00 00 45
0x00007ffc8e2262b2:   33 d2 48 8b 87 e0 02 00 00 48 89 06 48 89 9f e0
0x00007ffc8e2262c2:   02 00 00 ff 87 e8 02 00 00 48 8b 43 08 48 8b 88
0x00007ffc8e2262d2:   18 01 00 00 48 01 8f 08 03 00 00 48 8b 43 08 48
0x00007ffc8e2262e2:   8b 88 18 01 00 00 48 81 e1 00 00 ff ff 48 81 c1
0x00007ffc8e2262f2:   00 00 01 00 48 01 8f f0 02 00 00 eb 45 48 8b d3
0x00007ffc8e226302:   41 8b cb e8 96 8f de ff 45 33 d2 84 c0 75 a3 44
0x00007ffc8e226312:   38 53 1c 0f 84 2e 02 00 00 48 8b 87 70 03 00 00
0x00007ffc8e226322:   48 03 87 08 03 00 00 48 3b 87 10 03 00 00 0f 83
0x00007ffc8e226332:   2c 0a 78 00 48 8b d3 48 8b cf e8 af f0 ff ff 45
0x00007ffc8e226342:   33 d2 4d 85 ed 0f 85 af fe ff ff 45 84 f6 44 8a 


Stack slot to memory mapping:

stack at sp + 0 slots: 0x0000023091b03d70 points into unknown readable memory: 0xffffffffffffffff | ff ff ff ff ff ff ff ff
stack at sp + 1 slots: 0x0 is null
stack at sp + 2 slots: 0x0308d4a302c453a2 is an unknown value
stack at sp + 3 slots: 0x00007ffd25b83814 ntdll.dll
stack at sp + 4 slots: 0x02dc0ea502f9cba4 is an unknown value
stack at sp + 5 slots: 0x02743ca5021632a5 is an unknown value
stack at sp + 6 slots: 0x02a81ca6028d6ba5 is an unknown value
stack at sp + 7 slots: 0x0274f6a600a644a6 is an unknown value

VM_Operation (0x00000054a2dff210): Exit, mode: safepoint, requested by thread 0x00000230a21a58a0


---------------  P R O C E S S  ---------------

Threads class SMR info:
_java_thread_list=0x00000230a2406960, length=19, elements={
0x0000023027229540, 0x000002304c4d2120, 0x000002304c4d2d80, 0x000002304c4d6af0,
0x000002304c4d7550, 0x000002304c4dbb00, 0x00000230910871e0, 0x0000023091097ca0,
0x0000023091172610, 0x00000230915b74c0, 0x00000230915b7b30, 0x0000023097b86120,
0x0000023097b867b0, 0x0000023097b83330, 0x0000023097b87b60, 0x0000023097ac2090,
0x0000023097ac2db0, 0x0000023097abffc0, 0x00000230a21a58a0
}

Java Threads: ( => current thread )
  0x0000023027229540 JavaThread "main"                              [_thread_blocked, id=61772, stack(0x00000054a3000000,0x00000054a3100000) (1024K)]
  0x000002304c4d2120 JavaThread "Reference Handler"          daemon [_thread_blocked, id=71676, stack(0x00000054a3800000,0x00000054a3900000) (1024K)]
  0x000002304c4d2d80 JavaThread "Finalizer"                  daemon [_thread_blocked, id=73484, stack(0x00000054a3900000,0x00000054a3a00000) (1024K)]
  0x000002304c4d6af0 JavaThread "Attach Listener"            daemon [_thread_blocked, id=87104, stack(0x00000054a3b00000,0x00000054a3c00000) (1024K)]
  0x000002304c4d7550 JavaThread "Service Thread"             daemon [_thread_blocked, id=78248, stack(0x00000054a3c00000,0x00000054a3d00000) (1024K)]
  0x000002304c4dbb00 JavaThread "Monitor Deflation Thread"   daemon [_thread_blocked, id=62764, stack(0x00000054a3d00000,0x00000054a3e00000) (1024K)]
  0x00000230910871e0 JavaThread "C2 CompilerThread0"         daemon [_thread_blocked, id=48240, stack(0x00000054a3e00000,0x00000054a3f00000) (1024K)]
  0x0000023091097ca0 JavaThread "C1 CompilerThread0"         daemon [_thread_blocked, id=72152, stack(0x00000054a3f00000,0x00000054a4000000) (1024K)]
  0x0000023091172610 JavaThread "Common-Cleaner"             daemon [_thread_blocked, id=52468, stack(0x00000054a4100000,0x00000054a4200000) (1024K)]
  0x00000230915b74c0 JavaThread "Monitor Ctrl-Break"         daemon [_thread_in_native, id=80724, stack(0x00000054a4800000,0x00000054a4900000) (1024K)]
  0x00000230915b7b30 JavaThread "Notification Thread"        daemon [_thread_blocked, id=69004, stack(0x00000054a4700000,0x00000054a4800000) (1024K)]
  0x0000023097b86120 JavaThread "RMI TCP Accept-0"           daemon [_thread_in_native, id=68916, stack(0x00000054a5300000,0x00000054a5400000) (1024K)]
  0x0000023097b867b0 JavaThread "RMI TCP Connection(1)-26.95.160.147" daemon [_thread_blocked, id=88060, stack(0x00000054a5400000,0x00000054a5500000) (1024K)]
  0x0000023097b83330 JavaThread "RMI Scheduler(0)"           daemon [_thread_blocked, id=73096, stack(0x00000054a5500000,0x00000054a5600000) (1024K)]
  0x0000023097b87b60 JavaThread "JMX server connection timeout 37" daemon [_thread_blocked, id=86372, stack(0x00000054a5600000,0x00000054a5700000) (1024K)]
  0x0000023097ac2090 JavaThread "Thread-0"                          [_thread_blocked, id=84472, stack(0x00000054a5700000,0x00000054a5800000) (1024K)]
  0x0000023097ac2db0 JavaThread "Thread-1"                          [_thread_blocked, id=66620, stack(0x00000054a6200000,0x00000054a6300000) (1024K)]
  0x0000023097abffc0 JavaThread "Java2D Disposer"            daemon [_thread_blocked, id=57508, stack(0x00000054a6300000,0x00000054a6400000) (1024K)]
  0x00000230a21a58a0 JavaThread "SIGINT handler"             daemon [_thread_blocked, id=68824, stack(0x00000054a2d00000,0x00000054a2e00000) (1024K)]
Total: 19

Other Threads:
=>0x000002304c4b7cf0 VMThread "VM Thread"                           [id=65428, stack(0x00000054a3700000,0x00000054a3800000) (1024K)]
  0x000002304c31f950 WorkerThread "GC Thread#0"                     [id=82340, stack(0x00000054a3100000,0x00000054a3200000) (1024K)]
  0x0000023097628160 WorkerThread "GC Thread#1"                     [id=86696, stack(0x00000054a4e00000,0x00000054a4f00000) (1024K)]
  0x0000023097628510 WorkerThread "GC Thread#2"                     [id=86788, stack(0x00000054a5800000,0x00000054a5900000) (1024K)]
  0x00000230976293d0 WorkerThread "GC Thread#3"                     [id=85068, stack(0x00000054a5900000,0x00000054a5a00000) (1024K)]
  0x0000023097629780 WorkerThread "GC Thread#4"                     [id=49376, stack(0x00000054a5a00000,0x00000054a5b00000) (1024K)]
  0x0000023097626b40 WorkerThread "GC Thread#5"                     [id=82492, stack(0x00000054a5b00000,0x00000054a5c00000) (1024K)]
  0x0000023097629b30 WorkerThread "GC Thread#6"                     [id=40784, stack(0x00000054a5c00000,0x00000054a5d00000) (1024K)]
  0x000002309762a640 WorkerThread "GC Thread#7"                     [id=77488, stack(0x00000054a5d00000,0x00000054a5e00000) (1024K)]
  0x00000230976288c0 WorkerThread "GC Thread#8"                     [id=84148, stack(0x00000054a5e00000,0x00000054a5f00000) (1024K)]
  0x0000023097629ee0 WorkerThread "GC Thread#9"                     [id=85164, stack(0x00000054a5f00000,0x00000054a6000000) (1024K)]
  0x00000230976272a0 WorkerThread "GC Thread#10"                    [id=70284, stack(0x00000054a6000000,0x00000054a6100000) (1024K)]
  0x0000023097627650 WorkerThread "GC Thread#11"                    [id=77184, stack(0x00000054a6100000,0x00000054a6200000) (1024K)]
  0x00000230a159a450 WorkerThread "GC Thread#12"                    [id=58548, stack(0x00000054a6400000,0x00000054a6500000) (1024K)]
  0x000002309818f2d0 WorkerThread "GC Thread#13"                    [id=71412, stack(0x00000054a4000000,0x00000054a4100000) (1024K)]
  0x0000023091299510 WorkerThread "GC Thread#14"                    [id=58636, stack(0x00000054a4200000,0x00000054a4300000) (1024K)]
  0x000002304c320a20 ConcurrentGCThread "G1 Main Marker"            terminated
  0x00000230297e06a0 WorkerThread "G1 Conc#0"                       [id=69760, stack(0x00000054a3300000,0x00000054a3400000) (1024K)]
  0x000002304c3f5480 ConcurrentGCThread "G1 Refine#0"               terminated
  0x000002304c3f5ea0 ConcurrentGCThread "G1 Service"                terminated
Total: 20

Threads with active compile tasks:
Total: 0

VM state: at safepoint (shutting down)

VM Mutex/Monitor currently owned by a thread:  ([mutex/lock_event])
[0x00007ffc9b614888] Threads_lock - owner thread: 0x000002304c4b7cf0
[0x00007ffc9b614988] Heap_lock - owner thread: 0x00000230a21a58a0

Heap address: 0x0000000604000000, size: 8128 MB, Compressed Oops mode: Zero based, Oop shift amount: 3

CDS archive(s) mapped at: [0x0000023050000000-0x0000023050d70000-0x0000023050d70000), size 14090240, SharedBaseAddress: 0x0000023050000000, ArchiveRelocationMode: 1.
Compressed class space mapped at: 0x0000023051000000-0x0000023091000000, reserved size: 1073741824
Narrow klass base: 0x0000023050000000, Narrow klass shift: 0, Narrow klass range: 0x41000000

GC Precious Log:
 CardTable entry size: 512
 Card Set container configuration: InlinePtr #cards 4 size 8 Array Of Cards #cards 32 size 80 Howl #buckets 8 coarsen threshold 7372 Howl Bitmap #cards 1024 size 144 coarsen threshold 921 Card regions per heap region 1 cards per card region 8192
 CPUs: 32 total, 32 available
 Memory: 32503M
 Large Page Support: Disabled
 NUMA Support: Disabled
 Compressed Oops: Enabled (Zero based)
 Heap Region Size: 4M
 Heap Min Capacity: 8M
 Heap Initial Capacity: 508M
 Heap Max Capacity: 8128M
 Pre-touch: Disabled
 Parallel Workers: 23
 Concurrent Workers: 6
 Concurrent Refinement Workers: 23
 Periodic GC: Disabled

Heap:
 garbage-first heap   total reserved 8323072K, committed 520192K, used 246944K [0x0000000604000000, 0x0000000800000000)
  region size 4096K, 61 young (249856K), 1 survivors (4096K)
 Metaspace       used 16685K, committed 17088K, reserved 1114112K
  class space    used 1419K, committed 1600K, reserved 1048576K

Heap Regions: E=young(eden), S=young(survivor), O=old, HS=humongous(starts), HC=humongous(continues), CS=collection set, F=free, TAMS=top-at-mark-start, PB=parsable bottom
|   0|0x0000000604000000, 0x00000006043ba3b0, 0x0000000604400000| 93%| O|  |TAMS 0x0000000604000000| PB 0x0000000604000000| Untracked |  0
|   1|0x0000000604400000, 0x0000000604400000, 0x0000000604800000|  0%| F|  |TAMS 0x0000000604400000| PB 0x0000000604400000| Untracked |  0
|   2|0x0000000604800000, 0x0000000604800000, 0x0000000604c00000|  0%| F|  |TAMS 0x0000000604800000| PB 0x0000000604800000| Untracked |  0
|   3|0x0000000604c00000, 0x0000000604c00000, 0x0000000605000000|  0%| F|  |TAMS 0x0000000604c00000| PB 0x0000000604c00000| Untracked |  0
|   4|0x0000000605000000, 0x0000000605000000, 0x0000000605400000|  0%| F|  |TAMS 0x0000000605000000| PB 0x0000000605000000| Untracked |  0
|   5|0x0000000605400000, 0x0000000605400000, 0x0000000605800000|  0%| F|  |TAMS 0x0000000605400000| PB 0x0000000605400000| Untracked |  0
|   6|0x0000000605800000, 0x0000000605800000, 0x0000000605c00000|  0%| F|  |TAMS 0x0000000605800000| PB 0x0000000605800000| Untracked |  0
|   7|0x0000000605c00000, 0x0000000605c00000, 0x0000000606000000|  0%| F|  |TAMS 0x0000000605c00000| PB 0x0000000605c00000| Untracked |  0
|   8|0x0000000606000000, 0x0000000606000000, 0x0000000606400000|  0%| F|  |TAMS 0x0000000606000000| PB 0x0000000606000000| Untracked |  0
|   9|0x0000000606400000, 0x0000000606400000, 0x0000000606800000|  0%| F|  |TAMS 0x0000000606400000| PB 0x0000000606400000| Untracked |  0
|  10|0x0000000606800000, 0x0000000606800000, 0x0000000606c00000|  0%| F|  |TAMS 0x0000000606800000| PB 0x0000000606800000| Untracked |  0
|  11|0x0000000606c00000, 0x0000000606c00000, 0x0000000607000000|  0%| F|  |TAMS 0x0000000606c00000| PB 0x0000000606c00000| Untracked |  0
|  12|0x0000000607000000, 0x0000000607000000, 0x0000000607400000|  0%| F|  |TAMS 0x0000000607000000| PB 0x0000000607000000| Untracked |  0
|  13|0x0000000607400000, 0x0000000607400000, 0x0000000607800000|  0%| F|  |TAMS 0x0000000607400000| PB 0x0000000607400000| Untracked |  0
|  14|0x0000000607800000, 0x0000000607800000, 0x0000000607c00000|  0%| F|  |TAMS 0x0000000607800000| PB 0x0000000607800000| Untracked |  0
|  15|0x0000000607c00000, 0x0000000607c00000, 0x0000000608000000|  0%| F|  |TAMS 0x0000000607c00000| PB 0x0000000607c00000| Untracked |  0
|  16|0x0000000608000000, 0x0000000608000000, 0x0000000608400000|  0%| F|  |TAMS 0x0000000608000000| PB 0x0000000608000000| Untracked |  0
|  17|0x0000000608400000, 0x0000000608400000, 0x0000000608800000|  0%| F|  |TAMS 0x0000000608400000| PB 0x0000000608400000| Untracked |  0
|  18|0x0000000608800000, 0x0000000608800000, 0x0000000608c00000|  0%| F|  |TAMS 0x0000000608800000| PB 0x0000000608800000| Untracked |  0
|  19|0x0000000608c00000, 0x0000000608c00000, 0x0000000609000000|  0%| F|  |TAMS 0x0000000608c00000| PB 0x0000000608c00000| Untracked |  0
|  20|0x0000000609000000, 0x0000000609000000, 0x0000000609400000|  0%| F|  |TAMS 0x0000000609000000| PB 0x0000000609000000| Untracked |  0
|  21|0x0000000609400000, 0x0000000609400000, 0x0000000609800000|  0%| F|  |TAMS 0x0000000609400000| PB 0x0000000609400000| Untracked |  0
|  22|0x0000000609800000, 0x0000000609800000, 0x0000000609c00000|  0%| F|  |TAMS 0x0000000609800000| PB 0x0000000609800000| Untracked |  0
|  23|0x0000000609c00000, 0x0000000609c00000, 0x000000060a000000|  0%| F|  |TAMS 0x0000000609c00000| PB 0x0000000609c00000| Untracked |  0
|  24|0x000000060a000000, 0x000000060a000000, 0x000000060a400000|  0%| F|  |TAMS 0x000000060a000000| PB 0x000000060a000000| Untracked |  0
|  25|0x000000060a400000, 0x000000060a400000, 0x000000060a800000|  0%| F|  |TAMS 0x000000060a400000| PB 0x000000060a400000| Untracked |  0
|  26|0x000000060a800000, 0x000000060a800000, 0x000000060ac00000|  0%| F|  |TAMS 0x000000060a800000| PB 0x000000060a800000| Untracked |  0
|  27|0x000000060ac00000, 0x000000060ac00000, 0x000000060b000000|  0%| F|  |TAMS 0x000000060ac00000| PB 0x000000060ac00000| Untracked |  0
|  28|0x000000060b000000, 0x000000060b000000, 0x000000060b400000|  0%| F|  |TAMS 0x000000060b000000| PB 0x000000060b000000| Untracked |  0
|  29|0x000000060b400000, 0x000000060b400000, 0x000000060b800000|  0%| F|  |TAMS 0x000000060b400000| PB 0x000000060b400000| Untracked |  0
|  30|0x000000060b800000, 0x000000060b800000, 0x000000060bc00000|  0%| F|  |TAMS 0x000000060b800000| PB 0x000000060b800000| Untracked |  0
|  31|0x000000060bc00000, 0x000000060bc00000, 0x000000060c000000|  0%| F|  |TAMS 0x000000060bc00000| PB 0x000000060bc00000| Untracked |  0
|  32|0x000000060c000000, 0x000000060c000000, 0x000000060c400000|  0%| F|  |TAMS 0x000000060c000000| PB 0x000000060c000000| Untracked |  0
|  33|0x000000060c400000, 0x000000060c400000, 0x000000060c800000|  0%| F|  |TAMS 0x000000060c400000| PB 0x000000060c400000| Untracked |  0
|  34|0x000000060c800000, 0x000000060c800000, 0x000000060cc00000|  0%| F|  |TAMS 0x000000060c800000| PB 0x000000060c800000| Untracked |  0
|  35|0x000000060cc00000, 0x000000060cc00000, 0x000000060d000000|  0%| F|  |TAMS 0x000000060cc00000| PB 0x000000060cc00000| Untracked |  0
|  36|0x000000060d000000, 0x000000060d000000, 0x000000060d400000|  0%| F|  |TAMS 0x000000060d000000| PB 0x000000060d000000| Untracked |  0
|  37|0x000000060d400000, 0x000000060d400000, 0x000000060d800000|  0%| F|  |TAMS 0x000000060d400000| PB 0x000000060d400000| Untracked |  0
|  38|0x000000060d800000, 0x000000060d800000, 0x000000060dc00000|  0%| F|  |TAMS 0x000000060d800000| PB 0x000000060d800000| Untracked |  0
|  39|0x000000060dc00000, 0x000000060dc00000, 0x000000060e000000|  0%| F|  |TAMS 0x000000060dc00000| PB 0x000000060dc00000| Untracked |  0
|  40|0x000000060e000000, 0x000000060e000000, 0x000000060e400000|  0%| F|  |TAMS 0x000000060e000000| PB 0x000000060e000000| Untracked |  0
|  41|0x000000060e400000, 0x000000060e400000, 0x000000060e800000|  0%| F|  |TAMS 0x000000060e400000| PB 0x000000060e400000| Untracked |  0
|  42|0x000000060e800000, 0x000000060e800000, 0x000000060ec00000|  0%| F|  |TAMS 0x000000060e800000| PB 0x000000060e800000| Untracked |  0
|  43|0x000000060ec00000, 0x000000060ec00000, 0x000000060f000000|  0%| F|  |TAMS 0x000000060ec00000| PB 0x000000060ec00000| Untracked |  0
|  44|0x000000060f000000, 0x000000060f000000, 0x000000060f400000|  0%| F|  |TAMS 0x000000060f000000| PB 0x000000060f000000| Untracked |  0
|  45|0x000000060f400000, 0x000000060f400000, 0x000000060f800000|  0%| F|  |TAMS 0x000000060f400000| PB 0x000000060f400000| Untracked |  0
|  46|0x000000060f800000, 0x000000060f800000, 0x000000060fc00000|  0%| F|  |TAMS 0x000000060f800000| PB 0x000000060f800000| Untracked |  0
|  47|0x000000060fc00000, 0x000000060fc00000, 0x0000000610000000|  0%| F|  |TAMS 0x000000060fc00000| PB 0x000000060fc00000| Untracked |  0
|  48|0x0000000610000000, 0x0000000610000000, 0x0000000610400000|  0%| F|  |TAMS 0x0000000610000000| PB 0x0000000610000000| Untracked |  0
|  49|0x0000000610400000, 0x0000000610400000, 0x0000000610800000|  0%| F|  |TAMS 0x0000000610400000| PB 0x0000000610400000| Untracked |  0
|  50|0x0000000610800000, 0x0000000610800000, 0x0000000610c00000|  0%| F|  |TAMS 0x0000000610800000| PB 0x0000000610800000| Untracked |  0
|  51|0x0000000610c00000, 0x0000000610c00000, 0x0000000611000000|  0%| F|  |TAMS 0x0000000610c00000| PB 0x0000000610c00000| Untracked |  0
|  52|0x0000000611000000, 0x0000000611000000, 0x0000000611400000|  0%| F|  |TAMS 0x0000000611000000| PB 0x0000000611000000| Untracked |  0
|  53|0x0000000611400000, 0x0000000611400000, 0x0000000611800000|  0%| F|  |TAMS 0x0000000611400000| PB 0x0000000611400000| Untracked |  0
|  54|0x0000000611800000, 0x0000000611800000, 0x0000000611c00000|  0%| F|  |TAMS 0x0000000611800000| PB 0x0000000611800000| Untracked |  0
|  55|0x0000000611c00000, 0x0000000611c00000, 0x0000000612000000|  0%| F|  |TAMS 0x0000000611c00000| PB 0x0000000611c00000| Untracked |  0
|  56|0x0000000612000000, 0x0000000612000000, 0x0000000612400000|  0%| F|  |TAMS 0x0000000612000000| PB 0x0000000612000000| Untracked |  0
|  57|0x0000000612400000, 0x0000000612400000, 0x0000000612800000|  0%| F|  |TAMS 0x0000000612400000| PB 0x0000000612400000| Untracked |  0
|  58|0x0000000612800000, 0x0000000612800000, 0x0000000612c00000|  0%| F|  |TAMS 0x0000000612800000| PB 0x0000000612800000| Untracked |  0
|  59|0x0000000612c00000, 0x0000000612c00000, 0x0000000613000000|  0%| F|  |TAMS 0x0000000612c00000| PB 0x0000000612c00000| Untracked |  0
|  60|0x0000000613000000, 0x0000000613000000, 0x0000000613400000|  0%| F|  |TAMS 0x0000000613000000| PB 0x0000000613000000| Untracked |  0
|  61|0x0000000613400000, 0x0000000613400000, 0x0000000613800000|  0%| F|  |TAMS 0x0000000613400000| PB 0x0000000613400000| Untracked |  0
|  62|0x0000000613800000, 0x0000000613800000, 0x0000000613c00000|  0%| F|  |TAMS 0x0000000613800000| PB 0x0000000613800000| Untracked |  0
|  63|0x0000000613c00000, 0x0000000613c00000, 0x0000000614000000|  0%| F|  |TAMS 0x0000000613c00000| PB 0x0000000613c00000| Untracked |  0
|  64|0x0000000614000000, 0x0000000614000000, 0x0000000614400000|  0%| F|  |TAMS 0x0000000614000000| PB 0x0000000614000000| Untracked |  0
|  65|0x0000000614400000, 0x0000000614400000, 0x0000000614800000|  0%| F|  |TAMS 0x0000000614400000| PB 0x0000000614400000| Untracked |  0
|  66|0x0000000614800000, 0x00000006148e4b48, 0x0000000614c00000| 22%| E|  |TAMS 0x0000000614800000| PB 0x0000000614800000| Complete |  0
|  67|0x0000000614c00000, 0x0000000615000000, 0x0000000615000000|100%| E|CS|TAMS 0x0000000614c00000| PB 0x0000000614c00000| Complete |  0
|  68|0x0000000615000000, 0x0000000615400000, 0x0000000615400000|100%| E|CS|TAMS 0x0000000615000000| PB 0x0000000615000000| Complete |  0
|  69|0x0000000615400000, 0x0000000615800000, 0x0000000615800000|100%| E|CS|TAMS 0x0000000615400000| PB 0x0000000615400000| Complete |  0
|  70|0x0000000615800000, 0x0000000615c00000, 0x0000000615c00000|100%| E|CS|TAMS 0x0000000615800000| PB 0x0000000615800000| Complete |  0
|  71|0x0000000615c00000, 0x0000000616000000, 0x0000000616000000|100%| E|CS|TAMS 0x0000000615c00000| PB 0x0000000615c00000| Complete |  0
|  72|0x0000000616000000, 0x0000000616400000, 0x0000000616400000|100%| E|CS|TAMS 0x0000000616000000| PB 0x0000000616000000| Complete |  0
|  73|0x0000000616400000, 0x000000061656dcb0, 0x0000000616800000| 35%| S|CS|TAMS 0x0000000616400000| PB 0x0000000616400000| Complete |  0
|  74|0x0000000616800000, 0x0000000616c00000, 0x0000000616c00000|100%| E|CS|TAMS 0x0000000616800000| PB 0x0000000616800000| Complete |  0
|  75|0x0000000616c00000, 0x0000000617000000, 0x0000000617000000|100%| E|CS|TAMS 0x0000000616c00000| PB 0x0000000616c00000| Complete |  0
|  76|0x0000000617000000, 0x0000000617400000, 0x0000000617400000|100%| E|CS|TAMS 0x0000000617000000| PB 0x0000000617000000| Complete |  0
|  77|0x0000000617400000, 0x0000000617800000, 0x0000000617800000|100%| E|CS|TAMS 0x0000000617400000| PB 0x0000000617400000| Complete |  0
|  78|0x0000000617800000, 0x0000000617c00000, 0x0000000617c00000|100%| E|CS|TAMS 0x0000000617800000| PB 0x0000000617800000| Complete |  0
|  79|0x0000000617c00000, 0x0000000618000000, 0x0000000618000000|100%| E|CS|TAMS 0x0000000617c00000| PB 0x0000000617c00000| Complete |  0
|  80|0x0000000618000000, 0x0000000618400000, 0x0000000618400000|100%| E|CS|TAMS 0x0000000618000000| PB 0x0000000618000000| Complete |  0
|  81|0x0000000618400000, 0x0000000618800000, 0x0000000618800000|100%| E|CS|TAMS 0x0000000618400000| PB 0x0000000618400000| Complete |  0
|  82|0x0000000618800000, 0x0000000618c00000, 0x0000000618c00000|100%| E|CS|TAMS 0x0000000618800000| PB 0x0000000618800000| Complete |  0
|  83|0x0000000618c00000, 0x0000000619000000, 0x0000000619000000|100%| E|CS|TAMS 0x0000000618c00000| PB 0x0000000618c00000| Complete |  0
|  84|0x0000000619000000, 0x0000000619400000, 0x0000000619400000|100%| E|CS|TAMS 0x0000000619000000| PB 0x0000000619000000| Complete |  0
|  85|0x0000000619400000, 0x0000000619800000, 0x0000000619800000|100%| E|CS|TAMS 0x0000000619400000| PB 0x0000000619400000| Complete |  0
|  86|0x0000000619800000, 0x0000000619c00000, 0x0000000619c00000|100%| E|CS|TAMS 0x0000000619800000| PB 0x0000000619800000| Complete |  0
|  87|0x0000000619c00000, 0x000000061a000000, 0x000000061a000000|100%| E|CS|TAMS 0x0000000619c00000| PB 0x0000000619c00000| Complete |  0
|  88|0x000000061a000000, 0x000000061a400000, 0x000000061a400000|100%| E|CS|TAMS 0x000000061a000000| PB 0x000000061a000000| Complete |  0
|  89|0x000000061a400000, 0x000000061a800000, 0x000000061a800000|100%| E|CS|TAMS 0x000000061a400000| PB 0x000000061a400000| Complete |  0
|  90|0x000000061a800000, 0x000000061ac00000, 0x000000061ac00000|100%| E|CS|TAMS 0x000000061a800000| PB 0x000000061a800000| Complete |  0
|  91|0x000000061ac00000, 0x000000061b000000, 0x000000061b000000|100%| E|CS|TAMS 0x000000061ac00000| PB 0x000000061ac00000| Complete |  0
|  92|0x000000061b000000, 0x000000061b400000, 0x000000061b400000|100%| E|CS|TAMS 0x000000061b000000| PB 0x000000061b000000| Complete |  0
|  93|0x000000061b400000, 0x000000061b800000, 0x000000061b800000|100%| E|CS|TAMS 0x000000061b400000| PB 0x000000061b400000| Complete |  0
|  94|0x000000061b800000, 0x000000061bc00000, 0x000000061bc00000|100%| E|CS|TAMS 0x000000061b800000| PB 0x000000061b800000| Complete |  0
|  95|0x000000061bc00000, 0x000000061c000000, 0x000000061c000000|100%| E|CS|TAMS 0x000000061bc00000| PB 0x000000061bc00000| Complete |  0
|  96|0x000000061c000000, 0x000000061c400000, 0x000000061c400000|100%| E|CS|TAMS 0x000000061c000000| PB 0x000000061c000000| Complete |  0
|  97|0x000000061c400000, 0x000000061c800000, 0x000000061c800000|100%| E|CS|TAMS 0x000000061c400000| PB 0x000000061c400000| Complete |  0
|  98|0x000000061c800000, 0x000000061cc00000, 0x000000061cc00000|100%| E|CS|TAMS 0x000000061c800000| PB 0x000000061c800000| Complete |  0
|  99|0x000000061cc00000, 0x000000061d000000, 0x000000061d000000|100%| E|CS|TAMS 0x000000061cc00000| PB 0x000000061cc00000| Complete |  0
| 100|0x000000061d000000, 0x000000061d400000, 0x000000061d400000|100%| E|CS|TAMS 0x000000061d000000| PB 0x000000061d000000| Complete |  0
| 101|0x000000061d400000, 0x000000061d800000, 0x000000061d800000|100%| E|CS|TAMS 0x000000061d400000| PB 0x000000061d400000| Complete |  0
| 102|0x000000061d800000, 0x000000061dc00000, 0x000000061dc00000|100%| E|CS|TAMS 0x000000061d800000| PB 0x000000061d800000| Complete |  0
| 103|0x000000061dc00000, 0x000000061e000000, 0x000000061e000000|100%| E|CS|TAMS 0x000000061dc00000| PB 0x000000061dc00000| Complete |  0
| 104|0x000000061e000000, 0x000000061e400000, 0x000000061e400000|100%| E|CS|TAMS 0x000000061e000000| PB 0x000000061e000000| Complete |  0
| 105|0x000000061e400000, 0x000000061e800000, 0x000000061e800000|100%| E|CS|TAMS 0x000000061e400000| PB 0x000000061e400000| Complete |  0
| 106|0x000000061e800000, 0x000000061ec00000, 0x000000061ec00000|100%| E|CS|TAMS 0x000000061e800000| PB 0x000000061e800000| Complete |  0
| 107|0x000000061ec00000, 0x000000061f000000, 0x000000061f000000|100%| E|CS|TAMS 0x000000061ec00000| PB 0x000000061ec00000| Complete |  0
| 108|0x000000061f000000, 0x000000061f400000, 0x000000061f400000|100%| E|CS|TAMS 0x000000061f000000| PB 0x000000061f000000| Complete |  0
| 109|0x000000061f400000, 0x000000061f800000, 0x000000061f800000|100%| E|CS|TAMS 0x000000061f400000| PB 0x000000061f400000| Complete |  0
| 110|0x000000061f800000, 0x000000061fc00000, 0x000000061fc00000|100%| E|CS|TAMS 0x000000061f800000| PB 0x000000061f800000| Complete |  0
| 111|0x000000061fc00000, 0x0000000620000000, 0x0000000620000000|100%| E|CS|TAMS 0x000000061fc00000| PB 0x000000061fc00000| Complete |  0
| 112|0x0000000620000000, 0x0000000620400000, 0x0000000620400000|100%| E|CS|TAMS 0x0000000620000000| PB 0x0000000620000000| Complete |  0
| 113|0x0000000620400000, 0x0000000620800000, 0x0000000620800000|100%| E|CS|TAMS 0x0000000620400000| PB 0x0000000620400000| Complete |  0
| 114|0x0000000620800000, 0x0000000620c00000, 0x0000000620c00000|100%| E|CS|TAMS 0x0000000620800000| PB 0x0000000620800000| Complete |  0
| 115|0x0000000620c00000, 0x0000000621000000, 0x0000000621000000|100%| E|CS|TAMS 0x0000000620c00000| PB 0x0000000620c00000| Complete |  0
| 116|0x0000000621000000, 0x0000000621400000, 0x0000000621400000|100%| E|CS|TAMS 0x0000000621000000| PB 0x0000000621000000| Complete |  0
| 117|0x0000000621400000, 0x0000000621800000, 0x0000000621800000|100%| E|CS|TAMS 0x0000000621400000| PB 0x0000000621400000| Complete |  0
| 118|0x0000000621800000, 0x0000000621c00000, 0x0000000621c00000|100%| E|CS|TAMS 0x0000000621800000| PB 0x0000000621800000| Complete |  0
| 119|0x0000000621c00000, 0x0000000622000000, 0x0000000622000000|100%| E|CS|TAMS 0x0000000621c00000| PB 0x0000000621c00000| Complete |  0
| 120|0x0000000622000000, 0x0000000622400000, 0x0000000622400000|100%| E|CS|TAMS 0x0000000622000000| PB 0x0000000622000000| Complete |  0
| 121|0x0000000622400000, 0x0000000622800000, 0x0000000622800000|100%| E|CS|TAMS 0x0000000622400000| PB 0x0000000622400000| Complete |  0
| 122|0x0000000622800000, 0x0000000622c00000, 0x0000000622c00000|100%| E|CS|TAMS 0x0000000622800000| PB 0x0000000622800000| Complete |  0
| 123|0x0000000622c00000, 0x0000000623000000, 0x0000000623000000|100%| E|CS|TAMS 0x0000000622c00000| PB 0x0000000622c00000| Complete |  0
| 124|0x0000000623000000, 0x0000000623400000, 0x0000000623400000|100%| E|CS|TAMS 0x0000000623000000| PB 0x0000000623000000| Complete |  0
| 125|0x0000000623400000, 0x0000000623800000, 0x0000000623800000|100%| E|CS|TAMS 0x0000000623400000| PB 0x0000000623400000| Complete |  0
| 126|0x0000000623800000, 0x0000000623c00000, 0x0000000623c00000|100%| E|CS|TAMS 0x0000000623800000| PB 0x0000000623800000| Complete |  0

Card table byte_map: [0x00000230432b0000,0x0000023044290000] _byte_map_base: 0x0000023040290000

Marking Bits: (CMBitMap*) 0x000002304c320060
 Bits: [0x0000023044290000, 0x000002304c190000)

Polling page: 0x0000023027570000

Metaspace:

Usage:
  Non-class:     14.91 MB used.
      Class:      1.39 MB used.
       Both:     16.29 MB used.

Virtual space:
  Non-class space:       64.00 MB reserved,      15.12 MB ( 24%) committed,  1 nodes.
      Class space:        1.00 GB reserved,       1.56 MB ( <1%) committed,  1 nodes.
             Both:        1.06 GB reserved,      16.69 MB (  2%) committed. 

Chunk freelists:
   Non-Class:  58.00 KB
       Class:  14.39 MB
        Both:  14.45 MB

MaxMetaspaceSize: unlimited
CompressedClassSpaceSize: 1.00 GB
Initial GC threshold: 21.00 MB
Current GC threshold: 21.00 MB
CDS: on
 - commit_granule_bytes: 65536.
 - commit_granule_words: 8192.
 - virtual_space_node_default_size: 8388608.
 - enlarge_chunks_in_place: 1.
 - use_allocation_guard: 0.


Internal statistics:

num_allocs_failed_limit: 0.
num_arena_births: 428.
num_arena_deaths: 0.
num_vsnodes_births: 2.
num_vsnodes_deaths: 0.
num_space_committed: 266.
num_space_uncommitted: 0.
num_chunks_returned_to_freelist: 0.
num_chunks_taken_from_freelist: 767.
num_chunk_merges: 0.
num_chunk_splits: 475.
num_chunks_enlarged: 261.
num_inconsistent_stats: 0.

CodeHeap 'non-profiled nmethods': size=118912Kb used=1157Kb max_used=1157Kb free=117754Kb
 bounds [0x0000023039a70000, 0x0000023039ce0000, 0x0000023040e90000]
CodeHeap 'profiled nmethods': size=118848Kb used=4877Kb max_used=4877Kb free=113970Kb
 bounds [0x0000023031e90000, 0x0000023032360000, 0x00000230392a0000]
CodeHeap 'non-nmethods': size=8000Kb used=2401Kb max_used=4684Kb free=5599Kb
 bounds [0x00000230392a0000, 0x0000023039740000, 0x0000023039a70000]
CodeCache: size=245760Kb, used=8435Kb, max_used=10718Kb, free=237323Kb
 total_blobs=4775, nmethods=3415, adapters=1265, full_count=0
Compilation: enabled, stopped_count=0, restarted_count=0

Compilation events (20 events):
Event: 213.017 Thread 0x00000230910871e0 3407       4       java.util.Arrays::fill (21 bytes)
Event: 213.018 Thread 0x00000230910871e0 nmethod 3407 0x0000023039b87188 code [0x0000023039b87280, 0x0000023039b873f8]
Event: 228.398 Thread 0x00000230910871e0 3408       4       java.util.TreeMap::containsKey (14 bytes)
Event: 228.398 Thread 0x00000230910871e0 nmethod 3408 0x0000023039b87488 code [0x0000023039b875a0, 0x0000023039b87650]
Event: 252.991 Thread 0x00000230910871e0 3409   !   4       java.io.ObjectOutputStream::writeOrdinaryObject (196 bytes)
Event: 253.035 Thread 0x00000230910871e0 nmethod 3409 0x0000023039b87788 code [0x0000023039b87c40, 0x0000023039b8bb90]
Event: 260.160 Thread 0x00000230910871e0 3410       4       java.io.ObjectOutputStream::writeString (74 bytes)
Event: 260.171 Thread 0x00000230910871e0 nmethod 3410 0x0000023039b8bf08 code [0x0000023039b8c100, 0x0000023039b8d4c8]
Event: 262.186 Thread 0x0000023091097ca0 3411       3       java.lang.invoke.LambdaForm$DMH/0x0000023051095400::invokeInterface (25 bytes)
Event: 262.186 Thread 0x0000023091097ca0 nmethod 3411 0x0000023032351b08 code [0x0000023032351c60, 0x0000023032352368]
Event: 262.186 Thread 0x0000023091097ca0 3412       3       com.sun.management.internal.OperatingSystemImpl::getProcessCpuLoad (5 bytes)
Event: 262.186 Thread 0x0000023091097ca0 nmethod 3412 0x0000023032352388 code [0x00000230323524a0, 0x00000230323525d8]
Event: 262.208 Thread 0x0000023091097ca0 3413       3       java.lang.invoke.DirectMethodHandle$Holder::invokeStatic (14 bytes)
Event: 262.209 Thread 0x0000023091097ca0 nmethod 3413 0x0000023032352688 code [0x00000230323527c0, 0x0000023032352bf0]
Event: 262.209 Thread 0x0000023091097ca0 3414       3       sun.invoke.util.ValueConversions::boxDouble (5 bytes)
Event: 262.209 Thread 0x0000023091097ca0 nmethod 3414 0x0000023032352c08 code [0x0000023032352d40, 0x0000023032353008]
Event: 269.383 Thread 0x00000230910871e0 3415       4       javax.management.ObjectName::construct (1135 bytes)
Event: 269.416 Thread 0x00000230910871e0 nmethod 3415 0x0000023039b8d608 code [0x0000023039b8d980, 0x0000023039b91500]
Event: 273.031 Thread 0x0000023091097ca0 3416       3       jdk.internal.misc.VM::isSystemDomainLoader (17 bytes)
Event: 273.031 Thread 0x0000023091097ca0 nmethod 3416 0x0000023032353088 code [0x00000230323531c0, 0x0000023032353520]

GC Heap History (14 events):
Event: 0.447 GC heap before
{Heap before GC invocations=0 (full 0):
 garbage-first heap   total reserved 8323072K, committed 520192K, used 24576K [0x0000000604000000, 0x0000000800000000)
  region size 4096K, 6 young (24576K), 0 survivors (0K)
 Metaspace       used 9946K, committed 10240K, reserved 1114112K
  class space    used 906K, committed 1024K, reserved 1048576K
}
Event: 0.450 GC heap after
{Heap after GC invocations=1 (full 0):
 garbage-first heap   total reserved 8323072K, committed 520192K, used 4126K [0x0000000604000000, 0x0000000800000000)
  region size 4096K, 1 young (4096K), 1 survivors (4096K)
 Metaspace       used 9946K, committed 10240K, reserved 1114112K
  class space    used 906K, committed 1024K, reserved 1048576K
}
Event: 0.642 GC heap before
{Heap before GC invocations=1 (full 0):
 garbage-first heap   total reserved 8323072K, committed 520192K, used 28702K [0x0000000604000000, 0x0000000800000000)
  region size 4096K, 6 young (24576K), 1 survivors (4096K)
 Metaspace       used 13987K, committed 14400K, reserved 1114112K
  class space    used 1305K, committed 1472K, reserved 1048576K
}
Event: 0.645 GC heap after
{Heap after GC invocations=2 (full 0):
 garbage-first heap   total reserved 8323072K, committed 520192K, used 13427K [0x0000000604000000, 0x0000000800000000)
  region size 4096K, 1 young (4096K), 1 survivors (4096K)
 Metaspace       used 13987K, committed 14400K, reserved 1114112K
  class space    used 1305K, committed 1472K, reserved 1048576K
}
Event: 10.165 GC heap before
{Heap before GC invocations=2 (full 0):
 garbage-first heap   total reserved 8323072K, committed 520192K, used 103539K [0x0000000604000000, 0x0000000800000000)
  region size 4096K, 18 young (73728K), 1 survivors (4096K)
 Metaspace       used 16273K, committed 16704K, reserved 1114112K
  class space    used 1409K, committed 1600K, reserved 1048576K
}
Event: 10.168 GC heap after
{Heap after GC invocations=3 (full 0):
 garbage-first heap   total reserved 8323072K, committed 520192K, used 34040K [0x0000000604000000, 0x0000000800000000)
  region size 4096K, 1 young (4096K), 1 survivors (4096K)
 Metaspace       used 16273K, committed 16704K, reserved 1114112K
  class space    used 1409K, committed 1600K, reserved 1048576K
}
Event: 35.295 GC heap before
{Heap before GC invocations=3 (full 0):
 garbage-first heap   total reserved 8323072K, committed 520192K, used 111864K [0x0000000604000000, 0x0000000800000000)
  region size 4096K, 20 young (81920K), 1 survivors (4096K)
 Metaspace       used 16397K, committed 16768K, reserved 1114112K
  class space    used 1411K, committed 1600K, reserved 1048576K
}
Event: 35.298 GC heap after
{Heap after GC invocations=4 (full 0):
 garbage-first heap   total reserved 8323072K, committed 520192K, used 5187K [0x0000000604000000, 0x0000000800000000)
  region size 4096K, 1 young (4096K), 1 survivors (4096K)
 Metaspace       used 16397K, committed 16768K, reserved 1114112K
  class space    used 1411K, committed 1600K, reserved 1048576K
}
Event: 75.171 GC heap before
{Heap before GC invocations=4 (full 0):
 garbage-first heap   total reserved 8323072K, committed 520192K, used 128067K [0x0000000604000000, 0x0000000800000000)
  region size 4096K, 31 young (126976K), 1 survivors (4096K)
 Metaspace       used 16477K, committed 16832K, reserved 1114112K
  class space    used 1416K, committed 1600K, reserved 1048576K
}
Event: 75.174 GC heap after
{Heap after GC invocations=5 (full 0):
 garbage-first heap   total reserved 8323072K, committed 520192K, used 5228K [0x0000000604000000, 0x0000000800000000)
  region size 4096K, 1 young (4096K), 1 survivors (4096K)
 Metaspace       used 16477K, committed 16832K, reserved 1114112K
  class space    used 1416K, committed 1600K, reserved 1048576K
}
Event: 126.081 GC heap before
{Heap before GC invocations=5 (full 0):
 garbage-first heap   total reserved 8323072K, committed 520192K, used 160876K [0x0000000604000000, 0x0000000800000000)
  region size 4096K, 39 young (159744K), 1 survivors (4096K)
 Metaspace       used 16613K, committed 16960K, reserved 1114112K
  class space    used 1416K, committed 1600K, reserved 1048576K
}
Event: 126.083 GC heap after
{Heap after GC invocations=6 (full 0):
 garbage-first heap   total reserved 8323072K, committed 520192K, used 5302K [0x0000000604000000, 0x0000000800000000)
  region size 4096K, 1 young (4096K), 1 survivors (4096K)
 Metaspace       used 16613K, committed 16960K, reserved 1114112K
  class space    used 1416K, committed 1600K, reserved 1048576K
}
Event: 195.771 GC heap before
{Heap before GC invocations=6 (full 0):
 garbage-first heap   total reserved 8323072K, committed 520192K, used 218294K [0x0000000604000000, 0x0000000800000000)
  region size 4096K, 53 young (217088K), 1 survivors (4096K)
 Metaspace       used 16651K, committed 17088K, reserved 1114112K
  class space    used 1416K, committed 1600K, reserved 1048576K
}
Event: 195.773 GC heap after
{Heap after GC invocations=7 (full 0):
 garbage-first heap   total reserved 8323072K, committed 520192K, used 5280K [0x0000000604000000, 0x0000000800000000)
  region size 4096K, 1 young (4096K), 1 survivors (4096K)
 Metaspace       used 16651K, committed 17088K, reserved 1114112K
  class space    used 1416K, committed 1600K, reserved 1048576K
}

Dll operation events (19 events):
Event: 0.005 Loaded shared library C:\Users\Ben Tomlinson\.jdks\openjdk-23.0.2\bin\java.dll
Event: 0.023 Loaded shared library C:\Users\Ben Tomlinson\.jdks\openjdk-23.0.2\bin\jsvml.dll
Event: 0.048 Loaded shared library C:\Users\Ben Tomlinson\.jdks\openjdk-23.0.2\bin\zip.dll
Event: 0.049 Loaded shared library C:\Users\Ben Tomlinson\.jdks\openjdk-23.0.2\bin\instrument.dll
Event: 0.051 Loaded shared library C:\Users\Ben Tomlinson\.jdks\openjdk-23.0.2\bin\net.dll
Event: 0.052 Loaded shared library C:\Users\Ben Tomlinson\.jdks\openjdk-23.0.2\bin\nio.dll
Event: 0.055 Loaded shared library C:\Users\Ben Tomlinson\.jdks\openjdk-23.0.2\bin\zip.dll
Event: 0.073 Loaded shared library C:\Program Files\JetBrains\IntelliJ IDEA 2024.3.2\bin\breakgen64.dll
Event: 0.081 Loaded shared library C:\Users\Ben Tomlinson\.jdks\openjdk-23.0.2\bin\extnet.dll
Event: 0.081 Loaded shared library C:\Users\Ben Tomlinson\.jdks\openjdk-23.0.2\bin\jimage.dll
Event: 0.099 Loaded shared library C:\Users\Ben Tomlinson\.jdks\openjdk-23.0.2\bin\management.dll
Event: 0.106 Loaded shared library C:\Users\Ben Tomlinson\.jdks\openjdk-23.0.2\bin\management_ext.dll
Event: 0.114 Loaded shared library C:\Users\Ben Tomlinson\AppData\Local\Temp\lwjgl_Ben Tomlinson\3.3.6+1\x64\lwjgl.dll
Event: 0.235 Loaded shared library C:\Users\Ben Tomlinson\AppData\Local\Temp\lwjgl_Ben Tomlinson\3.3.6+1\x64\lwjgl_opengl.dll
Event: 0.416 Loaded shared library C:\Users\Ben Tomlinson\.jdks\openjdk-23.0.2\bin\verify.dll
Event: 0.497 Loaded shared library C:\Users\Ben Tomlinson\.jdks\openjdk-23.0.2\bin\awt.dll
Event: 0.505 Loaded shared library C:\Users\Ben Tomlinson\.jdks\openjdk-23.0.2\bin\freetype.dll
Event: 0.506 Loaded shared library C:\Users\Ben Tomlinson\.jdks\openjdk-23.0.2\bin\fontmanager.dll
Event: 0.600 Loaded shared library C:\Users\Ben Tomlinson\AppData\Local\Temp\lwjgl_Ben Tomlinson\3.3.6+1\x64\lwjgl_stb.dll

Deoptimization events (20 events):
Event: 22.029 Thread 0x0000023027229540 Uncommon trap: trap_request=0xffffff45 fr.pc=0x0000023039b4f8bc relative=0x000000000000039c
Event: 22.029 Thread 0x0000023027229540 Uncommon trap: reason=unstable_if action=reinterpret pc=0x0000023039b4f8bc method=java.util.HashMap$HashIterator.<init>(Ljava/util/HashMap;)V @ 45 c2
Event: 22.029 Thread 0x0000023027229540 DEOPT PACKING pc=0x0000023039b4f8bc sp=0x00000054a30ff400
Event: 22.029 Thread 0x0000023027229540 DEOPT UNPACKING pc=0x00000230392f4402 sp=0x00000054a30ff3b8 mode 2
Event: 105.260 Thread 0x0000023097b867b0 Uncommon trap: trap_request=0xffffffde fr.pc=0x0000023039b6b428 relative=0x0000000000000108
Event: 105.260 Thread 0x0000023097b867b0 Uncommon trap: reason=class_check action=maybe_recompile pc=0x0000023039b6b428 method=jdk.internal.misc.Unsafe.allocateUninitializedArray(Ljava/lang/Class;I)Ljava/lang/Object; @ 51 c2
Event: 105.260 Thread 0x0000023097b867b0 DEOPT PACKING pc=0x0000023039b6b428 sp=0x00000054a54fe5e0
Event: 105.260 Thread 0x0000023097b867b0 DEOPT UNPACKING pc=0x00000230392f4402 sp=0x00000054a54fe558 mode 2
Event: 105.260 Thread 0x0000023097b87b60 Uncommon trap: trap_request=0xffffffde fr.pc=0x0000023039b6b428 relative=0x0000000000000108
Event: 105.260 Thread 0x0000023097b87b60 Uncommon trap: reason=class_check action=maybe_recompile pc=0x0000023039b6b428 method=jdk.internal.misc.Unsafe.allocateUninitializedArray(Ljava/lang/Class;I)Ljava/lang/Object; @ 51 c2
Event: 105.260 Thread 0x0000023097b87b60 DEOPT PACKING pc=0x0000023039b6b428 sp=0x00000054a56fef40
Event: 105.260 Thread 0x0000023097b87b60 DEOPT UNPACKING pc=0x00000230392f4402 sp=0x00000054a56feeb8 mode 2
Event: 105.260 Thread 0x0000023097b87b60 Uncommon trap: trap_request=0xffffffde fr.pc=0x0000023039b6b428 relative=0x0000000000000108
Event: 105.260 Thread 0x0000023097b87b60 Uncommon trap: reason=class_check action=maybe_recompile pc=0x0000023039b6b428 method=jdk.internal.misc.Unsafe.allocateUninitializedArray(Ljava/lang/Class;I)Ljava/lang/Object; @ 51 c2
Event: 105.260 Thread 0x0000023097b87b60 DEOPT PACKING pc=0x0000023039b6b428 sp=0x00000054a56fef40
Event: 105.260 Thread 0x0000023097b87b60 DEOPT UNPACKING pc=0x00000230392f4402 sp=0x00000054a56feeb8 mode 2
Event: 105.260 Thread 0x0000023097b867b0 Uncommon trap: trap_request=0xffffffde fr.pc=0x0000023039b6b428 relative=0x0000000000000108
Event: 105.260 Thread 0x0000023097b867b0 Uncommon trap: reason=class_check action=maybe_recompile pc=0x0000023039b6b428 method=jdk.internal.misc.Unsafe.allocateUninitializedArray(Ljava/lang/Class;I)Ljava/lang/Object; @ 51 c2
Event: 105.260 Thread 0x0000023097b867b0 DEOPT PACKING pc=0x0000023039b6b428 sp=0x00000054a54fe5e0
Event: 105.260 Thread 0x0000023097b867b0 DEOPT UNPACKING pc=0x00000230392f4402 sp=0x00000054a54fe558 mode 2

Classes loaded (20 events):
Event: 0.608 Loading class java/io/ObjectStreamException
Event: 0.608 Loading class java/io/ObjectStreamException done
Event: 0.803 Loading class java/util/regex/Pattern$BnM
Event: 0.803 Loading class java/util/regex/Pattern$BnM done
Event: 0.886 Loading class sun/text/resources/cldr/FormatData_en
Event: 0.886 Loading class sun/text/resources/cldr/FormatData_en done
Event: 0.886 Loading class sun/text/resources/cldr/FormatData_en_US
Event: 0.886 Loading class sun/text/resources/cldr/FormatData_en_US done
Event: 4.825 Loading class jdk/internal/math/FDBigInteger
Event: 4.825 Loading class jdk/internal/math/FDBigInteger done
Event: 4.828 Loading class java/text/DigitList$1
Event: 4.828 Loading class java/text/DigitList$1 done
Event: 273.030 Loading class jdk/internal/misc/Signal$1
Event: 273.030 Loading class jdk/internal/misc/Signal$1 done
Event: 273.031 Loading class sun/font/SunFontManager$7$1
Event: 273.031 Loading class sun/font/SunFontManager$7$1 done
Event: 273.031 Loading class java/util/WeakHashMap$KeyIterator
Event: 273.031 Loading class java/util/WeakHashMap$HashIterator
Event: 273.031 Loading class java/util/WeakHashMap$HashIterator done
Event: 273.031 Loading class java/util/WeakHashMap$KeyIterator done

Classes unloaded (0 events):
No events

Classes redefined (0 events):
No events

Internal exceptions (20 events):
Event: 0.349 Thread 0x0000023097b867b0 Exception <a 'java/lang/NoSuchMethodError'{0x00000006224670a8}: 'java.lang.Object java.lang.invoke.DirectMethodHandle$Holder.invokeInterface(java.lang.Object, java.lang.Object, java.lang.Object, java.lang.Object, java.lang.Object)'> (0x00000006224670a8) 
thrown [s\open\src\hotspot\share\interpreter\linkResolver.cpp, line 796]
Event: 0.352 Thread 0x0000023097b867b0 Exception <a 'java/lang/NoSuchMethodError'{0x0000000622505780}: 'double java.lang.invoke.DirectMethodHandle$Holder.invokeInterface(java.lang.Object, java.lang.Object)'> (0x0000000622505780) 
thrown [s\open\src\hotspot\share\interpreter\linkResolver.cpp, line 796]
Event: 0.352 Thread 0x0000023097b867b0 Exception <a 'java/lang/NoSuchMethodError'{0x000000062250d150}: 'double java.lang.invoke.DelegatingMethodHandle$Holder.reinvoke_L(java.lang.Object, java.lang.Object)'> (0x000000062250d150) 
thrown [s\open\src\hotspot\share\interpreter\linkResolver.cpp, line 796]
Event: 0.386 Thread 0x0000023027229540 Exception <a 'java/lang/NoSuchMethodError'{0x0000000622a1efb0}: 'void java.lang.invoke.DirectMethodHandle$Holder.invokeStatic(java.lang.Object, long, int, int)'> (0x0000000622a1efb0) 
thrown [s\open\src\hotspot\share\interpreter\linkResolver.cpp, line 796]
Event: 0.433 Thread 0x0000023027229540 Exception <a 'java/lang/NoSuchMethodError'{0x00000006226feee8}: 'void java.lang.invoke.DirectMethodHandle$Holder.invokeStatic(java.lang.Object, int)'> (0x00000006226feee8) 
thrown [s\open\src\hotspot\share\interpreter\linkResolver.cpp, line 796]
Event: 0.485 Thread 0x0000023027229540 Exception <a 'java/lang/NoSuchMethodError'{0x0000000623b96b00}: 'void java.lang.invoke.DelegatingMethodHandle$Holder.reinvoke_L(java.lang.Object, java.lang.Object, int)'> (0x0000000623b96b00) 
thrown [s\open\src\hotspot\share\interpreter\linkResolver.cpp, line 796]
Event: 0.486 Thread 0x0000023027229540 Exception <a 'java/lang/NoSuchMethodError'{0x0000000623b9d400}: 'int java.lang.invoke.Invokers$Holder.invokeExact_MT(java.lang.Object, java.lang.Object, java.lang.Object)'> (0x0000000623b9d400) 
thrown [s\open\src\hotspot\share\interpreter\linkResolver.cpp, line 796]
Event: 0.493 Thread 0x0000023027229540 Exception <a 'java/lang/NoSuchMethodError'{0x0000000623bcaa30}: 'void java.lang.invoke.DirectMethodHandle$Holder.invokeSpecial(java.lang.Object, java.lang.Object, double)'> (0x0000000623bcaa30) 
thrown [s\open\src\hotspot\share\interpreter\linkResolver.cpp, line 796]
Event: 0.495 Thread 0x0000023027229540 Exception <a 'java/lang/ClassNotFoundException'{0x0000000623bd6e18}: sun/awt/resources/spi/awtProvider> (0x0000000623bd6e18) 
thrown [s\open\src\hotspot\share\classfile\systemDictionary.cpp, line 313]
Event: 0.498 Thread 0x0000023027229540 Exception <a 'java/io/FileNotFoundException'{0x0000000623be0328}> (0x0000000623be0328) 
thrown [s\open\src\hotspot\share\prims\jni.cpp, line 520]
Event: 0.499 Thread 0x0000023027229540 Exception <a 'java/io/FileNotFoundException'{0x000000062343e148}> (0x000000062343e148) 
thrown [s\open\src\hotspot\share\prims\jni.cpp, line 520]
Event: 0.595 Thread 0x0000023027229540 Exception <a 'java/lang/NoSuchMethodError'{0x0000000622c59c08}: 'void java.lang.System.load(java.lang.String, java.lang.Class)'> (0x0000000622c59c08) 
thrown [s\open\src\hotspot\share\interpreter\linkResolver.cpp, line 796]
Event: 0.595 Thread 0x0000023027229540 Exception <a 'java/lang/NoSuchMethodError'{0x0000000622c5c698}: 'void java.lang.System.loadLibrary(java.lang.String, java.lang.Class)'> (0x0000000622c5c698) 
thrown [s\open\src\hotspot\share\interpreter\linkResolver.cpp, line 796]
Event: 0.599 Thread 0x0000023027229540 Exception <a 'sun/nio/fs/WindowsException'{0x0000000622c6b960}> (0x0000000622c6b960) 
thrown [s\open\src\hotspot\share\prims\jni.cpp, line 520]
Event: 0.599 Thread 0x0000023027229540 Exception <a 'sun/nio/fs/WindowsException'{0x0000000622c6bd20}> (0x0000000622c6bd20) 
thrown [s\open\src\hotspot\share\prims\jni.cpp, line 520]
Event: 0.605 Thread 0x0000023097b867b0 Exception <a 'java/lang/NoSuchMethodError'{0x0000000622ca2100}: 'long java.lang.invoke.DirectMethodHandle$Holder.invokeVirtual(java.lang.Object, java.lang.Object)'> (0x0000000622ca2100) 
thrown [s\open\src\hotspot\share\interpreter\linkResolver.cpp, line 796]
Event: 0.606 Thread 0x0000023097b867b0 Exception <a 'java/lang/NoSuchMethodError'{0x0000000622ca56f8}: 'long java.lang.invoke.DelegatingMethodHandle$Holder.reinvoke_L(java.lang.Object, java.lang.Object)'> (0x0000000622ca56f8) 
thrown [s\open\src\hotspot\share\interpreter\linkResolver.cpp, line 796]
Event: 0.881 Thread 0x0000023027229540 Exception <a 'java/lang/NoSuchMethodError'{0x0000000620883b80}: 'float java.lang.invoke.DirectMethodHandle$Holder.invokeVirtual(java.lang.Object, java.lang.Object)'> (0x0000000620883b80) 
thrown [s\open\src\hotspot\share\interpreter\linkResolver.cpp, line 796]
Event: 0.881 Thread 0x0000023027229540 Exception <a 'java/lang/NoSuchMethodError'{0x0000000620889c68}: 'int java.lang.invoke.DirectMethodHandle$Holder.invokeStatic(java.lang.Object, java.lang.Object, java.lang.Object, java.lang.Object)'> (0x0000000620889c68) 
thrown [s\open\src\hotspot\share\interpreter\linkResolver.cpp, line 796]
Event: 4.802 Thread 0x0000023097ac2090 Exception <a 'java/lang/NoSuchMethodError'{0x00000006205f5630}: 'void java.lang.invoke.Invokers$Holder.invokeExact_MT(java.lang.Object, java.lang.Object, int, java.lang.Object)'> (0x00000006205f5630) 
thrown [s\open\src\hotspot\share\interpreter\linkResolver.cpp, line 796]

VM Operations (20 events):
Event: 0.645 Executing VM operation: G1CollectForAllocation (G1 Evacuation Pause) done
Event: 0.887 Executing VM operation: HandshakeAllThreads (Deoptimize)
Event: 0.887 Executing VM operation: HandshakeAllThreads (Deoptimize) done
Event: 4.851 Executing VM operation: HandshakeAllThreads (Deoptimize)
Event: 4.851 Executing VM operation: HandshakeAllThreads (Deoptimize) done
Event: 10.165 Executing VM operation: G1CollectForAllocation (G1 Evacuation Pause)
Event: 10.168 Executing VM operation: G1CollectForAllocation (G1 Evacuation Pause) done
Event: 35.295 Executing VM operation: G1CollectForAllocation (G1 Evacuation Pause)
Event: 35.298 Executing VM operation: G1CollectForAllocation (G1 Evacuation Pause) done
Event: 60.188 Executing VM operation: HandshakeAllThreads (HandshakeForDeflation)
Event: 60.188 Executing VM operation: HandshakeAllThreads (HandshakeForDeflation) done
Event: 60.188 Executing VM operation: RendezvousGCThreads
Event: 60.188 Executing VM operation: RendezvousGCThreads done
Event: 75.171 Executing VM operation: G1CollectForAllocation (G1 Evacuation Pause)
Event: 75.174 Executing VM operation: G1CollectForAllocation (G1 Evacuation Pause) done
Event: 126.081 Executing VM operation: G1CollectForAllocation (G1 Evacuation Pause)
Event: 126.083 Executing VM operation: G1CollectForAllocation (G1 Evacuation Pause) done
Event: 195.771 Executing VM operation: G1CollectForAllocation (G1 Evacuation Pause)
Event: 195.773 Executing VM operation: G1CollectForAllocation (G1 Evacuation Pause) done
Event: 273.033 Executing VM operation: Exit

Memory protections (0 events):
No events

Nmethod flushes (0 events):
No events

Events (20 events):
Event: 108.683 Thread 0x00000230910871e0 Thread added: 0x000002309755ce80
Event: 113.724 Thread 0x000002309755ce80 Thread exited: 0x000002309755ce80
Event: 114.488 Thread 0x0000023091119d30 Thread exited: 0x0000023091119d30
Event: 127.821 Thread 0x0000023091097ca0 Thread added: 0x00000230914ba490
Event: 127.821 Thread 0x0000023091097ca0 Thread added: 0x00000230914bab50
Event: 130.897 Thread 0x00000230914bab50 Thread exited: 0x00000230914bab50
Event: 130.897 Thread 0x00000230914ba490 Thread exited: 0x00000230914ba490
Event: 130.898 Thread 0x0000023091097ca0 Thread added: 0x00000230914ba490
Event: 135.912 Thread 0x00000230914ba490 Thread exited: 0x00000230914ba490
Event: 196.587 Thread 0x0000023091097ca0 Thread added: 0x0000023091803920
Event: 198.643 Thread 0x0000023091803920 Thread exited: 0x0000023091803920
Event: 273.030 Thread 0x000002304c4d58f0 Thread added: 0x00000230a21a58a0
Event: 273.031 Thread 0x00000230a21a58a0 Thread added: 0x00000230a21aa760
Event: 273.031 Thread 0x00000230a21a58a0 Thread added: 0x00000230a21a9a40
Event: 273.031 Thread 0x00000230a21a58a0 Thread added: 0x00000230a21aa0d0
Event: 273.031 Thread 0x00000230a21aa0d0 Thread exited: 0x00000230a21aa0d0
Event: 273.031 Thread 0x00000230a21aa760 Thread exited: 0x00000230a21aa760
Event: 273.033 Thread 0x00000230a21a9a40 Thread exited: 0x00000230a21a9a40
Event: 273.033 Thread 0x00000230a21a58a0 Before exit entered
Event: 273.033 Thread 0x000002304c4d58f0 Thread exited: 0x000002304c4d58f0


Dynamic libraries:
0x00007ff6fe310000 - 0x00007ff6fe31e000 	C:\Users\Ben Tomlinson\.jdks\openjdk-23.0.2\bin\java.exe
0x00007ffd25a20000 - 0x00007ffd25c83000 	C:\WINDOWS\SYSTEM32\ntdll.dll
0x00007ffd246a0000 - 0x00007ffd24767000 	C:\WINDOWS\System32\KERNEL32.DLL
0x00007ffd22cb0000 - 0x00007ffd23079000 	C:\WINDOWS\System32\KERNELBASE.dll
0x00007ffd236c0000 - 0x00007ffd2380c000 	C:\WINDOWS\System32\ucrtbase.dll
0x00007ffd1f480000 - 0x00007ffd1f497000 	C:\Users\Ben Tomlinson\.jdks\openjdk-23.0.2\bin\jli.dll
0x00007ffd1c300000 - 0x00007ffd1c31b000 	C:\Users\Ben Tomlinson\.jdks\openjdk-23.0.2\bin\VCRUNTIME140.dll
0x00007ffd24b30000 - 0x00007ffd24cfa000 	C:\WINDOWS\System32\USER32.dll
0x00007ffd23810000 - 0x00007ffd23837000 	C:\WINDOWS\System32\win32u.dll
0x00007ffd05d60000 - 0x00007ffd05ff0000 	C:\WINDOWS\WinSxS\amd64_microsoft.windows.common-controls_6595b64144ccf1df_6.0.26100.3323_none_3e088096e3344490\COMCTL32.dll
0x00007ffd24480000 - 0x00007ffd24529000 	C:\WINDOWS\System32\msvcrt.dll
0x00007ffd23840000 - 0x00007ffd2386a000 	C:\WINDOWS\System32\GDI32.dll
0x00007ffd23120000 - 0x00007ffd23251000 	C:\WINDOWS\System32\gdi32full.dll
0x00007ffd23610000 - 0x00007ffd236b3000 	C:\WINDOWS\System32\msvcp_win.dll
0x00007ffd24d00000 - 0x00007ffd24d2f000 	C:\WINDOWS\System32\IMM32.DLL
0x00007ffd1c2f0000 - 0x00007ffd1c2fc000 	C:\Users\Ben Tomlinson\.jdks\openjdk-23.0.2\bin\vcruntime140_1.dll
0x00007ffd18420000 - 0x00007ffd184ae000 	C:\Users\Ben Tomlinson\.jdks\openjdk-23.0.2\bin\msvcp140.dll
0x00007ffc9a9a0000 - 0x00007ffc9b6f0000 	C:\Users\Ben Tomlinson\.jdks\openjdk-23.0.2\bin\server\jvm.dll
0x00007ffd24560000 - 0x00007ffd24612000 	C:\WINDOWS\System32\ADVAPI32.dll
0x00007ffd23870000 - 0x00007ffd23916000 	C:\WINDOWS\System32\sechost.dll
0x00007ffd24d40000 - 0x00007ffd24e56000 	C:\WINDOWS\System32\RPCRT4.dll
0x00007ffd24a50000 - 0x00007ffd24ac4000 	C:\WINDOWS\System32\WS2_32.dll
0x00007ffd21880000 - 0x00007ffd218ce000 	C:\WINDOWS\SYSTEM32\POWRPROF.dll
0x00007ffd0c2c0000 - 0x00007ffd0c2f6000 	C:\WINDOWS\SYSTEM32\WINMM.dll
0x00007ffd13330000 - 0x00007ffd1333b000 	C:\WINDOWS\SYSTEM32\VERSION.dll
0x00007ffd21860000 - 0x00007ffd21874000 	C:\WINDOWS\SYSTEM32\UMPDC.dll
0x00007ffd21b30000 - 0x00007ffd21b4a000 	C:\WINDOWS\SYSTEM32\kernel.appcore.dll
0x00007ffd1be80000 - 0x00007ffd1be8a000 	C:\Users\Ben Tomlinson\.jdks\openjdk-23.0.2\bin\jimage.dll
0x00007ffd1ff90000 - 0x00007ffd201d1000 	C:\WINDOWS\SYSTEM32\DBGHELP.DLL
0x00007ffd24f60000 - 0x00007ffd252e2000 	C:\WINDOWS\System32\combase.dll
0x00007ffd247d0000 - 0x00007ffd248a6000 	C:\WINDOWS\System32\OLEAUT32.dll
0x00007ffcdb300000 - 0x00007ffcdb339000 	C:\WINDOWS\SYSTEM32\dbgcore.DLL
0x00007ffd23080000 - 0x00007ffd23119000 	C:\WINDOWS\System32\bcryptPrimitives.dll
0x00007ffd1be70000 - 0x00007ffd1be7f000 	C:\Users\Ben Tomlinson\.jdks\openjdk-23.0.2\bin\instrument.dll
0x00007ffd1a930000 - 0x00007ffd1a94e000 	C:\Users\Ben Tomlinson\.jdks\openjdk-23.0.2\bin\java.dll
0x00007ffd248b0000 - 0x00007ffd24a45000 	C:\WINDOWS\System32\ole32.dll
0x00007ffd239a0000 - 0x00007ffd240b5000 	C:\WINDOWS\System32\SHELL32.dll
0x00007ffd23320000 - 0x00007ffd23488000 	C:\WINDOWS\System32\wintypes.dll
0x00007ffd20900000 - 0x00007ffd21145000 	C:\WINDOWS\SYSTEM32\windows.storage.dll
0x00007ffd240f0000 - 0x00007ffd241db000 	C:\WINDOWS\System32\SHCORE.dll
0x00007ffd24770000 - 0x00007ffd247cd000 	C:\WINDOWS\System32\shlwapi.dll
0x00007ffd22b30000 - 0x00007ffd22b5f000 	C:\WINDOWS\SYSTEM32\profapi.dll
0x00007ffd18040000 - 0x00007ffd18117000 	C:\Users\Ben Tomlinson\.jdks\openjdk-23.0.2\bin\jsvml.dll
0x00007ffd1a750000 - 0x00007ffd1a767000 	C:\Users\Ben Tomlinson\.jdks\openjdk-23.0.2\bin\zip.dll
0x00007ffd1a810000 - 0x00007ffd1a820000 	C:\Users\Ben Tomlinson\.jdks\openjdk-23.0.2\bin\net.dll
0x00007ffd22070000 - 0x00007ffd220da000 	C:\WINDOWS\system32\mswsock.dll
0x00007ffd1a7f0000 - 0x00007ffd1a806000 	C:\Users\Ben Tomlinson\.jdks\openjdk-23.0.2\bin\nio.dll
0x00007ffd19fc0000 - 0x00007ffd19fda000 	C:\Program Files\JetBrains\IntelliJ IDEA 2024.3.2\bin\breakgen64.dll
0x00007ffd19fb0000 - 0x00007ffd19fb9000 	C:\Users\Ben Tomlinson\.jdks\openjdk-23.0.2\bin\extnet.dll
0x00007ffd215b0000 - 0x00007ffd216d5000 	C:\WINDOWS\SYSTEM32\DNSAPI.dll
0x00007ffd21560000 - 0x00007ffd21593000 	C:\WINDOWS\SYSTEM32\IPHLPAPI.DLL
0x00007ffd240e0000 - 0x00007ffd240ea000 	C:\WINDOWS\System32\NSI.dll
0x00007ffd1c2b0000 - 0x00007ffd1c2bb000 	C:\Windows\System32\rasadhlp.dll
0x00007ffd1adc0000 - 0x00007ffd1ae45000 	C:\WINDOWS\System32\fwpuclnt.dll
0x00007ffd19f70000 - 0x00007ffd19f7a000 	C:\Users\Ben Tomlinson\.jdks\openjdk-23.0.2\bin\management.dll
0x00007ffd19930000 - 0x00007ffd1993b000 	C:\Users\Ben Tomlinson\.jdks\openjdk-23.0.2\bin\management_ext.dll
0x00007ffd24470000 - 0x00007ffd24478000 	C:\WINDOWS\System32\PSAPI.DLL
0x00007ffd18da0000 - 0x00007ffd18e1e000 	C:\Users\Ben Tomlinson\AppData\Local\Temp\lwjgl_Ben Tomlinson\3.3.6+1\x64\lwjgl.dll
0x00007ffd18390000 - 0x00007ffd18419000 	C:\Users\BENTOM~1\AppData\Local\Temp\lwjgl_Ben Tomlinson\3.3.6+1\x64\glfw.dll
0x00007ffd18970000 - 0x00007ffd189bb000 	C:\WINDOWS\SYSTEM32\dinput8.dll
0x00007ffd188e0000 - 0x00007ffd188f2000 	C:\WINDOWS\SYSTEM32\xinput1_4.dll
0x00007ffd228f0000 - 0x00007ffd2291d000 	C:\WINDOWS\SYSTEM32\DEVOBJ.dll
0x00007ffd22880000 - 0x00007ffd228df000 	C:\WINDOWS\SYSTEM32\cfgmgr32.dll
0x00007ffd1fd70000 - 0x00007ffd1fda5000 	C:\WINDOWS\SYSTEM32\dwmapi.dll
0x00007ffd14110000 - 0x00007ffd142ef000 	C:\WINDOWS\SYSTEM32\inputhost.dll
0x00007ffd1dfa0000 - 0x00007ffd1e0c6000 	C:\WINDOWS\SYSTEM32\CoreMessaging.dll
0x00007ffd1f860000 - 0x00007ffd1f90e000 	C:\WINDOWS\system32\uxtheme.dll
0x00007ffd25380000 - 0x00007ffd254db000 	C:\WINDOWS\System32\MSCTF.dll
0x00007ffd22330000 - 0x00007ffd2233c000 	C:\WINDOWS\SYSTEM32\CRYPTBASE.DLL
0x00007ffcb7cc0000 - 0x00007ffcb7dcc000 	C:\WINDOWS\SYSTEM32\opengl32.dll
0x00007ffcbc4f0000 - 0x00007ffcbc51d000 	C:\WINDOWS\SYSTEM32\GLU32.dll
0x00007ffd20250000 - 0x00007ffd20297000 	C:\WINDOWS\SYSTEM32\dxcore.dll
0x00007ffd1fb70000 - 0x00007ffd1fbcd000 	C:\WINDOWS\SYSTEM32\directxdatabasehelper.dll
0x00007ffd12b50000 - 0x00007ffd12b6a000 	C:\WINDOWS\SYSTEM32\windows.staterepositorycore.dll
0x00007ffc8dfa0000 - 0x00007ffc8f050000 	C:\WINDOWS\System32\DriverStore\FileRepository\iigd_dch.inf_amd64_fe36509fbdf2f68b\igxelpicd64.dll
0x00007ffd1fbd0000 - 0x00007ffd1fcfe000 	C:\WINDOWS\system32\dxgi.dll
0x00007ffd179b0000 - 0x00007ffd17afb000 	C:\WINDOWS\System32\DriverStore\FileRepository\iigd_dch.inf_amd64_fe36509fbdf2f68b\igdml64.dll
0x00007ffcf6210000 - 0x00007ffcf6622000 	C:\WINDOWS\System32\DriverStore\FileRepository\iigd_dch.inf_amd64_fe36509fbdf2f68b\igdgmm64.dll
0x00007ffd22c20000 - 0x00007ffd22c9f000 	C:\WINDOWS\System32\WINTRUST.dll
0x00007ffd23490000 - 0x00007ffd23607000 	C:\WINDOWS\System32\CRYPT32.dll
0x00007ffd22430000 - 0x00007ffd22443000 	C:\WINDOWS\SYSTEM32\MSASN1.dll
0x00007ffcf1c80000 - 0x00007ffcf60d0000 	C:\WINDOWS\System32\DriverStore\FileRepository\iigd_dch.inf_amd64_fe36509fbdf2f68b\igc64.dll
0x00007ffd18160000 - 0x00007ffd181bd000 	C:\Users\Ben Tomlinson\AppData\Local\Temp\lwjgl_Ben Tomlinson\3.3.6+1\x64\lwjgl_opengl.dll
0x00007ffd22310000 - 0x00007ffd2232c000 	C:\WINDOWS\SYSTEM32\CRYPTSP.dll
0x00007ffd21a90000 - 0x00007ffd21aca000 	C:\WINDOWS\system32\rsaenh.dll
0x00007ffd22110000 - 0x00007ffd2213b000 	C:\WINDOWS\SYSTEM32\USERENV.dll
0x00007ffd22550000 - 0x00007ffd22576000 	C:\WINDOWS\SYSTEM32\bcrypt.dll
0x00007ffcf6790000 - 0x00007ffcf67a8000 	C:\WINDOWS\system32\napinsp.dll
0x00007ffcf6770000 - 0x00007ffcf6782000 	C:\WINDOWS\System32\winrnr.dll
0x00007ffcf6740000 - 0x00007ffcf6762000 	C:\WINDOWS\system32\nlansp_c.dll
0x00007ffd1af50000 - 0x00007ffd1af66000 	C:\WINDOWS\system32\wshbth.dll
0x00007ffd058b0000 - 0x00007ffd058fe000 	C:\WINDOWS\SYSTEM32\pdh.dll
0x00007ffcf19b0000 - 0x00007ffcf1af6000 	C:\WINDOWS\SYSTEM32\textinputframework.dll
0x00007ffcfc0e0000 - 0x00007ffcfc3c3000 	C:\WINDOWS\SYSTEM32\CoreUIComponents.dll
0x00007ffd19890000 - 0x00007ffd198a0000 	C:\Users\Ben Tomlinson\.jdks\openjdk-23.0.2\bin\verify.dll
0x00007ffd1f500000 - 0x00007ffd1f512000 	C:\WINDOWS\System32\perfproc.dll
0x00007ffd17820000 - 0x00007ffd179ad000 	C:\Users\Ben Tomlinson\.jdks\openjdk-23.0.2\bin\awt.dll
0x00007ffd1e2e0000 - 0x00007ffd1e37c000 	C:\WINDOWS\SYSTEM32\apphelp.dll
0x00007ffd17790000 - 0x00007ffd17817000 	C:\Users\Ben Tomlinson\.jdks\openjdk-23.0.2\bin\freetype.dll
0x00007ffce8500000 - 0x00007ffce85d7000 	C:\Users\Ben Tomlinson\.jdks\openjdk-23.0.2\bin\fontmanager.dll
0x00007ffd16a30000 - 0x00007ffd16ac9000 	C:\Users\Ben Tomlinson\AppData\Local\Temp\lwjgl_Ben Tomlinson\3.3.6+1\x64\lwjgl_stb.dll

dbghelp: loaded successfully - version: 4.0.5 - missing functions: none
symbol engine: initialized successfully - sym options: 0x614 - pdb path: .;C:\Users\Ben Tomlinson\.jdks\openjdk-23.0.2\bin;C:\WINDOWS\SYSTEM32;C:\WINDOWS\WinSxS\amd64_microsoft.windows.common-controls_6595b64144ccf1df_6.0.26100.3323_none_3e088096e3344490;C:\Users\Ben Tomlinson\.jdks\openjdk-23.0.2\bin\server;C:\Program Files\JetBrains\IntelliJ IDEA 2024.3.2\bin;C:\Users\Ben Tomlinson\AppData\Local\Temp\lwjgl_Ben Tomlinson\3.3.6+1\x64;C:\Users\BENTOM~1\AppData\Local\Temp\lwjgl_Ben Tomlinson\3.3.6+1\x64;C:\WINDOWS\System32\DriverStore\FileRepository\iigd_dch.inf_amd64_fe36509fbdf2f68b

VM Arguments:
jvm_args: -javaagent:C:\Program Files\JetBrains\IntelliJ IDEA 2024.3.2\lib\idea_rt.jar=58753:C:\Program Files\JetBrains\IntelliJ IDEA 2024.3.2\bin -Dfile.encoding=UTF-8 -Dsun.stdout.encoding=UTF-8 -Dsun.stderr.encoding=UTF-8 
java_command: ECSStarter
java_class_path (initial): C:\Users\Ben Tomlinson\IdeaProjects\CS5410_BigBlueIsYou\out\production\ECSStarter;C:\Users\Ben Tomlinson\IdeaProjects\CS5410_BigBlueIsYou\lwjgl-lib\lwjgl.jar;C:\Users\Ben Tomlinson\IdeaProjects\CS5410_BigBlueIsYou\lwjgl-lib\lwjgl-stb.jar;C:\Users\Ben Tomlinson\IdeaProjects\CS5410_BigBlueIsYou\lwjgl-lib\lwjgl-glfw.jar;C:\Users\Ben Tomlinson\IdeaProjects\CS5410_BigBlueIsYou\lwjgl-lib\joml-1.10.7.jar;C:\Users\Ben Tomlinson\IdeaProjects\CS5410_BigBlueIsYou\lwjgl-lib\lwjgl-assimp.jar;C:\Users\Ben Tomlinson\IdeaProjects\CS5410_BigBlueIsYou\lwjgl-lib\lwjgl-openal.jar;C:\Users\Ben Tomlinson\IdeaProjects\CS5410_BigBlueIsYou\lwjgl-lib\lwjgl-opengl.jar;C:\Users\Ben Tomlinson\IdeaProjects\CS5410_BigBlueIsYou\lwjgl-lib\lwjgl-javadoc.jar;C:\Users\Ben Tomlinson\IdeaProjects\CS5410_BigBlueIsYou\lwjgl-lib\lwjgl-sources.jar;C:\Users\Ben Tomlinson\IdeaProjects\CS5410_BigBlueIsYou\lwjgl-lib\lwjgl-stb-javadoc.jar;C:\Users\Ben Tomlinson\IdeaProjects\CS5410_BigBlueIsYou\lwjgl-lib\lwjgl-stb-sources.jar;C:\Users\Ben Tomlinson\IdeaProjects\CS5410_BigBlueIsYou\lwjgl-lib\lwjgl-glfw-javadoc.jar;C:\Users\Ben Tomlinson\IdeaProjects\CS5410_BigBlueIsYou\lwjgl-lib\lwjgl-glfw-sources.jar;C:\Users\Ben Tomlinson\IdeaProjects\CS5410_BigBlueIsYou\lwjgl-lib\joml-1.10.7-javadoc.jar;C:\Users\Ben Tomlinson\IdeaProjects\CS5410_BigBlueIsYou\lwjgl-lib\joml-1.10.7-sources.jar;C:\Users\Ben Tomlinson\IdeaProjects\CS5410_BigBlueIsYou\lwjgl-lib\lwjgl-natives-linux.jar;C:\Users\Ben Tomlinson\IdeaProjects\CS5410_BigBlueIsYou\lwjgl-lib\lwjgl-natives-macos.jar;C:\Users\Ben Tomlinson\IdeaProjects\CS5410_BigBlueIsYou\lwjgl-lib\lwjgl-assimp-javadoc.jar;C:\Users\Ben Tomlinson\IdeaProjects\CS5410_BigBlueIsYou\lwjgl-lib\lwjgl-assimp-sources.jar;C:\Users\Ben Tomlinson\IdeaProjects\CS5410_BigBlueIsYou\lwjgl-lib\lwjgl-openal-javadoc.jar;C:\Users\Ben Tomlinson\IdeaProjects\CS5410_BigBlueIsYou\lwjgl-lib\lwjgl-openal-sources.jar;C:\Users\Ben Tomlinson\IdeaProjects\CS5410_BigBlueIsYou\lwjgl-lib\lwjgl-opengl-javadoc.jar;C:\Users\Ben Tomlinson\IdeaProjects\CS5410_BigBlueIsYou\lwjgl-lib\lwjgl-opengl-sources.jar;C:\Users\Ben Tomlinson\IdeaProjects\CS5410_BigBlueIsYou\lwjgl-lib\lwjgl-natives-windows.jar;C:\Users\Ben Tomlinson\IdeaProjects\CS5410_BigBlueIsYou\lwjgl-lib\joml-primitives-1.10.0.jar;C:\Users\Ben Tomlinson\IdeaProjects\CS5410_BigBlueIsYou\lwjgl-lib\lwjgl-stb-natives-linux.jar;C:\Users\Ben Tomlinson\IdeaProjects\CS5410_BigBlueIsYou\lwjgl-lib\lwjgl-stb-natives-macos.jar;C:\Users\Ben Tomlinson\IdeaProjects\CS5410_BigBlueIsYou\lwjgl-lib\lwjgl-glfw-natives-linux.jar;C:\Users\Ben Tomlinson\IdeaProjects\CS5410_BigBlueIsYou\lwjgl-lib\lwjgl-glfw-natives-macos.jar;C:\Users\Ben Tomlinson\IdeaProjects\CS5410_BigBlueIsYou\lwjgl-lib\lwjgl-natives-macos-arm64.jar;C:\Users\Ben Tomlinson\IdeaProjects\CS5410_BigBlueIsYou\lwjgl-lib\lwjgl-stb-natives-windows.jar;C:\Users\Ben Tomlinson\IdeaProjects\CS5410_BigBlueIsYou\lwjgl-lib\lwjgl-assimp-natives-linux.jar;C:\Users\Ben Tomlinson\IdeaProjects\CS5410_BigBlueIsYou\lwjgl-lib\lwjgl-assimp-natives-macos.jar;C:\Users\Ben Tomlinson\IdeaProjects\CS5410_BigBlueIsYou\lwjgl-lib\lwjgl-glfw-natives-windows.jar;C:\Users\Ben Tomlinson\IdeaProjects\CS5410_BigBlueIsYou\lwjgl-lib\lwjgl-openal-natives-linux.jar;C:\Users\Ben Tomlinson\IdeaProjects\CS5410_BigBlueIsYou\lwjgl-lib\lwjgl-openal-natives-macos.jar;C:\Users\Ben Tomlinson\IdeaProjects\CS5410_BigBlueIsYou\lwjgl-lib\lwjgl-opengl-natives-linux.jar;C:\Users\Ben Tomlinson\IdeaProjects\CS5410_BigBlueIsYou\lwjgl-lib\lwjgl-opengl-natives-macos.jar;C:\Users\Ben Tomlinson\IdeaProjects\CS5410_BigBlueIsYou\lwjgl-lib\lwjgl-assimp-natives-windows.jar;C:\Users\Ben Tomlinson\IdeaProjects\CS5410_BigBlueIsYou\lwjgl-lib\lwjgl-openal-natives-windows.jar;C:\Users\Ben Tomlinson\IdeaProjects\CS5410_BigBlueIsYou\lwjgl-lib\lwjgl-opengl-natives-windows.jar;C:\Users\Ben Tomlinson\IdeaProjects\CS5410_BigBlueIsYou\lwjgl-lib\lwjgl-stb-natives-macos-arm64.jar;C:\Users\Ben Tomlinson\IdeaProjects\CS5410_BigBlueIsYou\lwjgl-lib\joml-primitives-1.10.0-javadoc.jar;C:\Users\Ben Tomlinson\IdeaProjects\CS5410_BigBlueIsYou\lwjgl-lib\joml-primitives-1.10.0-sources.jar;C:\Users\Ben Tomlinson\IdeaProjects\CS5410_BigBlueIsYou\lwjgl-lib\lwjgl-glfw-natives-macos-arm64.jar;C:\Users\Ben Tomlinson\IdeaProjects\CS5410_BigBlueIsYou\lwjgl-lib\lwjgl-assimp-natives-macos-arm64.jar;C:\Users\Ben Tomlinson\IdeaProjects\CS5410_BigBlueIsYou\lwjgl-lib\lwjgl-openal-natives-macos-arm64.jar;C:\Users\Ben Tomlinson\IdeaProjects\CS5410_BigBlueIsYou\lwjgl-lib\lwjgl-opengl-natives-macos-arm64.jar;C:\Users\Ben Tomlinson\IdeaProjects\CS5410_BigBlueIsYou\google\gson-2.10.1.jar
Launcher Type: SUN_STANDARD

[Global flags]
     intx CICompilerCount                          = 15                                        {product} {ergonomic}
     uint ConcGCThreads                            = 6                                         {product} {ergonomic}
     uint G1ConcRefinementThreads                  = 23                                        {product} {ergonomic}
   size_t G1HeapRegionSize                         = 4194304                                   {product} {ergonomic}
   size_t InitialHeapSize                          = 532676608                                 {product} {ergonomic}
   size_t MarkStackSize                            = 4194304                                   {product} {ergonomic}
   size_t MarkStackSizeMax                         = 536870912                                 {product} {ergonomic}
   size_t MaxHeapSize                              = 8522825728                                {product} {ergonomic}
   size_t MaxNewSize                               = 5112856576                                {product} {ergonomic}
   size_t MinHeapDeltaBytes                        = 4194304                                   {product} {ergonomic}
   size_t MinHeapSize                              = 8388608                                   {product} {ergonomic}
    uintx NonNMethodCodeHeapSize                   = 8192000                                {pd product} {ergonomic}
    uintx NonProfiledCodeHeapSize                  = 121765888                              {pd product} {ergonomic}
    uintx ProfiledCodeHeapSize                     = 121700352                              {pd product} {ergonomic}
    uintx ReservedCodeCacheSize                    = 251658240                              {pd product} {ergonomic}
     bool SegmentedCodeCache                       = true                                      {product} {ergonomic}
   size_t SoftMaxHeapSize                          = 8522825728                             {manageable} {ergonomic}
     bool UseCompressedOops                        = true                           {product lp64_product} {ergonomic}
     bool UseG1GC                                  = true                                      {product} {ergonomic}
     bool UseLargePagesIndividualAllocation        = false                                  {pd product} {ergonomic}

Logging:
Log output configuration:
 #0: stdout all=off uptime,level,tags foldmultilines=false
 #1: stderr all=off uptime,level,tags foldmultilines=false

Environment Variables:
PATH=C:\Program Files\Oculus\Support\oculus-runtime;C:\Program Files\Common Files\Oracle\Java\javapath;C:\Windows\system32;C:\Windows;C:\Windows\System32\Wbem;C:\Windows\System32\WindowsPowerShell\v1.0\;C:\Windows\System32\OpenSSH\;C:\Program Files (x86)\NVIDIA Corporation\PhysX\Common;C:\Program Files\NVIDIA Corporation\NVIDIA NvDLISR;C:\WINDOWS\system32;C:\WINDOWS;C:\WINDOWS\System32\Wbem;C:\WINDOWS\System32\WindowsPowerShell\v1.0\;C:\WINDOWS\System32\OpenSSH\;C:\Program Files\Microsoft SQL Server\150\Tools\Binn\;C:\Program Files\Git\cmd;C:\Program Files (x86)\Windows Kits\10\Windows Performance Toolkit\;C:\Program Files\CMake\bin;C:\Program Files\LLVM\bin;C:\Program Files\nodejs\;C:\Gradle\gradle-8.12.1\bin;;%SystemRoot%\system32;%SystemRoot%;%SystemRoot%\System32\Wbem;%SYSTEMROOT%\System32\WindowsPowerShell\v1.0\;%SYSTEMROOT%\System32\OpenSSH\;C:\Users\Ben Tomlinson\AppData\Local\Programs\Python\Python311\Scripts\;C:\Users\Ben Tomlinson\AppData\Local\Programs\Python\Python311\;C:\Users\Ben Tomlinson\AppData\Local\Microsoft\WindowsApps;C:\Users\Ben Tomlinson\AppData\Local\GitHubDesktop\bin;C:\Users\Ben Tomlinson\AppData\Local\Programs\Microsoft VS Code\bin;C:\Users\Ben Tomlinson\AppData\Roaming\npm;C:\ghcup\bin;C:\Users\Ben Tomlinson\AppData\Local\Programs\cursor\resources\app\bin
USERNAME=Ben Tomlinson
OS=Windows_NT
PROCESSOR_IDENTIFIER=Intel64 Family 6 Model 183 Stepping 1, GenuineIntel
TMP=C:\Users\BENTOM~1\AppData\Local\Temp
TEMP=C:\Users\BENTOM~1\AppData\Local\Temp




Periodic native trim disabled

---------------  S Y S T E M  ---------------

OS:
 Windows 11 , 64 bit Build 26100 (10.0.26100.3323)
OS uptime: 15 days 10:59 hours
Hyper-V role detected

CPU: total 32 (initial active 32) (16 cores per cpu, 2 threads per core) family 6 model 183 stepping 1 microcode 0x11d, cx8, cmov, fxsr, ht, mmx, 3dnowpref, sse, sse2, sse3, ssse3, sse4.1, sse4.2, popcnt, lzcnt, tsc, tscinvbit, avx, avx2, aes, erms, clmul, bmi1, bmi2, adx, sha, fma, vzeroupper, clflush, clflushopt, clwb, hv, serialize, rdtscp, rdpid, fsrm, gfni, f16c, cet_ibt, cet_ss
Processor Information for the first 32 processors :
  Max Mhz: 2200, Current Mhz: 2200, Mhz Limit: 2200

Memory: 4k page, system-wide physical 32503M (16675M free)
TotalPageFile size 35063M (AvailPageFile size 16415M)
current process WorkingSet (physical memory assigned to process): 550M, peak: 558M
current process commit charge ("private bytes"): 816M, peak: 857M

vm_info: OpenJDK 64-Bit Server VM (23.0.2+7-58) for windows-amd64 JRE (23.0.2+7-58), built on 2024-11-29T09:34:55Z with MS VC++ 17.6 (VS2022)

END.
